<?xml version="1.0" encoding="UTF-8"?>
<testsuite xmlns:xsi="http://www.w3.org/2001/XMLSchema-instance" xsi:noNamespaceSchemaLocation="https://maven.apache.org/surefire/maven-surefire-plugin/xsd/surefire-test-report.xsd" name="com.nc.search.test.TestDemo" time="0.007" tests="1" errors="1" skipped="0" failures="0">
  <properties>
[...]
</properties>
  <testcase name="test" classname="com.nc.search.test.TestDemo" time="0">
    <error message="com.netflix.client.ClientException: Load balancer does not have available server for client: item-service" type="java.lang.RuntimeException">java.lang.RuntimeException: com.netflix.client.ClientException: Load balancer does not have available server for client: item-service
	at com.nc.search.test.TestDemo.test(TestDemo.java:25)
Caused by: com.netflix.client.ClientException: Load balancer does not have available server for client: item-service
	at com.nc.search.test.TestDemo.test(TestDemo.java:25)
</error>
    <system-out><![CDATA[2020-01-15 10:46:52.255  INFO 14648 --- [           main] .b.t.c.SpringBootTestContextBootstrapper : Neither @ContextConfiguration nor @ContextHierarchy found for test class [com.nc.search.test.TestDemo], using SpringBootContextLoader
2020-01-15 10:46:52.256  INFO 14648 --- [           main] o.s.t.c.support.AbstractContextLoader    : Could not detect default resource locations for test class [com.nc.search.test.TestDemo]: no resource found for suffixes {-context.xml, Context.groovy}.
2020-01-15 10:46:52.260  INFO 14648 --- [           main] .b.t.c.SpringBootTestContextBootstrapper : Loaded default TestExecutionListener class names from location [META-INF/spring.factories]: [org.springframework.boot.test.mock.mockito.MockitoTestExecutionListener, org.springframework.boot.test.mock.mockito.ResetMocksTestExecutionListener, org.springframework.boot.test.autoconfigure.restdocs.RestDocsTestExecutionListener, org.springframework.boot.test.autoconfigure.web.client.MockRestServiceServerResetTestExecutionListener, org.springframework.boot.test.autoconfigure.web.servlet.MockMvcPrintOnlyOnFailureTestExecutionListener, org.springframework.boot.test.autoconfigure.web.servlet.WebDriverTestExecutionListener, org.springframework.test.context.web.ServletTestExecutionListener, org.springframework.test.context.support.DirtiesContextBeforeModesTestExecutionListener, org.springframework.test.context.support.DependencyInjectionTestExecutionListener, org.springframework.test.context.support.DirtiesContextTestExecutionListener, org.springframework.test.context.transaction.TransactionalTestExecutionListener, org.springframework.test.context.jdbc.SqlScriptsTestExecutionListener]
2020-01-15 10:46:52.261  INFO 14648 --- [           main] .b.t.c.SpringBootTestContextBootstrapper : Using TestExecutionListeners: [org.springframework.test.context.web.ServletTestExecutionListener@565c887e, org.springframework.test.context.support.DirtiesContextBeforeModesTestExecutionListener@5c215642, org.springframework.boot.test.mock.mockito.MockitoTestExecutionListener@1317ac2c, org.springframework.boot.test.autoconfigure.SpringBootDependencyInjectionTestExecutionListener@416c1b0, org.springframework.test.context.support.DirtiesContextTestExecutionListener@363ba634, org.springframework.test.context.transaction.TransactionalTestExecutionListener@60fe75f7, org.springframework.test.context.jdbc.SqlScriptsTestExecutionListener@4e26c308, org.springframework.boot.test.mock.mockito.ResetMocksTestExecutionListener@7c8f803d, org.springframework.boot.test.autoconfigure.restdocs.RestDocsTestExecutionListener@176e839e, org.springframework.boot.test.autoconfigure.web.client.MockRestServiceServerResetTestExecutionListener@4ac0d49, org.springframework.boot.test.autoconfigure.web.servlet.MockMvcPrintOnlyOnFailureTestExecutionListener@7c6ab057, org.springframework.boot.test.autoconfigure.web.servlet.WebDriverTestExecutionListener@7ce4498f]
]]></system-out>
  </testcase>
</testsuite>