<?xml version="1.0" encoding="UTF-8"?>
<testsuite xmlns:xsi="http://www.w3.org/2001/XMLSchema-instance" xsi:noNamespaceSchemaLocation="https://maven.apache.org/surefire/maven-surefire-plugin/xsd/surefire-test-report.xsd" name="com.nc.search.test.ElasticsearchTest" time="15.443" tests="2" errors="2" skipped="0" failures="0">
  <properties>
[...]
</properties>
  <testcase name="testInsertIndex" classname="com.nc.search.test.ElasticsearchTest" time="0.071">
    <error message="None of the configured nodes are available: [{#transport#-1}{H2H-zeT7TH6bwECIsqVJ1w}{192.168.211.138}{192.168.211.138:9300}]" type="org.elasticsearch.client.transport.NoNodeAvailableException">org.elasticsearch.client.transport.NoNodeAvailableException: None of the configured nodes are available: [{#transport#-1}{H2H-zeT7TH6bwECIsqVJ1w}{192.168.211.138}{192.168.211.138:9300}]
	at com.nc.search.test.ElasticsearchTest.testInsertIndex(ElasticsearchTest.java:38)
</error>
    <system-out><![CDATA[10:46:36.979 [main] DEBUG org.springframework.test.context.junit4.SpringJUnit4ClassRunner - SpringJUnit4ClassRunner constructor called with [class com.nc.search.test.ElasticsearchTest]
10:46:36.985 [main] DEBUG org.springframework.test.context.BootstrapUtils - Instantiating CacheAwareContextLoaderDelegate from class [org.springframework.test.context.cache.DefaultCacheAwareContextLoaderDelegate]
10:46:36.992 [main] DEBUG org.springframework.test.context.BootstrapUtils - Instantiating BootstrapContext using constructor [public org.springframework.test.context.support.DefaultBootstrapContext(java.lang.Class,org.springframework.test.context.CacheAwareContextLoaderDelegate)]
10:46:37.008 [main] DEBUG org.springframework.test.context.BootstrapUtils - Instantiating TestContextBootstrapper for test class [com.nc.search.test.ElasticsearchTest] from class [org.springframework.boot.test.context.SpringBootTestContextBootstrapper]
10:46:37.019 [main] INFO org.springframework.boot.test.context.SpringBootTestContextBootstrapper - Neither @ContextConfiguration nor @ContextHierarchy found for test class [com.nc.search.test.ElasticsearchTest], using SpringBootContextLoader
10:46:37.021 [main] DEBUG org.springframework.test.context.support.AbstractContextLoader - Did not detect default resource location for test class [com.nc.search.test.ElasticsearchTest]: class path resource [com/nc/search/test/ElasticsearchTest-context.xml] does not exist
10:46:37.021 [main] DEBUG org.springframework.test.context.support.AbstractContextLoader - Did not detect default resource location for test class [com.nc.search.test.ElasticsearchTest]: class path resource [com/nc/search/test/ElasticsearchTestContext.groovy] does not exist
10:46:37.021 [main] INFO org.springframework.test.context.support.AbstractContextLoader - Could not detect default resource locations for test class [com.nc.search.test.ElasticsearchTest]: no resource found for suffixes {-context.xml, Context.groovy}.
10:46:37.063 [main] DEBUG org.springframework.test.context.support.ActiveProfilesUtils - Could not find an 'annotation declaring class' for annotation type [org.springframework.test.context.ActiveProfiles] and class [com.nc.search.test.ElasticsearchTest]
10:46:37.189 [main] DEBUG org.springframework.boot.test.context.SpringBootTestContextBootstrapper - @TestExecutionListeners is not present for class [com.nc.search.test.ElasticsearchTest]: using defaults.
10:46:37.190 [main] INFO org.springframework.boot.test.context.SpringBootTestContextBootstrapper - Loaded default TestExecutionListener class names from location [META-INF/spring.factories]: [org.springframework.boot.test.mock.mockito.MockitoTestExecutionListener, org.springframework.boot.test.mock.mockito.ResetMocksTestExecutionListener, org.springframework.boot.test.autoconfigure.restdocs.RestDocsTestExecutionListener, org.springframework.boot.test.autoconfigure.web.client.MockRestServiceServerResetTestExecutionListener, org.springframework.boot.test.autoconfigure.web.servlet.MockMvcPrintOnlyOnFailureTestExecutionListener, org.springframework.boot.test.autoconfigure.web.servlet.WebDriverTestExecutionListener, org.springframework.test.context.web.ServletTestExecutionListener, org.springframework.test.context.support.DirtiesContextBeforeModesTestExecutionListener, org.springframework.test.context.support.DependencyInjectionTestExecutionListener, org.springframework.test.context.support.DirtiesContextTestExecutionListener, org.springframework.test.context.transaction.TransactionalTestExecutionListener, org.springframework.test.context.jdbc.SqlScriptsTestExecutionListener]
10:46:37.204 [main] INFO org.springframework.boot.test.context.SpringBootTestContextBootstrapper - Using TestExecutionListeners: [org.springframework.test.context.web.ServletTestExecutionListener@63475ace, org.springframework.test.context.support.DirtiesContextBeforeModesTestExecutionListener@4988d8b8, org.springframework.boot.test.mock.mockito.MockitoTestExecutionListener@c0c2f8d, org.springframework.boot.test.autoconfigure.SpringBootDependencyInjectionTestExecutionListener@305b7c14, org.springframework.test.context.support.DirtiesContextTestExecutionListener@6913c1fb, org.springframework.test.context.transaction.TransactionalTestExecutionListener@66d18979, org.springframework.test.context.jdbc.SqlScriptsTestExecutionListener@bccb269, org.springframework.boot.test.mock.mockito.ResetMocksTestExecutionListener@609cd4d8, org.springframework.boot.test.autoconfigure.restdocs.RestDocsTestExecutionListener@17f7cd29, org.springframework.boot.test.autoconfigure.web.client.MockRestServiceServerResetTestExecutionListener@7d8704ef, org.springframework.boot.test.autoconfigure.web.servlet.MockMvcPrintOnlyOnFailureTestExecutionListener@13b6aecc, org.springframework.boot.test.autoconfigure.web.servlet.WebDriverTestExecutionListener@158a8276]
10:46:37.205 [main] DEBUG org.springframework.test.annotation.ProfileValueUtils - Retrieved @ProfileValueSourceConfiguration [null] for test class [com.nc.search.test.ElasticsearchTest]
10:46:37.206 [main] DEBUG org.springframework.test.annotation.ProfileValueUtils - Retrieved ProfileValueSource type [class org.springframework.test.annotation.SystemProfileValueSource] for class [com.nc.search.test.ElasticsearchTest]
10:46:37.207 [main] DEBUG org.springframework.test.annotation.ProfileValueUtils - Retrieved @ProfileValueSourceConfiguration [null] for test class [com.nc.search.test.ElasticsearchTest]
10:46:37.207 [main] DEBUG org.springframework.test.annotation.ProfileValueUtils - Retrieved ProfileValueSource type [class org.springframework.test.annotation.SystemProfileValueSource] for class [com.nc.search.test.ElasticsearchTest]
10:46:37.207 [main] DEBUG org.springframework.test.annotation.ProfileValueUtils - Retrieved @ProfileValueSourceConfiguration [null] for test class [com.nc.search.test.ElasticsearchTest]
10:46:37.207 [main] DEBUG org.springframework.test.annotation.ProfileValueUtils - Retrieved ProfileValueSource type [class org.springframework.test.annotation.SystemProfileValueSource] for class [com.nc.search.test.ElasticsearchTest]
10:46:37.212 [main] DEBUG org.springframework.test.context.support.AbstractDirtiesContextTestExecutionListener - Before test class: context [DefaultTestContext@757277dc testClass = ElasticsearchTest, testInstance = [null], testMethod = [null], testException = [null], mergedContextConfiguration = [WebMergedContextConfiguration@687e99d8 testClass = ElasticsearchTest, locations = '{}', classes = '{class com.nc.search.NcSearchServiceApplication, class com.nc.search.NcSearchServiceApplication}', contextInitializerClasses = '[]', activeProfiles = '{}', propertySourceLocations = '{}', propertySourceProperties = '{org.springframework.boot.test.context.SpringBootTestContextBootstrapper=true}', contextCustomizers = set[org.springframework.boot.test.context.filter.ExcludeFilterContextCustomizer@48a242ce, org.springframework.boot.test.json.DuplicateJsonObjectContextCustomizerFactory$DuplicateJsonObjectContextCustomizer@4b9e255, org.springframework.boot.test.mock.mockito.MockitoContextCustomizer@0, org.springframework.boot.test.web.client.TestRestTemplateContextCustomizer@276438c9, org.springframework.boot.test.autoconfigure.properties.PropertyMappingContextCustomizer@0, org.springframework.boot.test.autoconfigure.web.servlet.WebDriverContextCustomizerFactory$Customizer@11c20519], resourceBasePath = 'src/main/webapp', contextLoader = 'org.springframework.boot.test.context.SpringBootContextLoader', parent = [null]], attributes = map['org.springframework.test.context.web.ServletTestExecutionListener.activateListener' -> true]], class annotated with @DirtiesContext [false] with mode [null].
10:46:37.212 [main] DEBUG org.springframework.test.annotation.ProfileValueUtils - Retrieved @ProfileValueSourceConfiguration [null] for test class [com.nc.search.test.ElasticsearchTest]
10:46:37.212 [main] DEBUG org.springframework.test.annotation.ProfileValueUtils - Retrieved ProfileValueSource type [class org.springframework.test.annotation.SystemProfileValueSource] for class [com.nc.search.test.ElasticsearchTest]
10:46:37.230 [main] DEBUG org.springframework.core.env.StandardEnvironment - Adding PropertySource 'systemProperties' with lowest search precedence
10:46:37.230 [main] DEBUG org.springframework.core.env.StandardEnvironment - Adding PropertySource 'systemEnvironment' with lowest search precedence
10:46:37.231 [main] DEBUG org.springframework.core.env.StandardEnvironment - Initialized StandardEnvironment with PropertySources [MapPropertySource@255334292 {name='systemProperties', properties={java.runtime.name=Java(TM) SE Runtime Environment, sun.boot.library.path=D:\jdk\JDK8_64\jre\bin, java.vm.version=25.40-b25, java.vm.vendor=Oracle Corporation, java.vendor.url=http://java.oracle.com/, path.separator=;, java.vm.name=Java HotSpot(TM) 64-Bit Server VM, file.encoding.pkg=sun.io, user.country=CN, user.script=, sun.java.launcher=SUN_STANDARD, sun.os.patch.level=, java.vm.specification.name=Java Virtual Machine Specification, user.dir=F:\nc_parent\nc-search, java.runtime.version=1.8.0_40-b25, basedir=F:\nc_parent\nc-search, java.awt.graphicsenv=sun.awt.Win32GraphicsEnvironment, java.endorsed.dirs=D:\jdk\JDK8_64\jre\lib\endorsed, os.arch=amd64, surefire.real.class.path=C:\Users\YUEZHI~1\AppData\Local\Temp\surefire1642603073623855354\surefirebooter7670145833534765261.jar, java.io.tmpdir=C:\Users\YUEZHI~1\AppData\Local\Temp\, line.separator=
, java.vm.specification.vendor=Oracle Corporation, user.variant=, os.name=Windows 8.1, sun.jnu.encoding=GBK, java.library.path=D:\jdk\JDK8_64\jre\bin;C:\WINDOWS\Sun\Java\bin;C:\WINDOWS\system32;C:\WINDOWS;C:\WINDOWS\system32;C:\WINDOWS;C:\WINDOWS\System32\Wbem;C:\WINDOWS\System32\WindowsPowerShell\v1.0\;C:\Program Files (x86)\NVIDIA Corporation\PhysX\Common;D:\jdk\JDK8_64\bin;C:\Program Files\Intel\WiFi\bin\;C:\Program Files\Common Files\Intel\WirelessCommon\;C:\Program Files\MySQL\MySQL Utilities 1.6\;C:\WINDOWS\system32;C:\WINDOWS;C:\WINDOWS\System32\Wbem;C:\WINDOWS\System32\WindowsPowerShell\v1.0\;C:\WINDOWS\System32\OpenSSH\;C:\Program Files\Crucial\Crucial Storage Executive;D:\apache\apache-maven-3.6.1\bin;D:\nodejs\;C:\Program Files\MySQL\MySQL Shell 8.0\bin\;C:\Program Files\Intel\WiFi\bin\;C:\Program Files\Common Files\Intel\WirelessCommon\;C:\Users\Yuezhiwei\AppData\Local\Microsoft\WindowsApps;;D:\IntelliJ IDEA 2019.1.3\bin;;C:\Users\Yuezhiwei\AppData\Roaming\npm;., surefire.test.class.path=F:\nc_parent\nc-search\target\test-classes;F:\nc_parent\nc-search\target\classes;E:\Maven\repository\org\springframework\boot\spring-boot-starter-web\2.0.7.RELEASE\spring-boot-starter-web-2.0.7.RELEASE.jar;E:\Maven\repository\org\springframework\boot\spring-boot-starter\2.0.7.RELEASE\spring-boot-starter-2.0.7.RELEASE.jar;E:\Maven\repository\org\springframework\boot\spring-boot\2.0.7.RELEASE\spring-boot-2.0.7.RELEASE.jar;E:\Maven\repository\org\springframework\boot\spring-boot-autoconfigure\2.0.7.RELEASE\spring-boot-autoconfigure-2.0.7.RELEASE.jar;E:\Maven\repository\org\springframework\boot\spring-boot-starter-logging\2.0.7.RELEASE\spring-boot-starter-logging-2.0.7.RELEASE.jar;E:\Maven\repository\ch\qos\logback\logback-classic\1.2.3\logback-classic-1.2.3.jar;E:\Maven\repository\ch\qos\logback\logback-core\1.2.3\logback-core-1.2.3.jar;E:\Maven\repository\org\apache\logging\log4j\log4j-to-slf4j\2.10.0\log4j-to-slf4j-2.10.0.jar;E:\Maven\repository\org\slf4j\jul-to-slf4j\1.7.25\jul-to-slf4j-1.7.25.jar;E:\Maven\repository\javax\annotation\javax.annotation-api\1.3.2\javax.annotation-api-1.3.2.jar;E:\Maven\repository\org\yaml\snakeyaml\1.19\snakeyaml-1.19.jar;E:\Maven\repository\org\springframework\boot\spring-boot-starter-json\2.0.7.RELEASE\spring-boot-starter-json-2.0.7.RELEASE.jar;E:\Maven\repository\com\fasterxml\jackson\core\jackson-databind\2.9.7\jackson-databind-2.9.7.jar;E:\Maven\repository\com\fasterxml\jackson\datatype\jackson-datatype-jdk8\2.9.7\jackson-datatype-jdk8-2.9.7.jar;E:\Maven\repository\com\fasterxml\jackson\datatype\jackson-datatype-jsr310\2.9.7\jackson-datatype-jsr310-2.9.7.jar;E:\Maven\repository\com\fasterxml\jackson\module\jackson-module-parameter-names\2.9.7\jackson-module-parameter-names-2.9.7.jar;E:\Maven\repository\org\springframework\boot\spring-boot-starter-tomcat\2.0.7.RELEASE\spring-boot-starter-tomcat-2.0.7.RELEASE.jar;E:\Maven\repository\org\apache\tomcat\embed\tomcat-embed-core\8.5.35\tomcat-embed-core-8.5.35.jar;E:\Maven\repository\org\apache\tomcat\embed\tomcat-embed-el\8.5.35\tomcat-embed-el-8.5.35.jar;E:\Maven\repository\org\apache\tomcat\embed\tomcat-embed-websocket\8.5.35\tomcat-embed-websocket-8.5.35.jar;E:\Maven\repository\org\hibernate\validator\hibernate-validator\6.0.13.Final\hibernate-validator-6.0.13.Final.jar;E:\Maven\repository\javax\validation\validation-api\2.0.1.Final\validation-api-2.0.1.Final.jar;E:\Maven\repository\org\jboss\logging\jboss-logging\3.3.2.Final\jboss-logging-3.3.2.Final.jar;E:\Maven\repository\com\fasterxml\classmate\1.3.4\classmate-1.3.4.jar;E:\Maven\repository\org\springframework\spring-web\5.0.11.RELEASE\spring-web-5.0.11.RELEASE.jar;E:\Maven\repository\org\springframework\spring-beans\5.0.11.RELEASE\spring-beans-5.0.11.RELEASE.jar;E:\Maven\repository\org\springframework\spring-webmvc\5.0.11.RELEASE\spring-webmvc-5.0.11.RELEASE.jar;E:\Maven\repository\org\springframework\spring-aop\5.0.11.RELEASE\spring-aop-5.0.11.RELEASE.jar;E:\Maven\repository\org\springframework\spring-context\5.0.11.RELEASE\spring-context-5.0.11.RELEASE.jar;E:\Maven\repository\org\springframework\spring-expression\5.0.11.RELEASE\spring-expression-5.0.11.RELEASE.jar;E:\Maven\repository\org\springframework\boot\spring-boot-starter-data-elasticsearch\2.0.7.RELEASE\spring-boot-starter-data-elasticsearch-2.0.7.RELEASE.jar;E:\Maven\repository\org\springframework\data\spring-data-elasticsearch\3.0.12.RELEASE\spring-data-elasticsearch-3.0.12.RELEASE.jar;E:\Maven\repository\org\springframework\spring-tx\5.0.11.RELEASE\spring-tx-5.0.11.RELEASE.jar;E:\Maven\repository\org\springframework\data\spring-data-commons\2.0.12.RELEASE\spring-data-commons-2.0.12.RELEASE.jar;E:\Maven\repository\joda-time\joda-time\2.9.9\joda-time-2.9.9.jar;E:\Maven\repository\org\elasticsearch\client\transport\5.6.13\transport-5.6.13.jar;E:\Maven\repository\org\elasticsearch\elasticsearch\5.6.13\elasticsearch-5.6.13.jar;E:\Maven\repository\org\apache\lucene\lucene-core\6.6.1\lucene-core-6.6.1.jar;E:\Maven\repository\org\apache\lucene\lucene-analyzers-common\6.6.1\lucene-analyzers-common-6.6.1.jar;E:\Maven\repository\org\apache\lucene\lucene-backward-codecs\6.6.1\lucene-backward-codecs-6.6.1.jar;E:\Maven\repository\org\apache\lucene\lucene-grouping\6.6.1\lucene-grouping-6.6.1.jar;E:\Maven\repository\org\apache\lucene\lucene-highlighter\6.6.1\lucene-highlighter-6.6.1.jar;E:\Maven\repository\org\apache\lucene\lucene-join\6.6.1\lucene-join-6.6.1.jar;E:\Maven\repository\org\apache\lucene\lucene-memory\6.6.1\lucene-memory-6.6.1.jar;E:\Maven\repository\org\apache\lucene\lucene-misc\6.6.1\lucene-misc-6.6.1.jar;E:\Maven\repository\org\apache\lucene\lucene-queries\6.6.1\lucene-queries-6.6.1.jar;E:\Maven\repository\org\apache\lucene\lucene-queryparser\6.6.1\lucene-queryparser-6.6.1.jar;E:\Maven\repository\org\apache\lucene\lucene-sandbox\6.6.1\lucene-sandbox-6.6.1.jar;E:\Maven\repository\org\apache\lucene\lucene-spatial\6.6.1\lucene-spatial-6.6.1.jar;E:\Maven\repository\org\apache\lucene\lucene-spatial-extras\6.6.1\lucene-spatial-extras-6.6.1.jar;E:\Maven\repository\org\apache\lucene\lucene-spatial3d\6.6.1\lucene-spatial3d-6.6.1.jar;E:\Maven\repository\org\apache\lucene\lucene-suggest\6.6.1\lucene-suggest-6.6.1.jar;E:\Maven\repository\org\elasticsearch\securesm\1.2\securesm-1.2.jar;E:\Maven\repository\net\sf\jopt-simple\jopt-simple\5.0.2\jopt-simple-5.0.2.jar;E:\Maven\repository\com\carrotsearch\hppc\0.7.1\hppc-0.7.1.jar;E:\Maven\repository\com\fasterxml\jackson\dataformat\jackson-dataformat-smile\2.9.7\jackson-dataformat-smile-2.9.7.jar;E:\Maven\repository\com\fasterxml\jackson\dataformat\jackson-dataformat-yaml\2.9.7\jackson-dataformat-yaml-2.9.7.jar;E:\Maven\repository\com\fasterxml\jackson\dataformat\jackson-dataformat-cbor\2.9.7\jackson-dataformat-cbor-2.9.7.jar;E:\Maven\repository\com\tdunning\t-digest\3.0\t-digest-3.0.jar;E:\Maven\repository\org\elasticsearch\plugin\reindex-client\5.6.13\reindex-client-5.6.13.jar;E:\Maven\repository\org\elasticsearch\client\elasticsearch-rest-client\5.6.13\elasticsearch-rest-client-5.6.13.jar;E:\Maven\repository\org\apache\httpcomponents\httpasyncclient\4.1.4\httpasyncclient-4.1.4.jar;E:\Maven\repository\org\apache\httpcomponents\httpcore-nio\4.4.10\httpcore-nio-4.4.10.jar;E:\Maven\repository\org\elasticsearch\plugin\lang-mustache-client\5.6.13\lang-mustache-client-5.6.13.jar;E:\Maven\repository\com\github\spullara\mustache\java\compiler\0.9.3\compiler-0.9.3.jar;E:\Maven\repository\org\elasticsearch\plugin\percolator-client\5.6.13\percolator-client-5.6.13.jar;E:\Maven\repository\org\elasticsearch\plugin\parent-join-client\5.6.13\parent-join-client-5.6.13.jar;E:\Maven\repository\org\elasticsearch\plugin\transport-netty4-client\5.6.13\transport-netty4-client-5.6.13.jar;E:\Maven\repository\io\netty\netty-buffer\4.1.31.Final\netty-buffer-4.1.31.Final.jar;E:\Maven\repository\io\netty\netty-codec\4.1.31.Final\netty-codec-4.1.31.Final.jar;E:\Maven\repository\io\netty\netty-codec-http\4.1.31.Final\netty-codec-http-4.1.31.Final.jar;E:\Maven\repository\io\netty\netty-common\4.1.31.Final\netty-common-4.1.31.Final.jar;E:\Maven\repository\io\netty\netty-handler\4.1.31.Final\netty-handler-4.1.31.Final.jar;E:\Maven\repository\io\netty\netty-resolver\4.1.31.Final\netty-resolver-4.1.31.Final.jar;E:\Maven\repository\io\netty\netty-transport\4.1.31.Final\netty-transport-4.1.31.Final.jar;E:\Maven\repository\org\locationtech\spatial4j\spatial4j\0.6\spatial4j-0.6.jar;E:\Maven\repository\com\vividsolutions\jts\1.13\jts-1.13.jar;E:\Maven\repository\org\apache\logging\log4j\log4j-api\2.10.0\log4j-api-2.10.0.jar;E:\Maven\repository\org\elasticsearch\jna\4.4.0-1\jna-4.4.0-1.jar;E:\Maven\repository\com\fasterxml\jackson\core\jackson-core\2.9.7\jackson-core-2.9.7.jar;E:\Maven\repository\org\springframework\cloud\spring-cloud-starter-netflix-eureka-client\2.0.2.RELEASE\spring-cloud-starter-netflix-eureka-client-2.0.2.RELEASE.jar;E:\Maven\repository\org\springframework\cloud\spring-cloud-starter\2.0.2.RELEASE\spring-cloud-starter-2.0.2.RELEASE.jar;E:\Maven\repository\org\springframework\cloud\spring-cloud-context\2.0.2.RELEASE\spring-cloud-context-2.0.2.RELEASE.jar;E:\Maven\repository\org\springframework\security\spring-security-rsa\1.0.7.RELEASE\spring-security-rsa-1.0.7.RELEASE.jar;E:\Maven\repository\org\bouncycastle\bcpkix-jdk15on\1.60\bcpkix-jdk15on-1.60.jar;E:\Maven\repository\org\bouncycastle\bcprov-jdk15on\1.60\bcprov-jdk15on-1.60.jar;E:\Maven\repository\org\springframework\cloud\spring-cloud-netflix-core\2.0.2.RELEASE\spring-cloud-netflix-core-2.0.2.RELEASE.jar;E:\Maven\repository\org\springframework\boot\spring-boot-starter-aop\2.0.7.RELEASE\spring-boot-starter-aop-2.0.7.RELEASE.jar;E:\Maven\repository\org\aspectj\aspectjweaver\1.8.13\aspectjweaver-1.8.13.jar;E:\Maven\repository\org\springframework\cloud\spring-cloud-netflix-eureka-client\2.0.2.RELEASE\spring-cloud-netflix-eureka-client-2.0.2.RELEASE.jar;E:\Maven\repository\com\netflix\eureka\eureka-client\1.9.3\eureka-client-1.9.3.jar;E:\Maven\repository\org\codehaus\jettison\jettison\1.3.7\jettison-1.3.7.jar;E:\Maven\repository\stax\stax-api\1.0.1\stax-api-1.0.1.jar;E:\Maven\repository\com\netflix\netflix-commons\netflix-eventbus\0.3.0\netflix-eventbus-0.3.0.jar;E:\Maven\repository\com\netflix\netflix-commons\netflix-infix\0.3.0\netflix-infix-0.3.0.jar;E:\Maven\repository\commons-jxpath\commons-jxpath\1.3\commons-jxpath-1.3.jar;E:\Maven\repository\org\antlr\antlr-runtime\3.4\antlr-runtime-3.4.jar;E:\Maven\repository\org\antlr\stringtemplate\3.2.1\stringtemplate-3.2.1.jar;E:\Maven\repository\antlr\antlr\2.7.7\antlr-2.7.7.jar;E:\Maven\repository\com\google\code\gson\gson\2.8.5\gson-2.8.5.jar;E:\Maven\repository\org\apache\commons\commons-math\2.2\commons-math-2.2.jar;E:\Maven\repository\com\netflix\archaius\archaius-core\0.7.6\archaius-core-0.7.6.jar;E:\Maven\repository\com\google\guava\guava\16.0\guava-16.0.jar;E:\Maven\repository\javax\ws\rs\jsr311-api\1.1.1\jsr311-api-1.1.1.jar;E:\Maven\repository\com\netflix\servo\servo-core\0.12.21\servo-core-0.12.21.jar;E:\Maven\repository\com\sun\jersey\jersey-core\1.19.1\jersey-core-1.19.1.jar;E:\Maven\repository\com\sun\jersey\jersey-client\1.19.1\jersey-client-1.19.1.jar;E:\Maven\repository\com\sun\jersey\contribs\jersey-apache-client4\1.19.1\jersey-apache-client4-1.19.1.jar;E:\Maven\repository\org\apache\httpcomponents\httpclient\4.5.6\httpclient-4.5.6.jar;E:\Maven\repository\org\apache\httpcomponents\httpcore\4.4.10\httpcore-4.4.10.jar;E:\Maven\repository\com\google\inject\guice\4.1.0\guice-4.1.0.jar;E:\Maven\repository\javax\inject\javax.inject\1\javax.inject-1.jar;E:\Maven\repository\aopalliance\aopalliance\1.0\aopalliance-1.0.jar;E:\Maven\repository\com\github\vlsi\compactmap\compactmap\1.2.1\compactmap-1.2.1.jar;E:\Maven\repository\com\github\andrewoma\dexx\dexx-collections\0.2\dexx-collections-0.2.jar;E:\Maven\repository\com\fasterxml\jackson\core\jackson-annotations\2.9.0\jackson-annotations-2.9.0.jar;E:\Maven\repository\com\netflix\eureka\eureka-core\1.9.3\eureka-core-1.9.3.jar;E:\Maven\repository\org\codehaus\woodstox\woodstox-core-asl\4.4.1\woodstox-core-asl-4.4.1.jar;E:\Maven\repository\javax\xml\stream\stax-api\1.0-2\stax-api-1.0-2.jar;E:\Maven\repository\org\codehaus\woodstox\stax2-api\3.1.4\stax2-api-3.1.4.jar;E:\Maven\repository\org\springframework\cloud\spring-cloud-starter-netflix-archaius\2.0.2.RELEASE\spring-cloud-starter-netflix-archaius-2.0.2.RELEASE.jar;E:\Maven\repository\org\springframework\cloud\spring-cloud-netflix-ribbon\2.0.2.RELEASE\spring-cloud-netflix-ribbon-2.0.2.RELEASE.jar;E:\Maven\repository\org\springframework\cloud\spring-cloud-netflix-archaius\2.0.2.RELEASE\spring-cloud-netflix-archaius-2.0.2.RELEASE.jar;E:\Maven\repository\commons-configuration\commons-configuration\1.8\commons-configuration-1.8.jar;E:\Maven\repository\commons-lang\commons-lang\2.6\commons-lang-2.6.jar;E:\Maven\repository\org\springframework\cloud\spring-cloud-starter-netflix-ribbon\2.0.2.RELEASE\spring-cloud-starter-netflix-ribbon-2.0.2.RELEASE.jar;E:\Maven\repository\com\netflix\ribbon\ribbon\2.2.5\ribbon-2.2.5.jar;E:\Maven\repository\com\netflix\ribbon\ribbon-transport\2.2.5\ribbon-transport-2.2.5.jar;E:\Maven\repository\io\reactivex\rxnetty-contexts\0.4.9\rxnetty-contexts-0.4.9.jar;E:\Maven\repository\io\reactivex\rxnetty-servo\0.4.9\rxnetty-servo-0.4.9.jar;E:\Maven\repository\io\reactivex\rxnetty\0.4.9\rxnetty-0.4.9.jar;E:\Maven\repository\com\netflix\ribbon\ribbon-core\2.2.5\ribbon-core-2.2.5.jar;E:\Maven\repository\com\netflix\ribbon\ribbon-httpclient\2.2.5\ribbon-httpclient-2.2.5.jar;E:\Maven\repository\commons-collections\commons-collections\3.2.2\commons-collections-3.2.2.jar;E:\Maven\repository\com\netflix\netflix-commons\netflix-commons-util\0.3.0\netflix-commons-util-0.3.0.jar;E:\Maven\repository\com\netflix\ribbon\ribbon-loadbalancer\2.2.5\ribbon-loadbalancer-2.2.5.jar;E:\Maven\repository\com\netflix\netflix-commons\netflix-statistics\0.1.1\netflix-statistics-0.1.1.jar;E:\Maven\repository\io\reactivex\rxjava\1.3.8\rxjava-1.3.8.jar;E:\Maven\repository\com\netflix\ribbon\ribbon-eureka\2.2.5\ribbon-eureka-2.2.5.jar;E:\Maven\repository\com\thoughtworks\xstream\xstream\1.4.10\xstream-1.4.10.jar;E:\Maven\repository\xmlpull\xmlpull\1.1.3.1\xmlpull-1.1.3.1.jar;E:\Maven\repository\xpp3\xpp3_min\1.1.4c\xpp3_min-1.1.4c.jar;E:\Maven\repository\org\springframework\cloud\spring-cloud-starter-openfeign\2.0.2.RELEASE\spring-cloud-starter-openfeign-2.0.2.RELEASE.jar;E:\Maven\repository\org\springframework\cloud\spring-cloud-openfeign-core\2.0.2.RELEASE\spring-cloud-openfeign-core-2.0.2.RELEASE.jar;E:\Maven\repository\io\github\openfeign\form\feign-form-spring\3.3.0\feign-form-spring-3.3.0.jar;E:\Maven\repository\io\github\openfeign\form\feign-form\3.3.0\feign-form-3.3.0.jar;E:\Maven\repository\com\google\code\findbugs\annotations\3.0.1\annotations-3.0.1.jar;E:\Maven\repository\net\jcip\jcip-annotations\1.0\jcip-annotations-1.0.jar;E:\Maven\repository\com\google\code\findbugs\jsr305\3.0.1\jsr305-3.0.1.jar;E:\Maven\repository\commons-fileupload\commons-fileupload\1.3.3\commons-fileupload-1.3.3.jar;E:\Maven\repository\commons-io\commons-io\2.2\commons-io-2.2.jar;E:\Maven\repository\org\springframework\cloud\spring-cloud-commons\2.0.2.RELEASE\spring-cloud-commons-2.0.2.RELEASE.jar;E:\Maven\repository\org\springframework\security\spring-security-crypto\5.0.10.RELEASE\spring-security-crypto-5.0.10.RELEASE.jar;E:\Maven\repository\io\github\openfeign\feign-core\9.7.0\feign-core-9.7.0.jar;E:\Maven\repository\io\github\openfeign\feign-slf4j\9.7.0\feign-slf4j-9.7.0.jar;E:\Maven\repository\io\github\openfeign\feign-hystrix\9.7.0\feign-hystrix-9.7.0.jar;E:\Maven\repository\com\netflix\hystrix\hystrix-core\1.5.12\hystrix-core-1.5.12.jar;E:\Maven\repository\org\hdrhistogram\HdrHistogram\2.1.9\HdrHistogram-2.1.9.jar;E:\Maven\repository\io\github\openfeign\feign-java8\9.7.0\feign-java8-9.7.0.jar;E:\Maven\repository\org\springframework\boot\spring-boot-starter-amqp\2.0.7.RELEASE\spring-boot-starter-amqp-2.0.7.RELEASE.jar;E:\Maven\repository\org\springframework\spring-messaging\5.0.11.RELEASE\spring-messaging-5.0.11.RELEASE.jar;E:\Maven\repository\org\springframework\amqp\spring-rabbit\2.0.10.RELEASE\spring-rabbit-2.0.10.RELEASE.jar;E:\Maven\repository\org\springframework\amqp\spring-amqp\2.0.10.RELEASE\spring-amqp-2.0.10.RELEASE.jar;E:\Maven\repository\org\springframework\retry\spring-retry\1.2.2.RELEASE\spring-retry-1.2.2.RELEASE.jar;E:\Maven\repository\com\rabbitmq\amqp-client\5.4.3\amqp-client-5.4.3.jar;F:\nc_parent\nc-item\nc-item-interface\target\nc-item-interface-1.0-SNAPSHOT.jar;E:\Maven\repository\javax\persistence\persistence-api\1.0\persistence-api-1.0.jar;F:\nc_parent\nc-common\target\nc-common-1.0-SNAPSHOT.jar;E:\Maven\repository\org\apache\commons\commons-lang3\3.7\commons-lang3-3.7.jar;E:\Maven\repository\commons-codec\commons-codec\1.11\commons-codec-1.11.jar;E:\Maven\repository\org\slf4j\slf4j-api\1.7.25\slf4j-api-1.7.25.jar;E:\Maven\repository\org\springframework\boot\spring-boot-starter-test\2.0.7.RELEASE\spring-boot-starter-test-2.0.7.RELEASE.jar;E:\Maven\repository\org\springframework\boot\spring-boot-test\2.0.7.RELEASE\spring-boot-test-2.0.7.RELEASE.jar;E:\Maven\repository\org\springframework\boot\spring-boot-test-autoconfigure\2.0.7.RELEASE\spring-boot-test-autoconfigure-2.0.7.RELEASE.jar;E:\Maven\repository\com\jayway\jsonpath\json-path\2.4.0\json-path-2.4.0.jar;E:\Maven\repository\net\minidev\json-smart\2.3\json-smart-2.3.jar;E:\Maven\repository\net\minidev\accessors-smart\1.2\accessors-smart-1.2.jar;E:\Maven\repository\org\ow2\asm\asm\5.0.4\asm-5.0.4.jar;E:\Maven\repository\junit\junit\4.12\junit-4.12.jar;E:\Maven\repository\org\assertj\assertj-core\3.9.1\assertj-core-3.9.1.jar;E:\Maven\repository\org\mockito\mockito-core\2.15.0\mockito-core-2.15.0.jar;E:\Maven\repository\net\bytebuddy\byte-buddy\1.7.11\byte-buddy-1.7.11.jar;E:\Maven\repository\net\bytebuddy\byte-buddy-agent\1.7.11\byte-buddy-agent-1.7.11.jar;E:\Maven\repository\org\objenesis\objenesis\2.6\objenesis-2.6.jar;E:\Maven\repository\org\hamcrest\hamcrest-core\1.3\hamcrest-core-1.3.jar;E:\Maven\repository\org\hamcrest\hamcrest-library\1.3\hamcrest-library-1.3.jar;E:\Maven\repository\org\skyscreamer\jsonassert\1.5.0\jsonassert-1.5.0.jar;E:\Maven\repository\com\vaadin\external\google\android-json\0.0.20131108.vaadin1\android-json-0.0.20131108.vaadin1.jar;E:\Maven\repository\org\springframework\spring-core\5.0.11.RELEASE\spring-core-5.0.11.RELEASE.jar;E:\Maven\repository\org\springframework\spring-jcl\5.0.11.RELEASE\spring-jcl-5.0.11.RELEASE.jar;E:\Maven\repository\org\springframework\spring-test\5.0.11.RELEASE\spring-test-5.0.11.RELEASE.jar;E:\Maven\repository\org\xmlunit\xmlunit-core\2.5.1\xmlunit-core-2.5.1.jar;, java.specification.name=Java Platform API Specification, java.class.version=52.0, sun.management.compiler=HotSpot 64-Bit Tiered Compilers, os.version=6.3, user.home=C:\Users\Yuezhiwei, user.timezone=Asia/Shanghai, java.awt.printerjob=sun.awt.windows.WPrinterJob, file.encoding=GBK, java.specification.version=1.8, java.class.path=F:\nc_parent\nc-search\target\test-classes;F:\nc_parent\nc-search\target\classes;E:\Maven\repository\org\springframework\boot\spring-boot-starter-web\2.0.7.RELEASE\spring-boot-starter-web-2.0.7.RELEASE.jar;E:\Maven\repository\org\springframework\boot\spring-boot-starter\2.0.7.RELEASE\spring-boot-starter-2.0.7.RELEASE.jar;E:\Maven\repository\org\springframework\boot\spring-boot\2.0.7.RELEASE\spring-boot-2.0.7.RELEASE.jar;E:\Maven\repository\org\springframework\boot\spring-boot-autoconfigure\2.0.7.RELEASE\spring-boot-autoconfigure-2.0.7.RELEASE.jar;E:\Maven\repository\org\springframework\boot\spring-boot-starter-logging\2.0.7.RELEASE\spring-boot-starter-logging-2.0.7.RELEASE.jar;E:\Maven\repository\ch\qos\logback\logback-classic\1.2.3\logback-classic-1.2.3.jar;E:\Maven\repository\ch\qos\logback\logback-core\1.2.3\logback-core-1.2.3.jar;E:\Maven\repository\org\apache\logging\log4j\log4j-to-slf4j\2.10.0\log4j-to-slf4j-2.10.0.jar;E:\Maven\repository\org\slf4j\jul-to-slf4j\1.7.25\jul-to-slf4j-1.7.25.jar;E:\Maven\repository\javax\annotation\javax.annotation-api\1.3.2\javax.annotation-api-1.3.2.jar;E:\Maven\repository\org\yaml\snakeyaml\1.19\snakeyaml-1.19.jar;E:\Maven\repository\org\springframework\boot\spring-boot-starter-json\2.0.7.RELEASE\spring-boot-starter-json-2.0.7.RELEASE.jar;E:\Maven\repository\com\fasterxml\jackson\core\jackson-databind\2.9.7\jackson-databind-2.9.7.jar;E:\Maven\repository\com\fasterxml\jackson\datatype\jackson-datatype-jdk8\2.9.7\jackson-datatype-jdk8-2.9.7.jar;E:\Maven\repository\com\fasterxml\jackson\datatype\jackson-datatype-jsr310\2.9.7\jackson-datatype-jsr310-2.9.7.jar;E:\Maven\repository\com\fasterxml\jackson\module\jackson-module-parameter-names\2.9.7\jackson-module-parameter-names-2.9.7.jar;E:\Maven\repository\org\springframework\boot\spring-boot-starter-tomcat\2.0.7.RELEASE\spring-boot-starter-tomcat-2.0.7.RELEASE.jar;E:\Maven\repository\org\apache\tomcat\embed\tomcat-embed-core\8.5.35\tomcat-embed-core-8.5.35.jar;E:\Maven\repository\org\apache\tomcat\embed\tomcat-embed-el\8.5.35\tomcat-embed-el-8.5.35.jar;E:\Maven\repository\org\apache\tomcat\embed\tomcat-embed-websocket\8.5.35\tomcat-embed-websocket-8.5.35.jar;E:\Maven\repository\org\hibernate\validator\hibernate-validator\6.0.13.Final\hibernate-validator-6.0.13.Final.jar;E:\Maven\repository\javax\validation\validation-api\2.0.1.Final\validation-api-2.0.1.Final.jar;E:\Maven\repository\org\jboss\logging\jboss-logging\3.3.2.Final\jboss-logging-3.3.2.Final.jar;E:\Maven\repository\com\fasterxml\classmate\1.3.4\classmate-1.3.4.jar;E:\Maven\repository\org\springframework\spring-web\5.0.11.RELEASE\spring-web-5.0.11.RELEASE.jar;E:\Maven\repository\org\springframework\spring-beans\5.0.11.RELEASE\spring-beans-5.0.11.RELEASE.jar;E:\Maven\repository\org\springframework\spring-webmvc\5.0.11.RELEASE\spring-webmvc-5.0.11.RELEASE.jar;E:\Maven\repository\org\springframework\spring-aop\5.0.11.RELEASE\spring-aop-5.0.11.RELEASE.jar;E:\Maven\repository\org\springframework\spring-context\5.0.11.RELEASE\spring-context-5.0.11.RELEASE.jar;E:\Maven\repository\org\springframework\spring-expression\5.0.11.RELEASE\spring-expression-5.0.11.RELEASE.jar;E:\Maven\repository\org\springframework\boot\spring-boot-starter-data-elasticsearch\2.0.7.RELEASE\spring-boot-starter-data-elasticsearch-2.0.7.RELEASE.jar;E:\Maven\repository\org\springframework\data\spring-data-elasticsearch\3.0.12.RELEASE\spring-data-elasticsearch-3.0.12.RELEASE.jar;E:\Maven\repository\org\springframework\spring-tx\5.0.11.RELEASE\spring-tx-5.0.11.RELEASE.jar;E:\Maven\repository\org\springframework\data\spring-data-commons\2.0.12.RELEASE\spring-data-commons-2.0.12.RELEASE.jar;E:\Maven\repository\joda-time\joda-time\2.9.9\joda-time-2.9.9.jar;E:\Maven\repository\org\elasticsearch\client\transport\5.6.13\transport-5.6.13.jar;E:\Maven\repository\org\elasticsearch\elasticsearch\5.6.13\elasticsearch-5.6.13.jar;E:\Maven\repository\org\apache\lucene\lucene-core\6.6.1\lucene-core-6.6.1.jar;E:\Maven\repository\org\apache\lucene\lucene-analyzers-common\6.6.1\lucene-analyzers-common-6.6.1.jar;E:\Maven\repository\org\apache\lucene\lucene-backward-codecs\6.6.1\lucene-backward-codecs-6.6.1.jar;E:\Maven\repository\org\apache\lucene\lucene-grouping\6.6.1\lucene-grouping-6.6.1.jar;E:\Maven\repository\org\apache\lucene\lucene-highlighter\6.6.1\lucene-highlighter-6.6.1.jar;E:\Maven\repository\org\apache\lucene\lucene-join\6.6.1\lucene-join-6.6.1.jar;E:\Maven\repository\org\apache\lucene\lucene-memory\6.6.1\lucene-memory-6.6.1.jar;E:\Maven\repository\org\apache\lucene\lucene-misc\6.6.1\lucene-misc-6.6.1.jar;E:\Maven\repository\org\apache\lucene\lucene-queries\6.6.1\lucene-queries-6.6.1.jar;E:\Maven\repository\org\apache\lucene\lucene-queryparser\6.6.1\lucene-queryparser-6.6.1.jar;E:\Maven\repository\org\apache\lucene\lucene-sandbox\6.6.1\lucene-sandbox-6.6.1.jar;E:\Maven\repository\org\apache\lucene\lucene-spatial\6.6.1\lucene-spatial-6.6.1.jar;E:\Maven\repository\org\apache\lucene\lucene-spatial-extras\6.6.1\lucene-spatial-extras-6.6.1.jar;E:\Maven\repository\org\apache\lucene\lucene-spatial3d\6.6.1\lucene-spatial3d-6.6.1.jar;E:\Maven\repository\org\apache\lucene\lucene-suggest\6.6.1\lucene-suggest-6.6.1.jar;E:\Maven\repository\org\elasticsearch\securesm\1.2\securesm-1.2.jar;E:\Maven\repository\net\sf\jopt-simple\jopt-simple\5.0.2\jopt-simple-5.0.2.jar;E:\Maven\repository\com\carrotsearch\hppc\0.7.1\hppc-0.7.1.jar;E:\Maven\repository\com\fasterxml\jackson\dataformat\jackson-dataformat-smile\2.9.7\jackson-dataformat-smile-2.9.7.jar;E:\Maven\repository\com\fasterxml\jackson\dataformat\jackson-dataformat-yaml\2.9.7\jackson-dataformat-yaml-2.9.7.jar;E:\Maven\repository\com\fasterxml\jackson\dataformat\jackson-dataformat-cbor\2.9.7\jackson-dataformat-cbor-2.9.7.jar;E:\Maven\repository\com\tdunning\t-digest\3.0\t-digest-3.0.jar;E:\Maven\repository\org\elasticsearch\plugin\reindex-client\5.6.13\reindex-client-5.6.13.jar;E:\Maven\repository\org\elasticsearch\client\elasticsearch-rest-client\5.6.13\elasticsearch-rest-client-5.6.13.jar;E:\Maven\repository\org\apache\httpcomponents\httpasyncclient\4.1.4\httpasyncclient-4.1.4.jar;E:\Maven\repository\org\apache\httpcomponents\httpcore-nio\4.4.10\httpcore-nio-4.4.10.jar;E:\Maven\repository\org\elasticsearch\plugin\lang-mustache-client\5.6.13\lang-mustache-client-5.6.13.jar;E:\Maven\repository\com\github\spullara\mustache\java\compiler\0.9.3\compiler-0.9.3.jar;E:\Maven\repository\org\elasticsearch\plugin\percolator-client\5.6.13\percolator-client-5.6.13.jar;E:\Maven\repository\org\elasticsearch\plugin\parent-join-client\5.6.13\parent-join-client-5.6.13.jar;E:\Maven\repository\org\elasticsearch\plugin\transport-netty4-client\5.6.13\transport-netty4-client-5.6.13.jar;E:\Maven\repository\io\netty\netty-buffer\4.1.31.Final\netty-buffer-4.1.31.Final.jar;E:\Maven\repository\io\netty\netty-codec\4.1.31.Final\netty-codec-4.1.31.Final.jar;E:\Maven\repository\io\netty\netty-codec-http\4.1.31.Final\netty-codec-http-4.1.31.Final.jar;E:\Maven\repository\io\netty\netty-common\4.1.31.Final\netty-common-4.1.31.Final.jar;E:\Maven\repository\io\netty\netty-handler\4.1.31.Final\netty-handler-4.1.31.Final.jar;E:\Maven\repository\io\netty\netty-resolver\4.1.31.Final\netty-resolver-4.1.31.Final.jar;E:\Maven\repository\io\netty\netty-transport\4.1.31.Final\netty-transport-4.1.31.Final.jar;E:\Maven\repository\org\locationtech\spatial4j\spatial4j\0.6\spatial4j-0.6.jar;E:\Maven\repository\com\vividsolutions\jts\1.13\jts-1.13.jar;E:\Maven\repository\org\apache\logging\log4j\log4j-api\2.10.0\log4j-api-2.10.0.jar;E:\Maven\repository\org\elasticsearch\jna\4.4.0-1\jna-4.4.0-1.jar;E:\Maven\repository\com\fasterxml\jackson\core\jackson-core\2.9.7\jackson-core-2.9.7.jar;E:\Maven\repository\org\springframework\cloud\spring-cloud-starter-netflix-eureka-client\2.0.2.RELEASE\spring-cloud-starter-netflix-eureka-client-2.0.2.RELEASE.jar;E:\Maven\repository\org\springframework\cloud\spring-cloud-starter\2.0.2.RELEASE\spring-cloud-starter-2.0.2.RELEASE.jar;E:\Maven\repository\org\springframework\cloud\spring-cloud-context\2.0.2.RELEASE\spring-cloud-context-2.0.2.RELEASE.jar;E:\Maven\repository\org\springframework\security\spring-security-rsa\1.0.7.RELEASE\spring-security-rsa-1.0.7.RELEASE.jar;E:\Maven\repository\org\bouncycastle\bcpkix-jdk15on\1.60\bcpkix-jdk15on-1.60.jar;E:\Maven\repository\org\bouncycastle\bcprov-jdk15on\1.60\bcprov-jdk15on-1.60.jar;E:\Maven\repository\org\springframework\cloud\spring-cloud-netflix-core\2.0.2.RELEASE\spring-cloud-netflix-core-2.0.2.RELEASE.jar;E:\Maven\repository\org\springframework\boot\spring-boot-starter-aop\2.0.7.RELEASE\spring-boot-starter-aop-2.0.7.RELEASE.jar;E:\Maven\repository\org\aspectj\aspectjweaver\1.8.13\aspectjweaver-1.8.13.jar;E:\Maven\repository\org\springframework\cloud\spring-cloud-netflix-eureka-client\2.0.2.RELEASE\spring-cloud-netflix-eureka-client-2.0.2.RELEASE.jar;E:\Maven\repository\com\netflix\eureka\eureka-client\1.9.3\eureka-client-1.9.3.jar;E:\Maven\repository\org\codehaus\jettison\jettison\1.3.7\jettison-1.3.7.jar;E:\Maven\repository\stax\stax-api\1.0.1\stax-api-1.0.1.jar;E:\Maven\repository\com\netflix\netflix-commons\netflix-eventbus\0.3.0\netflix-eventbus-0.3.0.jar;E:\Maven\repository\com\netflix\netflix-commons\netflix-infix\0.3.0\netflix-infix-0.3.0.jar;E:\Maven\repository\commons-jxpath\commons-jxpath\1.3\commons-jxpath-1.3.jar;E:\Maven\repository\org\antlr\antlr-runtime\3.4\antlr-runtime-3.4.jar;E:\Maven\repository\org\antlr\stringtemplate\3.2.1\stringtemplate-3.2.1.jar;E:\Maven\repository\antlr\antlr\2.7.7\antlr-2.7.7.jar;E:\Maven\repository\com\google\code\gson\gson\2.8.5\gson-2.8.5.jar;E:\Maven\repository\org\apache\commons\commons-math\2.2\commons-math-2.2.jar;E:\Maven\repository\com\netflix\archaius\archaius-core\0.7.6\archaius-core-0.7.6.jar;E:\Maven\repository\com\google\guava\guava\16.0\guava-16.0.jar;E:\Maven\repository\javax\ws\rs\jsr311-api\1.1.1\jsr311-api-1.1.1.jar;E:\Maven\repository\com\netflix\servo\servo-core\0.12.21\servo-core-0.12.21.jar;E:\Maven\repository\com\sun\jersey\jersey-core\1.19.1\jersey-core-1.19.1.jar;E:\Maven\repository\com\sun\jersey\jersey-client\1.19.1\jersey-client-1.19.1.jar;E:\Maven\repository\com\sun\jersey\contribs\jersey-apache-client4\1.19.1\jersey-apache-client4-1.19.1.jar;E:\Maven\repository\org\apache\httpcomponents\httpclient\4.5.6\httpclient-4.5.6.jar;E:\Maven\repository\org\apache\httpcomponents\httpcore\4.4.10\httpcore-4.4.10.jar;E:\Maven\repository\com\google\inject\guice\4.1.0\guice-4.1.0.jar;E:\Maven\repository\javax\inject\javax.inject\1\javax.inject-1.jar;E:\Maven\repository\aopalliance\aopalliance\1.0\aopalliance-1.0.jar;E:\Maven\repository\com\github\vlsi\compactmap\compactmap\1.2.1\compactmap-1.2.1.jar;E:\Maven\repository\com\github\andrewoma\dexx\dexx-collections\0.2\dexx-collections-0.2.jar;E:\Maven\repository\com\fasterxml\jackson\core\jackson-annotations\2.9.0\jackson-annotations-2.9.0.jar;E:\Maven\repository\com\netflix\eureka\eureka-core\1.9.3\eureka-core-1.9.3.jar;E:\Maven\repository\org\codehaus\woodstox\woodstox-core-asl\4.4.1\woodstox-core-asl-4.4.1.jar;E:\Maven\repository\javax\xml\stream\stax-api\1.0-2\stax-api-1.0-2.jar;E:\Maven\repository\org\codehaus\woodstox\stax2-api\3.1.4\stax2-api-3.1.4.jar;E:\Maven\repository\org\springframework\cloud\spring-cloud-starter-netflix-archaius\2.0.2.RELEASE\spring-cloud-starter-netflix-archaius-2.0.2.RELEASE.jar;E:\Maven\repository\org\springframework\cloud\spring-cloud-netflix-ribbon\2.0.2.RELEASE\spring-cloud-netflix-ribbon-2.0.2.RELEASE.jar;E:\Maven\repository\org\springframework\cloud\spring-cloud-netflix-archaius\2.0.2.RELEASE\spring-cloud-netflix-archaius-2.0.2.RELEASE.jar;E:\Maven\repository\commons-configuration\commons-configuration\1.8\commons-configuration-1.8.jar;E:\Maven\repository\commons-lang\commons-lang\2.6\commons-lang-2.6.jar;E:\Maven\repository\org\springframework\cloud\spring-cloud-starter-netflix-ribbon\2.0.2.RELEASE\spring-cloud-starter-netflix-ribbon-2.0.2.RELEASE.jar;E:\Maven\repository\com\netflix\ribbon\ribbon\2.2.5\ribbon-2.2.5.jar;E:\Maven\repository\com\netflix\ribbon\ribbon-transport\2.2.5\ribbon-transport-2.2.5.jar;E:\Maven\repository\io\reactivex\rxnetty-contexts\0.4.9\rxnetty-contexts-0.4.9.jar;E:\Maven\repository\io\reactivex\rxnetty-servo\0.4.9\rxnetty-servo-0.4.9.jar;E:\Maven\repository\io\reactivex\rxnetty\0.4.9\rxnetty-0.4.9.jar;E:\Maven\repository\com\netflix\ribbon\ribbon-core\2.2.5\ribbon-core-2.2.5.jar;E:\Maven\repository\com\netflix\ribbon\ribbon-httpclient\2.2.5\ribbon-httpclient-2.2.5.jar;E:\Maven\repository\commons-collections\commons-collections\3.2.2\commons-collections-3.2.2.jar;E:\Maven\repository\com\netflix\netflix-commons\netflix-commons-util\0.3.0\netflix-commons-util-0.3.0.jar;E:\Maven\repository\com\netflix\ribbon\ribbon-loadbalancer\2.2.5\ribbon-loadbalancer-2.2.5.jar;E:\Maven\repository\com\netflix\netflix-commons\netflix-statistics\0.1.1\netflix-statistics-0.1.1.jar;E:\Maven\repository\io\reactivex\rxjava\1.3.8\rxjava-1.3.8.jar;E:\Maven\repository\com\netflix\ribbon\ribbon-eureka\2.2.5\ribbon-eureka-2.2.5.jar;E:\Maven\repository\com\thoughtworks\xstream\xstream\1.4.10\xstream-1.4.10.jar;E:\Maven\repository\xmlpull\xmlpull\1.1.3.1\xmlpull-1.1.3.1.jar;E:\Maven\repository\xpp3\xpp3_min\1.1.4c\xpp3_min-1.1.4c.jar;E:\Maven\repository\org\springframework\cloud\spring-cloud-starter-openfeign\2.0.2.RELEASE\spring-cloud-starter-openfeign-2.0.2.RELEASE.jar;E:\Maven\repository\org\springframework\cloud\spring-cloud-openfeign-core\2.0.2.RELEASE\spring-cloud-openfeign-core-2.0.2.RELEASE.jar;E:\Maven\repository\io\github\openfeign\form\feign-form-spring\3.3.0\feign-form-spring-3.3.0.jar;E:\Maven\repository\io\github\openfeign\form\feign-form\3.3.0\feign-form-3.3.0.jar;E:\Maven\repository\com\google\code\findbugs\annotations\3.0.1\annotations-3.0.1.jar;E:\Maven\repository\net\jcip\jcip-annotations\1.0\jcip-annotations-1.0.jar;E:\Maven\repository\com\google\code\findbugs\jsr305\3.0.1\jsr305-3.0.1.jar;E:\Maven\repository\commons-fileupload\commons-fileupload\1.3.3\commons-fileupload-1.3.3.jar;E:\Maven\repository\commons-io\commons-io\2.2\commons-io-2.2.jar;E:\Maven\repository\org\springframework\cloud\spring-cloud-commons\2.0.2.RELEASE\spring-cloud-commons-2.0.2.RELEASE.jar;E:\Maven\repository\org\springframework\security\spring-security-crypto\5.0.10.RELEASE\spring-security-crypto-5.0.10.RELEASE.jar;E:\Maven\repository\io\github\openfeign\feign-core\9.7.0\feign-core-9.7.0.jar;E:\Maven\repository\io\github\openfeign\feign-slf4j\9.7.0\feign-slf4j-9.7.0.jar;E:\Maven\repository\io\github\openfeign\feign-hystrix\9.7.0\feign-hystrix-9.7.0.jar;E:\Maven\repository\com\netflix\hystrix\hystrix-core\1.5.12\hystrix-core-1.5.12.jar;E:\Maven\repository\org\hdrhistogram\HdrHistogram\2.1.9\HdrHistogram-2.1.9.jar;E:\Maven\repository\io\github\openfeign\feign-java8\9.7.0\feign-java8-9.7.0.jar;E:\Maven\repository\org\springframework\boot\spring-boot-starter-amqp\2.0.7.RELEASE\spring-boot-starter-amqp-2.0.7.RELEASE.jar;E:\Maven\repository\org\springframework\spring-messaging\5.0.11.RELEASE\spring-messaging-5.0.11.RELEASE.jar;E:\Maven\repository\org\springframework\amqp\spring-rabbit\2.0.10.RELEASE\spring-rabbit-2.0.10.RELEASE.jar;E:\Maven\repository\org\springframework\amqp\spring-amqp\2.0.10.RELEASE\spring-amqp-2.0.10.RELEASE.jar;E:\Maven\repository\org\springframework\retry\spring-retry\1.2.2.RELEASE\spring-retry-1.2.2.RELEASE.jar;E:\Maven\repository\com\rabbitmq\amqp-client\5.4.3\amqp-client-5.4.3.jar;F:\nc_parent\nc-item\nc-item-interface\target\nc-item-interface-1.0-SNAPSHOT.jar;E:\Maven\repository\javax\persistence\persistence-api\1.0\persistence-api-1.0.jar;F:\nc_parent\nc-common\target\nc-common-1.0-SNAPSHOT.jar;E:\Maven\repository\org\apache\commons\commons-lang3\3.7\commons-lang3-3.7.jar;E:\Maven\repository\commons-codec\commons-codec\1.11\commons-codec-1.11.jar;E:\Maven\repository\org\slf4j\slf4j-api\1.7.25\slf4j-api-1.7.25.jar;E:\Maven\repository\org\springframework\boot\spring-boot-starter-test\2.0.7.RELEASE\spring-boot-starter-test-2.0.7.RELEASE.jar;E:\Maven\repository\org\springframework\boot\spring-boot-test\2.0.7.RELEASE\spring-boot-test-2.0.7.RELEASE.jar;E:\Maven\repository\org\springframework\boot\spring-boot-test-autoconfigure\2.0.7.RELEASE\spring-boot-test-autoconfigure-2.0.7.RELEASE.jar;E:\Maven\repository\com\jayway\jsonpath\json-path\2.4.0\json-path-2.4.0.jar;E:\Maven\repository\net\minidev\json-smart\2.3\json-smart-2.3.jar;E:\Maven\repository\net\minidev\accessors-smart\1.2\accessors-smart-1.2.jar;E:\Maven\repository\org\ow2\asm\asm\5.0.4\asm-5.0.4.jar;E:\Maven\repository\junit\junit\4.12\junit-4.12.jar;E:\Maven\repository\org\assertj\assertj-core\3.9.1\assertj-core-3.9.1.jar;E:\Maven\repository\org\mockito\mockito-core\2.15.0\mockito-core-2.15.0.jar;E:\Maven\repository\net\bytebuddy\byte-buddy\1.7.11\byte-buddy-1.7.11.jar;E:\Maven\repository\net\bytebuddy\byte-buddy-agent\1.7.11\byte-buddy-agent-1.7.11.jar;E:\Maven\repository\org\objenesis\objenesis\2.6\objenesis-2.6.jar;E:\Maven\repository\org\hamcrest\hamcrest-core\1.3\hamcrest-core-1.3.jar;E:\Maven\repository\org\hamcrest\hamcrest-library\1.3\hamcrest-library-1.3.jar;E:\Maven\repository\org\skyscreamer\jsonassert\1.5.0\jsonassert-1.5.0.jar;E:\Maven\repository\com\vaadin\external\google\android-json\0.0.20131108.vaadin1\android-json-0.0.20131108.vaadin1.jar;E:\Maven\repository\org\springframework\spring-core\5.0.11.RELEASE\spring-core-5.0.11.RELEASE.jar;E:\Maven\repository\org\springframework\spring-jcl\5.0.11.RELEASE\spring-jcl-5.0.11.RELEASE.jar;E:\Maven\repository\org\springframework\spring-test\5.0.11.RELEASE\spring-test-5.0.11.RELEASE.jar;E:\Maven\repository\org\xmlunit\xmlunit-core\2.5.1\xmlunit-core-2.5.1.jar;, user.name=Yuezhiwei, java.vm.specification.version=1.8, sun.java.command=C:\Users\YUEZHI~1\AppData\Local\Temp\surefire1642603073623855354\surefirebooter7670145833534765261.jar C:\Users\Yuezhiwei\AppData\Local\Temp\surefire1642603073623855354 2020-01-15T10-46-34_900-jvmRun1 surefire7778260736771606035tmp surefire_0748796772974634048tmp, java.home=D:\jdk\JDK8_64\jre, sun.arch.data.model=64, user.language=zh, java.specification.vendor=Oracle Corporation, idea.version2019.1.3=true, awt.toolkit=sun.awt.windows.WToolkit, java.vm.info=mixed mode, java.version=1.8.0_40, java.ext.dirs=D:\jdk\JDK8_64\jre\lib\ext;C:\WINDOWS\Sun\Java\lib\ext, sun.boot.class.path=D:\jdk\JDK8_64\jre\lib\resources.jar;D:\jdk\JDK8_64\jre\lib\rt.jar;D:\jdk\JDK8_64\jre\lib\sunrsasign.jar;D:\jdk\JDK8_64\jre\lib\jsse.jar;D:\jdk\JDK8_64\jre\lib\jce.jar;D:\jdk\JDK8_64\jre\lib\charsets.jar;D:\jdk\JDK8_64\jre\lib\jfr.jar;D:\jdk\JDK8_64\jre\classes, java.vendor=Oracle Corporation, localRepository=E:\Maven\repository, file.separator=\, java.vendor.url.bug=http://bugreport.sun.com/bugreport/, sun.io.unicode.encoding=UnicodeLittle, sun.cpu.endian=little, sun.desktop=windows, sun.cpu.isalist=amd64}}, SystemEnvironmentPropertySource@752684363 {name='systemEnvironment', properties={PATH=C:\WINDOWS\system32;C:\WINDOWS;C:\WINDOWS\System32\Wbem;C:\WINDOWS\System32\WindowsPowerShell\v1.0\;C:\Program Files (x86)\NVIDIA Corporation\PhysX\Common;D:\jdk\JDK8_64\bin;C:\Program Files\Intel\WiFi\bin\;C:\Program Files\Common Files\Intel\WirelessCommon\;C:\Program Files\MySQL\MySQL Utilities 1.6\;C:\WINDOWS\system32;C:\WINDOWS;C:\WINDOWS\System32\Wbem;C:\WINDOWS\System32\WindowsPowerShell\v1.0\;C:\WINDOWS\System32\OpenSSH\;C:\Program Files\Crucial\Crucial Storage Executive;D:\apache\apache-maven-3.6.1\bin;D:\nodejs\;C:\Program Files\MySQL\MySQL Shell 8.0\bin\;C:\Program Files\Intel\WiFi\bin\;C:\Program Files\Common Files\Intel\WirelessCommon\;C:\Users\Yuezhiwei\AppData\Local\Microsoft\WindowsApps;;D:\IntelliJ IDEA 2019.1.3\bin;;C:\Users\Yuezhiwei\AppData\Roaming\npm, USERDOMAIN_ROAMINGPROFILE=X711, LOCALAPPDATA=C:\Users\Yuezhiwei\AppData\Local, PROCESSOR_LEVEL=6, SYSTEMDRIVE=C:, COMMONPROGRAMFILES(X86)=C:\Program Files (x86)\Common Files, USERDOMAIN=X711, FPS_BROWSER_APP_PROFILE_STRING=Internet Explorer, LOGONSERVER=\\X711, JAVA_HOME=D:\jdk\JDK8_64, PROMPT=$P$G, SESSIONNAME=Console, ALLUSERSPROFILE=C:\ProgramData, PROGRAMFILES(X86)=C:\Program Files (x86), PROCESSOR_ARCHITECTURE=AMD64, DRIVERDATA=C:\Windows\System32\Drivers\DriverData, INTELLIJ IDEA=D:\IntelliJ IDEA 2019.1.3\bin;, MAVEN_HOME=D:\apache\apache-maven-3.6.1, PROGRAMFILES=C:\Program Files, APPDATA=C:\Users\Yuezhiwei\AppData\Roaming, PSMODULEPATH=C:\Program Files\WindowsPowerShell\Modules;C:\WINDOWS\system32\WindowsPowerShell\v1.0\Modules, PROGRAMW6432=C:\Program Files, PROGRAMDATA=C:\ProgramData, SYSTEMROOT=C:\WINDOWS, USERNAME=Yuezhiwei, FPS_BROWSER_USER_PROFILE_STRING=Default, ONEDRIVE=C:\Users\Yuezhiwei\OneDrive, PATHEXT=.COM;.EXE;.BAT;.CMD;.VBS;.VBE;.JS;.JSE;.WSF;.WSH;.MSC, OS=Windows_NT, COMMONPROGRAMW6432=C:\Program Files\Common Files, COMPUTERNAME=X711, COMMONPROGRAMFILES=C:\Program Files\Common Files, COMSPEC=C:\WINDOWS\system32\cmd.exe, PROCESSOR_REVISION=9e09, CLASSPATH=.;D:\jdk\JDK8_64\lib\dt.jar;D:\jdk\JDK8_64\lib\tools.jar;, WINDIR=C:\WINDOWS, =F:=F:\nc_parent\nc-search, HOMEPATH=\Users\Yuezhiwei, TEMP=C:\Users\YUEZHI~1\AppData\Local\Temp, HOMEDRIVE=C:, PROCESSOR_IDENTIFIER=Intel64 Family 6 Model 158 Stepping 9, GenuineIntel, USERPROFILE=C:\Users\Yuezhiwei, TMP=C:\Users\YUEZHI~1\AppData\Local\Temp, PUBLIC=C:\Users\Public, NUMBER_OF_PROCESSORS=8, =::=::\}}]
10:46:37.236 [main] DEBUG org.springframework.test.context.support.TestPropertySourceUtils - Adding inlined properties to environment: {spring.jmx.enabled=false, org.springframework.boot.test.context.SpringBootTestContextBootstrapper=true, server.port=-1}
10:46:37.236 [main] DEBUG org.springframework.core.env.StandardEnvironment - Adding PropertySource 'Inlined Test Properties' with highest search precedence
2020-01-15 10:46:39.143  INFO 14648 --- [           main] s.c.a.AnnotationConfigApplicationContext : Refreshing org.springframework.context.annotation.AnnotationConfigApplicationContext@24105dc5: startup date [Wed Jan 15 10:46:39 CST 2020]; root of context hierarchy
2020-01-15 10:46:39.319  INFO 14648 --- [           main] f.a.AutowiredAnnotationBeanPostProcessor : JSR-330 'javax.inject.Inject' annotation found and supported for autowiring
2020-01-15 10:46:39.348  INFO 14648 --- [           main] trationDelegate$BeanPostProcessorChecker : Bean 'configurationPropertiesRebinderAutoConfiguration' of type [org.springframework.cloud.autoconfigure.ConfigurationPropertiesRebinderAutoConfiguration$$EnhancerBySpringCGLIB$$fa9afa51] is not eligible for getting processed by all BeanPostProcessors (for example: not eligible for auto-proxying)

  .   ____          _            __ _ _
 /\\ / ___'_ __ _ _(_)_ __  __ _ \ \ \ \
( ( )\___ | '_ | '_| | '_ \/ _` | \ \ \ \
 \\/  ___)| |_)| | | | | || (_| |  ) ) ) )
  '  |____| .__|_| |_|_| |_\__, | / / / /
 =========|_|==============|___/=/_/_/_/
 :: Spring Boot ::        (v2.0.7.RELEASE)

2020-01-15 10:46:40.970  INFO 14648 --- [           main] com.nc.search.test.ElasticsearchTest     : No active profile set, falling back to default profiles: default
2020-01-15 10:46:40.973  INFO 14648 --- [           main] o.s.w.c.s.GenericWebApplicationContext   : Refreshing org.springframework.web.context.support.GenericWebApplicationContext@37bd68c3: startup date [Wed Jan 15 10:46:40 CST 2020]; parent: org.springframework.context.annotation.AnnotationConfigApplicationContext@24105dc5
2020-01-15 10:46:41.213  INFO 14648 --- [           main] o.s.b.f.s.DefaultListableBeanFactory     : Overriding alias 'item-serviceFeignClient' definition for registered name 'com.nc.search.client.BrandClient' with new target name 'com.nc.search.client.CategoryClient'
2020-01-15 10:46:41.214  INFO 14648 --- [           main] o.s.b.f.s.DefaultListableBeanFactory     : Overriding alias 'item-serviceFeignClient' definition for registered name 'com.nc.search.client.CategoryClient' with new target name 'com.nc.search.client.GoodsClient'
2020-01-15 10:46:41.214  INFO 14648 --- [           main] o.s.b.f.s.DefaultListableBeanFactory     : Overriding alias 'item-serviceFeignClient' definition for registered name 'com.nc.search.client.GoodsClient' with new target name 'com.nc.search.client.SpecificationClient'
2020-01-15 10:46:41.593  INFO 14648 --- [           main] o.s.cloud.context.scope.GenericScope     : BeanFactory id=a51e31c6-51bc-3952-9724-e5a174446e3b
2020-01-15 10:46:41.629  INFO 14648 --- [           main] f.a.AutowiredAnnotationBeanPostProcessor : JSR-330 'javax.inject.Inject' annotation found and supported for autowiring
2020-01-15 10:46:41.661  INFO 14648 --- [           main] trationDelegate$BeanPostProcessorChecker : Bean 'org.springframework.amqp.rabbit.annotation.RabbitBootstrapConfiguration' of type [org.springframework.amqp.rabbit.annotation.RabbitBootstrapConfiguration$$EnhancerBySpringCGLIB$$a4ecb582] is not eligible for getting processed by all BeanPostProcessors (for example: not eligible for auto-proxying)
2020-01-15 10:46:41.737  INFO 14648 --- [           main] trationDelegate$BeanPostProcessorChecker : Bean 'org.springframework.cloud.autoconfigure.ConfigurationPropertiesRebinderAutoConfiguration' of type [org.springframework.cloud.autoconfigure.ConfigurationPropertiesRebinderAutoConfiguration$$EnhancerBySpringCGLIB$$fa9afa51] is not eligible for getting processed by all BeanPostProcessors (for example: not eligible for auto-proxying)
2020-01-15 10:46:41.784  INFO 14648 --- [           main] s.c.a.AnnotationConfigApplicationContext : Refreshing FeignContext-item-service: startup date [Wed Jan 15 10:46:41 CST 2020]; parent: org.springframework.web.context.support.GenericWebApplicationContext@37bd68c3
2020-01-15 10:46:41.801  INFO 14648 --- [           main] f.a.AutowiredAnnotationBeanPostProcessor : JSR-330 'javax.inject.Inject' annotation found and supported for autowiring
2020-01-15 10:46:42.516  INFO 14648 --- [           main] o.elasticsearch.plugins.PluginsService   : no modules loaded
2020-01-15 10:46:42.518  INFO 14648 --- [           main] o.elasticsearch.plugins.PluginsService   : loaded plugin [org.elasticsearch.index.reindex.ReindexPlugin]
2020-01-15 10:46:42.518  INFO 14648 --- [           main] o.elasticsearch.plugins.PluginsService   : loaded plugin [org.elasticsearch.join.ParentJoinPlugin]
2020-01-15 10:46:42.518  INFO 14648 --- [           main] o.elasticsearch.plugins.PluginsService   : loaded plugin [org.elasticsearch.percolator.PercolatorPlugin]
2020-01-15 10:46:42.518  INFO 14648 --- [           main] o.elasticsearch.plugins.PluginsService   : loaded plugin [org.elasticsearch.script.mustache.MustachePlugin]
2020-01-15 10:46:42.518  INFO 14648 --- [           main] o.elasticsearch.plugins.PluginsService   : loaded plugin [org.elasticsearch.transport.Netty4Plugin]
2020-01-15 10:46:43.910  INFO 14648 --- [           main] o.s.d.e.c.TransportClientFactoryBean     : Adding transport node : 192.168.211.138:9300
2020-01-15 10:46:45.667 ERROR 14648 --- [           main] .d.e.r.s.AbstractElasticsearchRepository : failed to load elasticsearch nodes : org.elasticsearch.client.transport.NoNodeAvailableException: None of the configured nodes are available: [{#transport#-1}{H2H-zeT7TH6bwECIsqVJ1w}{192.168.211.138}{192.168.211.138:9300}]
2020-01-15 10:46:45.856  WARN 14648 --- [           main] c.n.c.sources.URLConfigurationSource     : No URLs will be polled as dynamic configuration sources.
2020-01-15 10:46:45.857  INFO 14648 --- [           main] c.n.c.sources.URLConfigurationSource     : To enable URLs as dynamic configuration sources, define System property archaius.configurationSource.additionalUrls or make config.properties available on classpath.
2020-01-15 10:46:45.861  WARN 14648 --- [           main] c.n.c.sources.URLConfigurationSource     : No URLs will be polled as dynamic configuration sources.
2020-01-15 10:46:45.862  INFO 14648 --- [           main] c.n.c.sources.URLConfigurationSource     : To enable URLs as dynamic configuration sources, define System property archaius.configurationSource.additionalUrls or make config.properties available on classpath.
2020-01-15 10:46:45.963  INFO 14648 --- [           main] o.s.w.s.handler.SimpleUrlHandlerMapping  : Mapped URL path [/**/favicon.ico] onto handler of type [class org.springframework.web.servlet.resource.ResourceHttpRequestHandler]
2020-01-15 10:46:46.296  INFO 14648 --- [           main] s.w.s.m.m.a.RequestMappingHandlerAdapter : Looking for @ControllerAdvice: org.springframework.web.context.support.GenericWebApplicationContext@37bd68c3: startup date [Wed Jan 15 10:46:40 CST 2020]; parent: org.springframework.context.annotation.AnnotationConfigApplicationContext@24105dc5
2020-01-15 10:46:46.339  INFO 14648 --- [           main] s.w.s.m.m.a.RequestMappingHandlerMapping : Mapped "{[/page],methods=[POST]}" onto public org.springframework.http.ResponseEntity<com.nc.common.pojo.PageResult<com.nc.search.pojo.Goods>> com.nc.search.controller.SearchController.search(com.nc.search.pojo.SearchRequest)
2020-01-15 10:46:46.342  INFO 14648 --- [           main] s.w.s.m.m.a.RequestMappingHandlerMapping : Mapped "{[/brand/{id}],methods=[GET]}" onto public abstract com.nc.item.pojo.Brand com.nc.item.api.BrandApi.queryBrandById(java.lang.Long)
2020-01-15 10:46:46.342  INFO 14648 --- [           main] s.w.s.m.m.a.RequestMappingHandlerMapping : Mapped "{[/brand/page],methods=[GET]}" onto public abstract com.nc.common.pojo.PageResult<com.nc.item.pojo.Brand> com.nc.item.api.BrandApi.queryBrandsByPage(java.lang.String,java.lang.Integer,java.lang.Integer,java.lang.String,java.lang.Boolean)
2020-01-15 10:46:46.342  INFO 14648 --- [           main] s.w.s.m.m.a.RequestMappingHandlerMapping : Mapped "{[/brand/cid/{cid}],methods=[GET]}" onto public abstract java.util.List<com.nc.item.pojo.Brand> com.nc.item.api.BrandApi.queryBrandsByCid(java.lang.Long)
2020-01-15 10:46:46.342  INFO 14648 --- [           main] s.w.s.m.m.a.RequestMappingHandlerMapping : Mapped "{[/brand/del/{bid}]}" onto public abstract java.lang.Void com.nc.item.api.BrandApi.delBrand(java.lang.Long)
2020-01-15 10:46:46.343  INFO 14648 --- [           main] s.w.s.m.m.a.RequestMappingHandlerMapping : Mapped "{[/brand]}" onto public abstract java.lang.Void com.nc.item.api.BrandApi.saveBrand(com.nc.item.pojo.Brand,java.util.List<java.lang.Long>)
2020-01-15 10:46:46.344  INFO 14648 --- [           main] s.w.s.m.m.a.RequestMappingHandlerMapping : Mapped "{[/category/names],methods=[GET]}" onto public abstract java.util.List<java.lang.String> com.nc.item.api.CategoryApi.queryNamesByIds(java.util.List<java.lang.Long>)
2020-01-15 10:46:46.345  INFO 14648 --- [           main] s.w.s.m.m.a.RequestMappingHandlerMapping : Mapped "{[/category/bid/{bid}],methods=[GET]}" onto public abstract java.util.List<com.nc.item.pojo.Category> com.nc.item.api.CategoryApi.queryByBrandId(java.lang.Long)
2020-01-15 10:46:46.345  INFO 14648 --- [           main] s.w.s.m.m.a.RequestMappingHandlerMapping : Mapped "{[/category/list],methods=[GET]}" onto public abstract java.util.List<com.nc.item.pojo.Category> com.nc.item.api.CategoryApi.queryCategoriesByPid(java.lang.Long)
2020-01-15 10:46:46.346  INFO 14648 --- [           main] s.w.s.m.m.a.RequestMappingHandlerMapping : Mapped "{[/goodsDownOrUp],methods=[GET]}" onto public abstract java.lang.Void com.nc.item.api.GoodsApi.goodsDown(java.lang.Long)
2020-01-15 10:46:46.347  INFO 14648 --- [           main] s.w.s.m.m.a.RequestMappingHandlerMapping : Mapped "{[/spu/page],methods=[GET]}" onto public abstract com.nc.common.pojo.PageResult<com.nc.item.pojo.SpuBo> com.nc.item.api.GoodsApi.querySpuBoByPage(java.lang.String,java.lang.Boolean,java.lang.Integer,java.lang.Integer)
2020-01-15 10:46:46.347  INFO 14648 --- [           main] s.w.s.m.m.a.RequestMappingHandlerMapping : Mapped "{[/del],methods=[DELETE]}" onto public abstract java.lang.Void com.nc.item.api.GoodsApi.delById(java.lang.Long)
2020-01-15 10:46:46.347  INFO 14648 --- [           main] s.w.s.m.m.a.RequestMappingHandlerMapping : Mapped "{[/goods]}" onto public abstract java.lang.Void com.nc.item.api.GoodsApi.saveOrUpdate(com.nc.item.pojo.SpuBo)
2020-01-15 10:46:46.347  INFO 14648 --- [           main] s.w.s.m.m.a.RequestMappingHandlerMapping : Mapped "{[/sku/list],methods=[GET]}" onto public abstract java.util.List<com.nc.item.pojo.Sku> com.nc.item.api.GoodsApi.querySkusBySpuId(java.lang.Long)
2020-01-15 10:46:46.348  INFO 14648 --- [           main] s.w.s.m.m.a.RequestMappingHandlerMapping : Mapped "{[/spu/{id}],methods=[GET]}" onto public abstract com.nc.item.pojo.Spu com.nc.item.api.GoodsApi.querySpuById(java.lang.Long)
2020-01-15 10:46:46.348  INFO 14648 --- [           main] s.w.s.m.m.a.RequestMappingHandlerMapping : Mapped "{[/spu/detail/{spuId}],methods=[GET]}" onto public abstract com.nc.item.pojo.SpuDetail com.nc.item.api.GoodsApi.querySpuDetailBySpuId(java.lang.Long)
2020-01-15 10:46:46.348  INFO 14648 --- [           main] s.w.s.m.m.a.RequestMappingHandlerMapping : Mapped "{[/spec/params],methods=[GET]}" onto public abstract java.util.List<com.nc.item.pojo.SpecParam> com.nc.item.api.SpecificationApi.queryParams(java.lang.Long,java.lang.Long,java.lang.Boolean,java.lang.Boolean)
2020-01-15 10:46:46.348  INFO 14648 --- [           main] s.w.s.m.m.a.RequestMappingHandlerMapping : Mapped "{[/spec/{cid}],methods=[GET]}" onto public abstract java.util.List<com.nc.item.pojo.SpecGroup> com.nc.item.api.SpecificationApi.querySpecsByCid(java.lang.Long)
2020-01-15 10:46:46.350  INFO 14648 --- [           main] s.w.s.m.m.a.RequestMappingHandlerMapping : Mapped "{[/error]}" onto public org.springframework.http.ResponseEntity<java.util.Map<java.lang.String, java.lang.Object>> org.springframework.boot.autoconfigure.web.servlet.error.BasicErrorController.error(javax.servlet.http.HttpServletRequest)
2020-01-15 10:46:46.350  INFO 14648 --- [           main] s.w.s.m.m.a.RequestMappingHandlerMapping : Mapped "{[/error],produces=[text/html]}" onto public org.springframework.web.servlet.ModelAndView org.springframework.boot.autoconfigure.web.servlet.error.BasicErrorController.errorHtml(javax.servlet.http.HttpServletRequest,javax.servlet.http.HttpServletResponse)
2020-01-15 10:46:46.375  INFO 14648 --- [           main] o.s.w.s.handler.SimpleUrlHandlerMapping  : Mapped URL path [/webjars/**] onto handler of type [class org.springframework.web.servlet.resource.ResourceHttpRequestHandler]
2020-01-15 10:46:46.375  INFO 14648 --- [           main] o.s.w.s.handler.SimpleUrlHandlerMapping  : Mapped URL path [/**] onto handler of type [class org.springframework.web.servlet.resource.ResourceHttpRequestHandler]
2020-01-15 10:46:48.275  INFO 14648 --- [           main] o.s.cloud.commons.util.InetUtils         : Cannot determine local hostname
2020-01-15 10:46:49.772  INFO 14648 --- [           main] o.s.cloud.commons.util.InetUtils         : Cannot determine local hostname
2020-01-15 10:46:49.895  INFO 14648 --- [           main] o.s.c.support.DefaultLifecycleProcessor  : Starting beans in phase 0
2020-01-15 10:46:49.902  INFO 14648 --- [           main] o.s.c.support.DefaultLifecycleProcessor  : Starting beans in phase 2147483647
2020-01-15 10:46:49.909  INFO 14648 --- [cTaskExecutor-1] o.s.a.r.c.CachingConnectionFactory       : Attempting to connect to: [192.168.211.138:5672]
2020-01-15 10:46:49.966  INFO 14648 --- [cTaskExecutor-1] o.s.a.r.c.CachingConnectionFactory       : Created new connection: rabbitConnectionFactory#20be890d:0/SimpleConnection@148fffc8 [delegate=amqp://nc@192.168.211.138:5672//nc, localPort= 50219]
2020-01-15 10:46:50.010  INFO 14648 --- [           main] com.nc.search.test.ElasticsearchTest     : Started ElasticsearchTest in 12.764 seconds (JVM running for 13.49)
]]></system-out>
  </testcase>
  <testcase name="spuToGoods" classname="com.nc.search.test.ElasticsearchTest" time="2.157">
    <error message="com.netflix.client.ClientException: Load balancer does not have available server for client: item-service" type="java.lang.RuntimeException">java.lang.RuntimeException: com.netflix.client.ClientException: Load balancer does not have available server for client: item-service
	at com.nc.search.test.ElasticsearchTest.spuToGoods(ElasticsearchTest.java:47)
Caused by: com.netflix.client.ClientException: Load balancer does not have available server for client: item-service
	at com.nc.search.test.ElasticsearchTest.spuToGoods(ElasticsearchTest.java:47)
</error>
    <system-out><![CDATA[2020-01-15 10:46:50.105  INFO 14648 --- [           main] s.c.a.AnnotationConfigApplicationContext : Refreshing SpringClientFactory-item-service: startup date [Wed Jan 15 10:46:50 CST 2020]; parent: org.springframework.web.context.support.GenericWebApplicationContext@37bd68c3
2020-01-15 10:46:50.144  INFO 14648 --- [           main] f.a.AutowiredAnnotationBeanPostProcessor : JSR-330 'javax.inject.Inject' annotation found and supported for autowiring
2020-01-15 10:46:50.371  INFO 14648 --- [           main] c.netflix.config.ChainedDynamicProperty  : Flipping property: item-service.ribbon.ActiveConnectionsLimit to use NEXT property: niws.loadbalancer.availabilityFilteringRule.activeConnectionsLimit = 2147483647
2020-01-15 10:46:50.386  INFO 14648 --- [           main] c.n.u.concurrent.ShutdownEnabledTimer    : Shutdown hook installed for: NFLoadBalancer-PingTimer-item-service
2020-01-15 10:46:50.412  INFO 14648 --- [           main] c.netflix.loadbalancer.BaseLoadBalancer  : Client: item-service instantiated a LoadBalancer: DynamicServerListLoadBalancer:{NFLoadBalancer:name=item-service,current list of Servers=[],Load balancer stats=Zone stats: {},Server stats: []}ServerList:null
2020-01-15 10:46:50.418  INFO 14648 --- [           main] c.n.l.DynamicServerListLoadBalancer      : Using serverListUpdater PollingServerListUpdater
2020-01-15 10:46:50.427  INFO 14648 --- [           main] o.s.c.n.eureka.InstanceInfoFactory       : Setting initial instance status as: STARTING
2020-01-15 10:46:50.438  INFO 14648 --- [           main] com.netflix.discovery.DiscoveryClient    : Initializing Eureka in region us-east-1
2020-01-15 10:46:50.487  INFO 14648 --- [           main] c.n.d.provider.DiscoveryJerseyProvider   : Using JSON encoding codec LegacyJacksonJson
2020-01-15 10:46:50.487  INFO 14648 --- [           main] c.n.d.provider.DiscoveryJerseyProvider   : Using JSON decoding codec LegacyJacksonJson
2020-01-15 10:46:50.622  INFO 14648 --- [           main] c.n.d.provider.DiscoveryJerseyProvider   : Using XML encoding codec XStreamXml
2020-01-15 10:46:50.622  INFO 14648 --- [           main] c.n.d.provider.DiscoveryJerseyProvider   : Using XML decoding codec XStreamXml
2020-01-15 10:46:50.779  INFO 14648 --- [           main] c.n.d.s.r.aws.ConfigClusterResolver      : Resolving eureka endpoints via configuration
2020-01-15 10:46:51.108  INFO 14648 --- [           main] com.netflix.discovery.DiscoveryClient    : Disable delta property : false
2020-01-15 10:46:51.108  INFO 14648 --- [           main] com.netflix.discovery.DiscoveryClient    : Single vip registry refresh property : null
2020-01-15 10:46:51.108  INFO 14648 --- [           main] com.netflix.discovery.DiscoveryClient    : Force full registry fetch : false
2020-01-15 10:46:51.108  INFO 14648 --- [           main] com.netflix.discovery.DiscoveryClient    : Application is null : false
2020-01-15 10:46:51.109  INFO 14648 --- [           main] com.netflix.discovery.DiscoveryClient    : Registered Applications size is zero : true
2020-01-15 10:46:51.109  INFO 14648 --- [           main] com.netflix.discovery.DiscoveryClient    : Application version is -1: true
2020-01-15 10:46:51.109  INFO 14648 --- [           main] com.netflix.discovery.DiscoveryClient    : Getting all instance registry info from the eureka server
2020-01-15 10:46:52.164 ERROR 14648 --- [           main] c.n.d.s.t.d.RedirectingEurekaHttpClient  : Request execution error

com.sun.jersey.api.client.ClientHandlerException: java.net.ConnectException: Connection refused: connect
	at com.sun.jersey.client.apache4.ApacheHttpClient4Handler.handle(ApacheHttpClient4Handler.java:187) ~[jersey-apache-client4-1.19.1.jar:1.19.1]
	at com.sun.jersey.api.client.filter.GZIPContentEncodingFilter.handle(GZIPContentEncodingFilter.java:123) ~[jersey-client-1.19.1.jar:1.19.1]
	at com.netflix.discovery.EurekaIdentityHeaderFilter.handle(EurekaIdentityHeaderFilter.java:27) ~[eureka-client-1.9.3.jar:1.9.3]
	at com.sun.jersey.api.client.Client.handle(Client.java:652) ~[jersey-client-1.19.1.jar:1.19.1]
	at com.sun.jersey.api.client.WebResource.handle(WebResource.java:682) ~[jersey-client-1.19.1.jar:1.19.1]
	at com.sun.jersey.api.client.WebResource.access$200(WebResource.java:74) ~[jersey-client-1.19.1.jar:1.19.1]
	at com.sun.jersey.api.client.WebResource$Builder.get(WebResource.java:509) ~[jersey-client-1.19.1.jar:1.19.1]
	at com.netflix.discovery.shared.transport.jersey.AbstractJerseyEurekaHttpClient.getApplicationsInternal(AbstractJerseyEurekaHttpClient.java:194) ~[eureka-client-1.9.3.jar:1.9.3]
	at com.netflix.discovery.shared.transport.jersey.AbstractJerseyEurekaHttpClient.getApplications(AbstractJerseyEurekaHttpClient.java:165) ~[eureka-client-1.9.3.jar:1.9.3]
	at com.netflix.discovery.shared.transport.decorator.EurekaHttpClientDecorator$6.execute(EurekaHttpClientDecorator.java:137) [eureka-client-1.9.3.jar:1.9.3]
	at com.netflix.discovery.shared.transport.decorator.MetricsCollectingEurekaHttpClient.execute(MetricsCollectingEurekaHttpClient.java:73) ~[eureka-client-1.9.3.jar:1.9.3]
	at com.netflix.discovery.shared.transport.decorator.EurekaHttpClientDecorator.getApplications(EurekaHttpClientDecorator.java:134) [eureka-client-1.9.3.jar:1.9.3]
	at com.netflix.discovery.shared.transport.decorator.EurekaHttpClientDecorator$6.execute(EurekaHttpClientDecorator.java:137) [eureka-client-1.9.3.jar:1.9.3]
	at com.netflix.discovery.shared.transport.decorator.RedirectingEurekaHttpClient.executeOnNewServer(RedirectingEurekaHttpClient.java:118) ~[eureka-client-1.9.3.jar:1.9.3]
	at com.netflix.discovery.shared.transport.decorator.RedirectingEurekaHttpClient.execute(RedirectingEurekaHttpClient.java:79) ~[eureka-client-1.9.3.jar:1.9.3]
	at com.netflix.discovery.shared.transport.decorator.EurekaHttpClientDecorator.getApplications(EurekaHttpClientDecorator.java:134) [eureka-client-1.9.3.jar:1.9.3]
	at com.netflix.discovery.shared.transport.decorator.EurekaHttpClientDecorator$6.execute(EurekaHttpClientDecorator.java:137) [eureka-client-1.9.3.jar:1.9.3]
	at com.netflix.discovery.shared.transport.decorator.RetryableEurekaHttpClient.execute(RetryableEurekaHttpClient.java:120) [eureka-client-1.9.3.jar:1.9.3]
	at com.netflix.discovery.shared.transport.decorator.EurekaHttpClientDecorator.getApplications(EurekaHttpClientDecorator.java:134) [eureka-client-1.9.3.jar:1.9.3]
	at com.netflix.discovery.shared.transport.decorator.EurekaHttpClientDecorator$6.execute(EurekaHttpClientDecorator.java:137) [eureka-client-1.9.3.jar:1.9.3]
	at com.netflix.discovery.shared.transport.decorator.SessionedEurekaHttpClient.execute(SessionedEurekaHttpClient.java:77) [eureka-client-1.9.3.jar:1.9.3]
	at com.netflix.discovery.shared.transport.decorator.EurekaHttpClientDecorator.getApplications(EurekaHttpClientDecorator.java:134) [eureka-client-1.9.3.jar:1.9.3]
	at com.netflix.discovery.DiscoveryClient.getAndStoreFullRegistry(DiscoveryClient.java:1051) [eureka-client-1.9.3.jar:1.9.3]
	at com.netflix.discovery.DiscoveryClient.fetchRegistry(DiscoveryClient.java:965) [eureka-client-1.9.3.jar:1.9.3]
	at com.netflix.discovery.DiscoveryClient.<init>(DiscoveryClient.java:414) [eureka-client-1.9.3.jar:1.9.3]
	at com.netflix.discovery.DiscoveryClient.<init>(DiscoveryClient.java:269) [eureka-client-1.9.3.jar:1.9.3]
	at org.springframework.cloud.netflix.eureka.CloudEurekaClient.<init>(CloudEurekaClient.java:63) [spring-cloud-netflix-eureka-client-2.0.2.RELEASE.jar:2.0.2.RELEASE]
	at org.springframework.cloud.netflix.eureka.EurekaClientAutoConfiguration$RefreshableEurekaClientConfiguration.eurekaClient(EurekaClientAutoConfiguration.java:290) [spring-cloud-netflix-eureka-client-2.0.2.RELEASE.jar:2.0.2.RELEASE]
	at org.springframework.cloud.netflix.eureka.EurekaClientAutoConfiguration$RefreshableEurekaClientConfiguration$$EnhancerBySpringCGLIB$$203f370.CGLIB$eurekaClient$0(<generated>) [spring-cloud-netflix-eureka-client-2.0.2.RELEASE.jar:2.0.2.RELEASE]
	at org.springframework.cloud.netflix.eureka.EurekaClientAutoConfiguration$RefreshableEurekaClientConfiguration$$EnhancerBySpringCGLIB$$203f370$$FastClassBySpringCGLIB$$eb58d9.invoke(<generated>) [spring-cloud-netflix-eureka-client-2.0.2.RELEASE.jar:2.0.2.RELEASE]
	at org.springframework.cglib.proxy.MethodProxy.invokeSuper(MethodProxy.java:228) [spring-core-5.0.11.RELEASE.jar:5.0.11.RELEASE]
	at org.springframework.context.annotation.ConfigurationClassEnhancer$BeanMethodInterceptor.intercept(ConfigurationClassEnhancer.java:365) [spring-context-5.0.11.RELEASE.jar:5.0.11.RELEASE]
	at org.springframework.cloud.netflix.eureka.EurekaClientAutoConfiguration$RefreshableEurekaClientConfiguration$$EnhancerBySpringCGLIB$$203f370.eurekaClient(<generated>) [spring-cloud-netflix-eureka-client-2.0.2.RELEASE.jar:2.0.2.RELEASE]
	at sun.reflect.NativeMethodAccessorImpl.invoke0(Native Method) ~[na:1.8.0_40]
	at sun.reflect.NativeMethodAccessorImpl.invoke(NativeMethodAccessorImpl.java:62) ~[na:1.8.0_40]
	at sun.reflect.DelegatingMethodAccessorImpl.invoke(DelegatingMethodAccessorImpl.java:43) ~[na:1.8.0_40]
	at java.lang.reflect.Method.invoke(Method.java:497) ~[na:1.8.0_40]
	at org.springframework.beans.factory.support.SimpleInstantiationStrategy.instantiate(SimpleInstantiationStrategy.java:154) [spring-beans-5.0.11.RELEASE.jar:5.0.11.RELEASE]
	at org.springframework.beans.factory.support.ConstructorResolver.instantiateUsingFactoryMethod(ConstructorResolver.java:583) [spring-beans-5.0.11.RELEASE.jar:5.0.11.RELEASE]
	at org.springframework.beans.factory.support.AbstractAutowireCapableBeanFactory.instantiateUsingFactoryMethod(AbstractAutowireCapableBeanFactory.java:1246) [spring-beans-5.0.11.RELEASE.jar:5.0.11.RELEASE]
	at org.springframework.beans.factory.support.AbstractAutowireCapableBeanFactory.createBeanInstance(AbstractAutowireCapableBeanFactory.java:1096) [spring-beans-5.0.11.RELEASE.jar:5.0.11.RELEASE]
	at org.springframework.beans.factory.support.AbstractAutowireCapableBeanFactory.doCreateBean(AbstractAutowireCapableBeanFactory.java:535) [spring-beans-5.0.11.RELEASE.jar:5.0.11.RELEASE]
	at org.springframework.beans.factory.support.AbstractAutowireCapableBeanFactory.createBean(AbstractAutowireCapableBeanFactory.java:495) [spring-beans-5.0.11.RELEASE.jar:5.0.11.RELEASE]
	at org.springframework.beans.factory.support.AbstractBeanFactory.lambda$doGetBean$1(AbstractBeanFactory.java:353) [spring-beans-5.0.11.RELEASE.jar:5.0.11.RELEASE]
	at org.springframework.beans.factory.support.AbstractBeanFactory$$Lambda$1394/1451757974.getObject(Unknown Source) [spring-beans-5.0.11.RELEASE.jar:5.0.11.RELEASE]
	at org.springframework.cloud.context.scope.GenericScope$BeanLifecycleWrapper.getBean(GenericScope.java:390) [spring-cloud-context-2.0.2.RELEASE.jar:2.0.2.RELEASE]
	at org.springframework.cloud.context.scope.GenericScope.get(GenericScope.java:184) [spring-cloud-context-2.0.2.RELEASE.jar:2.0.2.RELEASE]
	at org.springframework.beans.factory.support.AbstractBeanFactory.doGetBean(AbstractBeanFactory.java:350) [spring-beans-5.0.11.RELEASE.jar:5.0.11.RELEASE]
	at org.springframework.beans.factory.support.AbstractBeanFactory.getBean(AbstractBeanFactory.java:199) [spring-beans-5.0.11.RELEASE.jar:5.0.11.RELEASE]
	at org.springframework.aop.target.SimpleBeanTargetSource.getTarget(SimpleBeanTargetSource.java:35) [spring-aop-5.0.11.RELEASE.jar:5.0.11.RELEASE]
	at org.springframework.aop.framework.JdkDynamicAopProxy.invoke(JdkDynamicAopProxy.java:193) [spring-aop-5.0.11.RELEASE.jar:5.0.11.RELEASE]
	at com.sun.proxy.$Proxy131.getInstancesByVipAddress(Unknown Source) [na:na]
	at com.netflix.niws.loadbalancer.DiscoveryEnabledNIWSServerList.obtainServersViaDiscovery(DiscoveryEnabledNIWSServerList.java:167) [ribbon-eureka-2.2.5.jar:2.2.5]
	at com.netflix.niws.loadbalancer.DiscoveryEnabledNIWSServerList.getUpdatedListOfServers(DiscoveryEnabledNIWSServerList.java:152) [ribbon-eureka-2.2.5.jar:2.2.5]
	at org.springframework.cloud.netflix.ribbon.eureka.DomainExtractingServerList.getUpdatedListOfServers(DomainExtractingServerList.java:57) [spring-cloud-netflix-eureka-client-2.0.2.RELEASE.jar:2.0.2.RELEASE]
	at com.netflix.loadbalancer.DynamicServerListLoadBalancer.updateListOfServers(DynamicServerListLoadBalancer.java:240) [ribbon-loadbalancer-2.2.5.jar:2.2.5]
	at com.netflix.loadbalancer.DynamicServerListLoadBalancer.restOfInit(DynamicServerListLoadBalancer.java:144) [ribbon-loadbalancer-2.2.5.jar:2.2.5]
	at com.netflix.loadbalancer.DynamicServerListLoadBalancer.<init>(DynamicServerListLoadBalancer.java:95) [ribbon-loadbalancer-2.2.5.jar:2.2.5]
	at com.netflix.loadbalancer.ZoneAwareLoadBalancer.<init>(ZoneAwareLoadBalancer.java:82) [ribbon-loadbalancer-2.2.5.jar:2.2.5]
	at org.springframework.cloud.netflix.ribbon.RibbonClientConfiguration.ribbonLoadBalancer(RibbonClientConfiguration.java:137) [spring-cloud-netflix-ribbon-2.0.2.RELEASE.jar:2.0.2.RELEASE]
	at org.springframework.cloud.netflix.ribbon.RibbonClientConfiguration$$EnhancerBySpringCGLIB$$ba321b92.CGLIB$ribbonLoadBalancer$7(<generated>) [spring-cloud-netflix-ribbon-2.0.2.RELEASE.jar:2.0.2.RELEASE]
	at org.springframework.cloud.netflix.ribbon.RibbonClientConfiguration$$EnhancerBySpringCGLIB$$ba321b92$$FastClassBySpringCGLIB$$3501b5a8.invoke(<generated>) [spring-cloud-netflix-ribbon-2.0.2.RELEASE.jar:2.0.2.RELEASE]
	at org.springframework.cglib.proxy.MethodProxy.invokeSuper(MethodProxy.java:228) [spring-core-5.0.11.RELEASE.jar:5.0.11.RELEASE]
	at org.springframework.context.annotation.ConfigurationClassEnhancer$BeanMethodInterceptor.intercept(ConfigurationClassEnhancer.java:365) [spring-context-5.0.11.RELEASE.jar:5.0.11.RELEASE]
	at org.springframework.cloud.netflix.ribbon.RibbonClientConfiguration$$EnhancerBySpringCGLIB$$ba321b92.ribbonLoadBalancer(<generated>) [spring-cloud-netflix-ribbon-2.0.2.RELEASE.jar:2.0.2.RELEASE]
	at sun.reflect.NativeMethodAccessorImpl.invoke0(Native Method) ~[na:1.8.0_40]
	at sun.reflect.NativeMethodAccessorImpl.invoke(NativeMethodAccessorImpl.java:62) ~[na:1.8.0_40]
[...]
	at com.netflix.discovery.shared.transport.decorator.EurekaHttpClientDecorator$6.execute(EurekaHttpClientDecorator.java:137) ~[eureka-client-1.9.3.jar:1.9.3]
	at com.netflix.discovery.shared.transport.decorator.SessionedEurekaHttpClient.execute(SessionedEurekaHttpClient.java:77) ~[eureka-client-1.9.3.jar:1.9.3]
	at com.netflix.discovery.shared.transport.decorator.EurekaHttpClientDecorator.getApplications(EurekaHttpClientDecorator.java:134) ~[eureka-client-1.9.3.jar:1.9.3]
	at com.netflix.discovery.DiscoveryClient.getAndStoreFullRegistry(DiscoveryClient.java:1051) [eureka-client-1.9.3.jar:1.9.3]
	at com.netflix.discovery.DiscoveryClient.fetchRegistry(DiscoveryClient.java:965) [eureka-client-1.9.3.jar:1.9.3]
	at com.netflix.discovery.DiscoveryClient.<init>(DiscoveryClient.java:414) [eureka-client-1.9.3.jar:1.9.3]
	at com.netflix.discovery.DiscoveryClient.<init>(DiscoveryClient.java:269) [eureka-client-1.9.3.jar:1.9.3]
	at org.springframework.cloud.netflix.eureka.CloudEurekaClient.<init>(CloudEurekaClient.java:63) [spring-cloud-netflix-eureka-client-2.0.2.RELEASE.jar:2.0.2.RELEASE]
	at org.springframework.cloud.netflix.eureka.EurekaClientAutoConfiguration$RefreshableEurekaClientConfiguration.eurekaClient(EurekaClientAutoConfiguration.java:290) [spring-cloud-netflix-eureka-client-2.0.2.RELEASE.jar:2.0.2.RELEASE]
	at org.springframework.cloud.netflix.eureka.EurekaClientAutoConfiguration$RefreshableEurekaClientConfiguration$$EnhancerBySpringCGLIB$$203f370.CGLIB$eurekaClient$0(<generated>) [spring-cloud-netflix-eureka-client-2.0.2.RELEASE.jar:2.0.2.RELEASE]
	at org.springframework.cloud.netflix.eureka.EurekaClientAutoConfiguration$RefreshableEurekaClientConfiguration$$EnhancerBySpringCGLIB$$203f370$$FastClassBySpringCGLIB$$eb58d9.invoke(<generated>) [spring-cloud-netflix-eureka-client-2.0.2.RELEASE.jar:2.0.2.RELEASE]
	at org.springframework.cglib.proxy.MethodProxy.invokeSuper(MethodProxy.java:228) [spring-core-5.0.11.RELEASE.jar:5.0.11.RELEASE]
	at org.springframework.context.annotation.ConfigurationClassEnhancer$BeanMethodInterceptor.intercept(ConfigurationClassEnhancer.java:365) [spring-context-5.0.11.RELEASE.jar:5.0.11.RELEASE]
	at org.springframework.cloud.netflix.eureka.EurekaClientAutoConfiguration$RefreshableEurekaClientConfiguration$$EnhancerBySpringCGLIB$$203f370.eurekaClient(<generated>) [spring-cloud-netflix-eureka-client-2.0.2.RELEASE.jar:2.0.2.RELEASE]
	at sun.reflect.NativeMethodAccessorImpl.invoke0(Native Method) ~[na:1.8.0_40]
	at sun.reflect.NativeMethodAccessorImpl.invoke(NativeMethodAccessorImpl.java:62) ~[na:1.8.0_40]
	at sun.reflect.DelegatingMethodAccessorImpl.invoke(DelegatingMethodAccessorImpl.java:43) ~[na:1.8.0_40]
	at java.lang.reflect.Method.invoke(Method.java:497) ~[na:1.8.0_40]
	at org.springframework.beans.factory.support.SimpleInstantiationStrategy.instantiate(SimpleInstantiationStrategy.java:154) [spring-beans-5.0.11.RELEASE.jar:5.0.11.RELEASE]
	at org.springframework.beans.factory.support.ConstructorResolver.instantiateUsingFactoryMethod(ConstructorResolver.java:583) [spring-beans-5.0.11.RELEASE.jar:5.0.11.RELEASE]
	at org.springframework.beans.factory.support.AbstractAutowireCapableBeanFactory.instantiateUsingFactoryMethod(AbstractAutowireCapableBeanFactory.java:1246) [spring-beans-5.0.11.RELEASE.jar:5.0.11.RELEASE]
	at org.springframework.beans.factory.support.AbstractAutowireCapableBeanFactory.createBeanInstance(AbstractAutowireCapableBeanFactory.java:1096) [spring-beans-5.0.11.RELEASE.jar:5.0.11.RELEASE]
	at org.springframework.beans.factory.support.AbstractAutowireCapableBeanFactory.doCreateBean(AbstractAutowireCapableBeanFactory.java:535) [spring-beans-5.0.11.RELEASE.jar:5.0.11.RELEASE]
	at org.springframework.beans.factory.support.AbstractAutowireCapableBeanFactory.createBean(AbstractAutowireCapableBeanFactory.java:495) [spring-beans-5.0.11.RELEASE.jar:5.0.11.RELEASE]
	at org.springframework.beans.factory.support.AbstractBeanFactory.lambda$doGetBean$1(AbstractBeanFactory.java:353) [spring-beans-5.0.11.RELEASE.jar:5.0.11.RELEASE]
	at org.springframework.beans.factory.support.AbstractBeanFactory$$Lambda$1394/1451757974.getObject(Unknown Source) [spring-beans-5.0.11.RELEASE.jar:5.0.11.RELEASE]
	at org.springframework.cloud.context.scope.GenericScope$BeanLifecycleWrapper.getBean(GenericScope.java:390) [spring-cloud-context-2.0.2.RELEASE.jar:2.0.2.RELEASE]
	at org.springframework.cloud.context.scope.GenericScope.get(GenericScope.java:184) [spring-cloud-context-2.0.2.RELEASE.jar:2.0.2.RELEASE]
	at org.springframework.beans.factory.support.AbstractBeanFactory.doGetBean(AbstractBeanFactory.java:350) [spring-beans-5.0.11.RELEASE.jar:5.0.11.RELEASE]
	at org.springframework.beans.factory.support.AbstractBeanFactory.getBean(AbstractBeanFactory.java:199) [spring-beans-5.0.11.RELEASE.jar:5.0.11.RELEASE]
	at org.springframework.aop.target.SimpleBeanTargetSource.getTarget(SimpleBeanTargetSource.java:35) [spring-aop-5.0.11.RELEASE.jar:5.0.11.RELEASE]
	at org.springframework.aop.framework.JdkDynamicAopProxy.invoke(JdkDynamicAopProxy.java:193) [spring-aop-5.0.11.RELEASE.jar:5.0.11.RELEASE]
	at com.sun.proxy.$Proxy131.getInstancesByVipAddress(Unknown Source) [na:na]
	at com.netflix.niws.loadbalancer.DiscoveryEnabledNIWSServerList.obtainServersViaDiscovery(DiscoveryEnabledNIWSServerList.java:167) [ribbon-eureka-2.2.5.jar:2.2.5]
	at com.netflix.niws.loadbalancer.DiscoveryEnabledNIWSServerList.getUpdatedListOfServers(DiscoveryEnabledNIWSServerList.java:152) [ribbon-eureka-2.2.5.jar:2.2.5]
	at org.springframework.cloud.netflix.ribbon.eureka.DomainExtractingServerList.getUpdatedListOfServers(DomainExtractingServerList.java:57) [spring-cloud-netflix-eureka-client-2.0.2.RELEASE.jar:2.0.2.RELEASE]
	at com.netflix.loadbalancer.DynamicServerListLoadBalancer.updateListOfServers(DynamicServerListLoadBalancer.java:240) [ribbon-loadbalancer-2.2.5.jar:2.2.5]
	at com.netflix.loadbalancer.DynamicServerListLoadBalancer.restOfInit(DynamicServerListLoadBalancer.java:144) [ribbon-loadbalancer-2.2.5.jar:2.2.5]
	at com.netflix.loadbalancer.DynamicServerListLoadBalancer.<init>(DynamicServerListLoadBalancer.java:95) [ribbon-loadbalancer-2.2.5.jar:2.2.5]
	at com.netflix.loadbalancer.ZoneAwareLoadBalancer.<init>(ZoneAwareLoadBalancer.java:82) [ribbon-loadbalancer-2.2.5.jar:2.2.5]
	at org.springframework.cloud.netflix.ribbon.RibbonClientConfiguration.ribbonLoadBalancer(RibbonClientConfiguration.java:137) [spring-cloud-netflix-ribbon-2.0.2.RELEASE.jar:2.0.2.RELEASE]
	at org.springframework.cloud.netflix.ribbon.RibbonClientConfiguration$$EnhancerBySpringCGLIB$$ba321b92.CGLIB$ribbonLoadBalancer$7(<generated>) [spring-cloud-netflix-ribbon-2.0.2.RELEASE.jar:2.0.2.RELEASE]
	at org.springframework.cloud.netflix.ribbon.RibbonClientConfiguration$$EnhancerBySpringCGLIB$$ba321b92$$FastClassBySpringCGLIB$$3501b5a8.invoke(<generated>) [spring-cloud-netflix-ribbon-2.0.2.RELEASE.jar:2.0.2.RELEASE]
	at org.springframework.cglib.proxy.MethodProxy.invokeSuper(MethodProxy.java:228) [spring-core-5.0.11.RELEASE.jar:5.0.11.RELEASE]
	at org.springframework.context.annotation.ConfigurationClassEnhancer$BeanMethodInterceptor.intercept(ConfigurationClassEnhancer.java:365) [spring-context-5.0.11.RELEASE.jar:5.0.11.RELEASE]
	at org.springframework.cloud.netflix.ribbon.RibbonClientConfiguration$$EnhancerBySpringCGLIB$$ba321b92.ribbonLoadBalancer(<generated>) [spring-cloud-netflix-ribbon-2.0.2.RELEASE.jar:2.0.2.RELEASE]
	at sun.reflect.NativeMethodAccessorImpl.invoke0(Native Method) ~[na:1.8.0_40]
	at sun.reflect.NativeMethodAccessorImpl.invoke(NativeMethodAccessorImpl.java:62) ~[na:1.8.0_40]
	at sun.reflect.DelegatingMethodAccessorImpl.invoke(DelegatingMethodAccessorImpl.java:43) ~[na:1.8.0_40]
	at java.lang.reflect.Method.invoke(Method.java:497) ~[na:1.8.0_40]
	at org.springframework.beans.factory.support.SimpleInstantiationStrategy.instantiate(SimpleInstantiationStrategy.java:154) [spring-beans-5.0.11.RELEASE.jar:5.0.11.RELEASE]
	at org.springframework.beans.factory.support.ConstructorResolver.instantiateUsingFactoryMethod(ConstructorResolver.java:583) [spring-beans-5.0.11.RELEASE.jar:5.0.11.RELEASE]
	at org.springframework.beans.factory.support.AbstractAutowireCapableBeanFactory.instantiateUsingFactoryMethod(AbstractAutowireCapableBeanFactory.java:1246) [spring-beans-5.0.11.RELEASE.jar:5.0.11.RELEASE]
	at org.springframework.beans.factory.support.AbstractAutowireCapableBeanFactory.createBeanInstance(AbstractAutowireCapableBeanFactory.java:1096) [spring-beans-5.0.11.RELEASE.jar:5.0.11.RELEASE]
	at org.springframework.beans.factory.support.AbstractAutowireCapableBeanFactory.doCreateBean(AbstractAutowireCapableBeanFactory.java:535) [spring-beans-5.0.11.RELEASE.jar:5.0.11.RELEASE]
	at org.springframework.beans.factory.support.AbstractAutowireCapableBeanFactory.createBean(AbstractAutowireCapableBeanFactory.java:495) [spring-beans-5.0.11.RELEASE.jar:5.0.11.RELEASE]
	at org.springframework.beans.factory.support.AbstractBeanFactory.lambda$doGetBean$0(AbstractBeanFactory.java:317) [spring-beans-5.0.11.RELEASE.jar:5.0.11.RELEASE]
	at org.springframework.beans.factory.support.AbstractBeanFactory$$Lambda$146/447767121.getObject(Unknown Source) [spring-beans-5.0.11.RELEASE.jar:5.0.11.RELEASE]
	at org.springframework.beans.factory.support.DefaultSingletonBeanRegistry.getSingleton(DefaultSingletonBeanRegistry.java:222) [spring-beans-5.0.11.RELEASE.jar:5.0.11.RELEASE]
	at org.springframework.beans.factory.support.AbstractBeanFactory.doGetBean(AbstractBeanFactory.java:315) [spring-beans-5.0.11.RELEASE.jar:5.0.11.RELEASE]
	at org.springframework.beans.factory.support.AbstractBeanFactory.getBean(AbstractBeanFactory.java:199) [spring-beans-5.0.11.RELEASE.jar:5.0.11.RELEASE]
	at org.springframework.beans.factory.config.DependencyDescriptor.resolveCandidate(DependencyDescriptor.java:251) [spring-beans-5.0.11.RELEASE.jar:5.0.11.RELEASE]
	at org.springframework.beans.factory.support.DefaultListableBeanFactory.doResolveDependency(DefaultListableBeanFactory.java:1135) [spring-beans-5.0.11.RELEASE.jar:5.0.11.RELEASE]
	at org.springframework.beans.factory.support.DefaultListableBeanFactory.resolveDependency(DefaultListableBeanFactory.java:1062) [spring-beans-5.0.11.RELEASE.jar:5.0.11.RELEASE]
	at org.springframework.beans.factory.support.ConstructorResolver.resolveAutowiredArgument(ConstructorResolver.java:819) [spring-beans-5.0.11.RELEASE.jar:5.0.11.RELEASE]
	at org.springframework.beans.factory.support.ConstructorResolver.createArgumentArray(ConstructorResolver.java:725) [spring-beans-5.0.11.RELEASE.jar:5.0.11.RELEASE]
	at org.springframework.beans.factory.support.ConstructorResolver.instantiateUsingFactoryMethod(ConstructorResolver.java:475) [spring-beans-5.0.11.RELEASE.jar:5.0.11.RELEASE]
	at org.springframework.beans.factory.support.AbstractAutowireCapableBeanFactory.instantiateUsingFactoryMethod(AbstractAutowireCapableBeanFactory.java:1246) [spring-beans-5.0.11.RELEASE.jar:5.0.11.RELEASE]
	at org.springframework.beans.factory.support.AbstractAutowireCapableBeanFactory.createBeanInstance(AbstractAutowireCapableBeanFactory.java:1096) [spring-beans-5.0.11.RELEASE.jar:5.0.11.RELEASE]
	at org.springframework.beans.factory.support.AbstractAutowireCapableBeanFactory.doCreateBean(AbstractAutowireCapableBeanFactory.java:535) [spring-beans-5.0.11.RELEASE.jar:5.0.11.RELEASE]
	at org.springframework.beans.factory.support.AbstractAutowireCapableBeanFactory.createBean(AbstractAutowireCapableBeanFactory.java:495) [spring-beans-5.0.11.RELEASE.jar:5.0.11.RELEASE]
	at org.springframework.beans.factory.support.AbstractBeanFactory.lambda$doGetBean$0(AbstractBeanFactory.java:317) [spring-beans-5.0.11.RELEASE.jar:5.0.11.RELEASE]
	at org.springframework.beans.factory.support.AbstractBeanFactory$$Lambda$146/447767121.getObject(Unknown Source) [spring-beans-5.0.11.RELEASE.jar:5.0.11.RELEASE]
	at org.springframework.beans.factory.support.DefaultSingletonBeanRegistry.getSingleton(DefaultSingletonBeanRegistry.java:222) [spring-beans-5.0.11.RELEASE.jar:5.0.11.RELEASE]
	at org.springframework.beans.factory.support.AbstractBeanFactory.doGetBean(AbstractBeanFactory.java:315) [spring-beans-5.0.11.RELEASE.jar:5.0.11.RELEASE]
	at org.springframework.beans.factory.support.AbstractBeanFactory.getBean(AbstractBeanFactory.java:199) [spring-beans-5.0.11.RELEASE.jar:5.0.11.RELEASE]
	at org.springframework.beans.factory.support.DefaultListableBeanFactory.preInstantiateSingletons(DefaultListableBeanFactory.java:759) [spring-beans-5.0.11.RELEASE.jar:5.0.11.RELEASE]
	at org.springframework.context.support.AbstractApplicationContext.finishBeanFactoryInitialization(AbstractApplicationContext.java:867) [spring-context-5.0.11.RELEASE.jar:5.0.11.RELEASE]
	at org.springframework.context.support.AbstractApplicationContext.refresh(AbstractApplicationContext.java:548) [spring-context-5.0.11.RELEASE.jar:5.0.11.RELEASE]
	at org.springframework.cloud.context.named.NamedContextFactory.createContext(NamedContextFactory.java:117) [spring-cloud-context-2.0.2.RELEASE.jar:2.0.2.RELEASE]
	at org.springframework.cloud.context.named.NamedContextFactory.getContext(NamedContextFactory.java:85) [spring-cloud-context-2.0.2.RELEASE.jar:2.0.2.RELEASE]
	at org.springframework.cloud.netflix.ribbon.SpringClientFactory.getContext(SpringClientFactory.java:118) [spring-cloud-netflix-ribbon-2.0.2.RELEASE.jar:2.0.2.RELEASE]
	at org.springframework.cloud.context.named.NamedContextFactory.getInstance(NamedContextFactory.java:126) [spring-cloud-context-2.0.2.RELEASE.jar:2.0.2.RELEASE]
	at org.springframework.cloud.netflix.ribbon.SpringClientFactory.getInstance(SpringClientFactory.java:108) [spring-cloud-netflix-ribbon-2.0.2.RELEASE.jar:2.0.2.RELEASE]
	at org.springframework.cloud.netflix.ribbon.SpringClientFactory.getClientConfig(SpringClientFactory.java:65) [spring-cloud-netflix-ribbon-2.0.2.RELEASE.jar:2.0.2.RELEASE]
	at org.springframework.cloud.openfeign.ribbon.LoadBalancerFeignClient.getClientConfig(LoadBalancerFeignClient.java:78) [spring-cloud-openfeign-core-2.0.2.RELEASE.jar:2.0.2.RELEASE]
	at org.springframework.cloud.openfeign.ribbon.LoadBalancerFeignClient.execute(LoadBalancerFeignClient.java:62) [spring-cloud-openfeign-core-2.0.2.RELEASE.jar:2.0.2.RELEASE]
	at feign.SynchronousMethodHandler.executeAndDecode(SynchronousMethodHandler.java:98) [feign-core-9.7.0.jar:na]
	at feign.SynchronousMethodHandler.invoke(SynchronousMethodHandler.java:77) [feign-core-9.7.0.jar:na]
	at feign.ReflectiveFeign$FeignInvocationHandler.invoke(ReflectiveFeign.java:102) [feign-core-9.7.0.jar:na]
	at com.sun.proxy.$Proxy107.querySpuBoByPage(Unknown Source) [na:na]
	at com.nc.search.test.ElasticsearchTest.spuToGoods(ElasticsearchTest.java:47) [test-classes/:na]
	at sun.reflect.NativeMethodAccessorImpl.invoke0(Native Method) ~[na:1.8.0_40]
	at sun.reflect.NativeMethodAccessorImpl.invoke(NativeMethodAccessorImpl.java:62) ~[na:1.8.0_40]
	at sun.reflect.DelegatingMethodAccessorImpl.invoke(DelegatingMethodAccessorImpl.java:43) ~[na:1.8.0_40]
	at java.lang.reflect.Method.invoke(Method.java:497) ~[na:1.8.0_40]
	at org.junit.runners.model.FrameworkMethod$1.runReflectiveCall(FrameworkMethod.java:50) [junit-4.12.jar:4.12]
	at org.junit.internal.runners.model.ReflectiveCallable.run(ReflectiveCallable.java:12) [junit-4.12.jar:4.12]
	at org.junit.runners.model.FrameworkMethod.invokeExplosively(FrameworkMethod.java:47) [junit-4.12.jar:4.12]
	at org.junit.internal.runners.statements.InvokeMethod.evaluate(InvokeMethod.java:17) [junit-4.12.jar:4.12]
	at org.springframework.test.context.junit4.statements.RunBeforeTestExecutionCallbacks.evaluate(RunBeforeTestExecutionCallbacks.java:73) [spring-test-5.0.11.RELEASE.jar:5.0.11.RELEASE]
	at org.springframework.test.context.junit4.statements.RunAfterTestExecutionCallbacks.evaluate(RunAfterTestExecutionCallbacks.java:83) [spring-test-5.0.11.RELEASE.jar:5.0.11.RELEASE]
	at org.springframework.test.context.junit4.statements.RunBeforeTestMethodCallbacks.evaluate(RunBeforeTestMethodCallbacks.java:75) [spring-test-5.0.11.RELEASE.jar:5.0.11.RELEASE]
	at org.springframework.test.context.junit4.statements.RunAfterTestMethodCallbacks.evaluate(RunAfterTestMethodCallbacks.java:86) [spring-test-5.0.11.RELEASE.jar:5.0.11.RELEASE]
	at org.springframework.test.context.junit4.statements.SpringRepeat.evaluate(SpringRepeat.java:84) [spring-test-5.0.11.RELEASE.jar:5.0.11.RELEASE]
	at org.junit.runners.ParentRunner.runLeaf(ParentRunner.java:325) [junit-4.12.jar:4.12]
	at org.springframework.test.context.junit4.SpringJUnit4ClassRunner.runChild(SpringJUnit4ClassRunner.java:251) [spring-test-5.0.11.RELEASE.jar:5.0.11.RELEASE]
	at org.springframework.test.context.junit4.SpringJUnit4ClassRunner.runChild(SpringJUnit4ClassRunner.java:97) [spring-test-5.0.11.RELEASE.jar:5.0.11.RELEASE]
	at org.junit.runners.ParentRunner$3.run(ParentRunner.java:290) [junit-4.12.jar:4.12]
	at org.junit.runners.ParentRunner$1.schedule(ParentRunner.java:71) [junit-4.12.jar:4.12]
	at org.junit.runners.ParentRunner.runChildren(ParentRunner.java:288) [junit-4.12.jar:4.12]
	at org.junit.runners.ParentRunner.access$000(ParentRunner.java:58) [junit-4.12.jar:4.12]
	at org.junit.runners.ParentRunner$2.evaluate(ParentRunner.java:268) [junit-4.12.jar:4.12]
	at org.springframework.test.context.junit4.statements.RunBeforeTestClassCallbacks.evaluate(RunBeforeTestClassCallbacks.java:61) [spring-test-5.0.11.RELEASE.jar:5.0.11.RELEASE]
	at org.springframework.test.context.junit4.statements.RunAfterTestClassCallbacks.evaluate(RunAfterTestClassCallbacks.java:70) [spring-test-5.0.11.RELEASE.jar:5.0.11.RELEASE]
	at org.junit.runners.ParentRunner.run(ParentRunner.java:363) [junit-4.12.jar:4.12]
	at org.springframework.test.context.junit4.SpringJUnit4ClassRunner.run(SpringJUnit4ClassRunner.java:190) [spring-test-5.0.11.RELEASE.jar:5.0.11.RELEASE]
	at org.apache.maven.surefire.junit4.JUnit4Provider.execute(JUnit4Provider.java:365) [surefire-junit4-2.21.0.jar:2.21.0]
	at org.apache.maven.surefire.junit4.JUnit4Provider.executeWithRerun(JUnit4Provider.java:273) [surefire-junit4-2.21.0.jar:2.21.0]
	at org.apache.maven.surefire.junit4.JUnit4Provider.executeTestSet(JUnit4Provider.java:238) [surefire-junit4-2.21.0.jar:2.21.0]
	at org.apache.maven.surefire.junit4.JUnit4Provider.invoke(JUnit4Provider.java:159) [surefire-junit4-2.21.0.jar:2.21.0]
	at org.apache.maven.surefire.booter.ForkedBooter.invokeProviderInSameClassLoader(ForkedBooter.java:379) [surefire-booter-2.21.0.jar:2.21.0]
	at org.apache.maven.surefire.booter.ForkedBooter.runSuitesInProcess(ForkedBooter.java:340) [surefire-booter-2.21.0.jar:2.21.0]
	at org.apache.maven.surefire.booter.ForkedBooter.execute(ForkedBooter.java:125) [surefire-booter-2.21.0.jar:2.21.0]
	at org.apache.maven.surefire.booter.ForkedBooter.main(ForkedBooter.java:413) [surefire-booter-2.21.0.jar:2.21.0]

2020-01-15 10:46:52.167  WARN 14648 --- [           main] com.netflix.discovery.DiscoveryClient    : Using default backup registry implementation which does not do anything.
2020-01-15 10:46:52.169  INFO 14648 --- [           main] com.netflix.discovery.DiscoveryClient    : Starting heartbeat executor: renew interval is: 5
2020-01-15 10:46:52.171  INFO 14648 --- [           main] c.n.discovery.InstanceInfoReplicator     : InstanceInfoReplicator onDemand update allowed rate per min is 4
2020-01-15 10:46:52.175  INFO 14648 --- [           main] com.netflix.discovery.DiscoveryClient    : Discovery Client initialized at timestamp 1579056412173 with initial instances count: 0
2020-01-15 10:46:52.179  INFO 14648 --- [           main] c.n.l.DynamicServerListLoadBalancer      : DynamicServerListLoadBalancer for client item-service initialized: DynamicServerListLoadBalancer:{NFLoadBalancer:name=item-service,current list of Servers=[],Load balancer stats=Zone stats: {},Server stats: []}ServerList:org.springframework.cloud.netflix.ribbon.eureka.DomainExtractingServerList@41289e88
]]></system-out>
  </testcase>
</testsuite>