<?xml version="1.0" encoding="UTF-8"?>
<testsuite xmlns:xsi="http://www.w3.org/2001/XMLSchema-instance" xsi:noNamespaceSchemaLocation="https://maven.apache.org/surefire/maven-surefire-plugin/xsd/surefire-test-report.xsd" name="com.nc.upload.test.FastDFSTest" time="9.465" tests="2" errors="2" skipped="0" failures="0">
  <properties>
[...]
</properties>
  <testcase name="testUploadAndCreateThumb" classname="com.nc.upload.test.FastDFSTest" time="0.702">
    <error message="无法获取服务端连接资源：can&apos;t create connection to/192.168.211.138:22122" type="com.github.tobato.fastdfs.exception.FdfsConnectException">com.github.tobato.fastdfs.exception.FdfsConnectException: 无法获取服务端连接资源：can't create connection to/192.168.211.138:22122
	at com.nc.upload.test.FastDFSTest.testUploadAndCreateThumb(FastDFSTest.java:43)
Caused by: java.net.SocketTimeoutException: connect timed out
	at com.nc.upload.test.FastDFSTest.testUploadAndCreateThumb(FastDFSTest.java:43)
</error>
    <system-out><![CDATA[10:42:01.194 [main] DEBUG org.springframework.test.context.junit4.SpringJUnit4ClassRunner - SpringJUnit4ClassRunner constructor called with [class com.nc.upload.test.FastDFSTest]
10:42:01.198 [main] DEBUG org.springframework.test.context.BootstrapUtils - Instantiating CacheAwareContextLoaderDelegate from class [org.springframework.test.context.cache.DefaultCacheAwareContextLoaderDelegate]
10:42:01.204 [main] DEBUG org.springframework.test.context.BootstrapUtils - Instantiating BootstrapContext using constructor [public org.springframework.test.context.support.DefaultBootstrapContext(java.lang.Class,org.springframework.test.context.CacheAwareContextLoaderDelegate)]
10:42:01.216 [main] DEBUG org.springframework.test.context.BootstrapUtils - Instantiating TestContextBootstrapper for test class [com.nc.upload.test.FastDFSTest] from class [org.springframework.boot.test.context.SpringBootTestContextBootstrapper]
10:42:01.231 [main] INFO org.springframework.boot.test.context.SpringBootTestContextBootstrapper - Neither @ContextConfiguration nor @ContextHierarchy found for test class [com.nc.upload.test.FastDFSTest], using SpringBootContextLoader
10:42:01.233 [main] DEBUG org.springframework.test.context.support.AbstractContextLoader - Did not detect default resource location for test class [com.nc.upload.test.FastDFSTest]: class path resource [com/nc/upload/test/FastDFSTest-context.xml] does not exist
10:42:01.234 [main] DEBUG org.springframework.test.context.support.AbstractContextLoader - Did not detect default resource location for test class [com.nc.upload.test.FastDFSTest]: class path resource [com/nc/upload/test/FastDFSTestContext.groovy] does not exist
10:42:01.234 [main] INFO org.springframework.test.context.support.AbstractContextLoader - Could not detect default resource locations for test class [com.nc.upload.test.FastDFSTest]: no resource found for suffixes {-context.xml, Context.groovy}.
10:42:01.235 [main] INFO org.springframework.test.context.support.AnnotationConfigContextLoaderUtils - Could not detect default configuration classes for test class [com.nc.upload.test.FastDFSTest]: FastDFSTest does not declare any static, non-private, non-final, nested classes annotated with @Configuration.
10:42:01.269 [main] DEBUG org.springframework.test.context.support.ActiveProfilesUtils - Could not find an 'annotation declaring class' for annotation type [org.springframework.test.context.ActiveProfiles] and class [com.nc.upload.test.FastDFSTest]
10:42:01.276 [main] DEBUG org.springframework.core.env.StandardEnvironment - Adding PropertySource 'systemProperties' with lowest search precedence
10:42:01.276 [main] DEBUG org.springframework.core.env.StandardEnvironment - Adding PropertySource 'systemEnvironment' with lowest search precedence
10:42:01.277 [main] DEBUG org.springframework.core.env.StandardEnvironment - Initialized StandardEnvironment with PropertySources [MapPropertySource@660017404 {name='systemProperties', properties={java.runtime.name=Java(TM) SE Runtime Environment, sun.boot.library.path=D:\jdk\JDK8_64\jre\bin, java.vm.version=25.40-b25, java.vm.vendor=Oracle Corporation, java.vendor.url=http://java.oracle.com/, path.separator=;, java.vm.name=Java HotSpot(TM) 64-Bit Server VM, file.encoding.pkg=sun.io, user.country=CN, user.script=, sun.java.launcher=SUN_STANDARD, sun.os.patch.level=, java.vm.specification.name=Java Virtual Machine Specification, user.dir=F:\nc_parent\nc-upload, java.runtime.version=1.8.0_40-b25, basedir=F:\nc_parent\nc-upload, java.awt.graphicsenv=sun.awt.Win32GraphicsEnvironment, java.endorsed.dirs=D:\jdk\JDK8_64\jre\lib\endorsed, os.arch=amd64, surefire.real.class.path=C:\Users\YUEZHI~1\AppData\Local\Temp\surefire3984812184578704841\surefirebooter6127684706204049968.jar, java.io.tmpdir=C:\Users\YUEZHI~1\AppData\Local\Temp\, line.separator=
, java.vm.specification.vendor=Oracle Corporation, user.variant=, os.name=Windows 8.1, sun.jnu.encoding=GBK, java.library.path=D:\jdk\JDK8_64\jre\bin;C:\WINDOWS\Sun\Java\bin;C:\WINDOWS\system32;C:\WINDOWS;C:\WINDOWS\system32;C:\WINDOWS;C:\WINDOWS\System32\Wbem;C:\WINDOWS\System32\WindowsPowerShell\v1.0\;C:\Program Files (x86)\NVIDIA Corporation\PhysX\Common;D:\jdk\JDK8_64\bin;C:\Program Files\Intel\WiFi\bin\;C:\Program Files\Common Files\Intel\WirelessCommon\;C:\Program Files\MySQL\MySQL Utilities 1.6\;C:\WINDOWS\system32;C:\WINDOWS;C:\WINDOWS\System32\Wbem;C:\WINDOWS\System32\WindowsPowerShell\v1.0\;C:\WINDOWS\System32\OpenSSH\;C:\Program Files\Crucial\Crucial Storage Executive;D:\apache\apache-maven-3.6.1\bin;D:\nodejs\;C:\Program Files\MySQL\MySQL Shell 8.0\bin\;C:\Program Files\Intel\WiFi\bin\;C:\Program Files\Common Files\Intel\WirelessCommon\;C:\Users\Yuezhiwei\AppData\Local\Microsoft\WindowsApps;;D:\IntelliJ IDEA 2019.1.3\bin;;C:\Users\Yuezhiwei\AppData\Roaming\npm;., surefire.test.class.path=F:\nc_parent\nc-upload\target\test-classes;F:\nc_parent\nc-upload\target\classes;E:\Maven\repository\org\springframework\cloud\spring-cloud-starter-netflix-eureka-client\2.0.2.RELEASE\spring-cloud-starter-netflix-eureka-client-2.0.2.RELEASE.jar;E:\Maven\repository\org\springframework\cloud\spring-cloud-starter\2.0.2.RELEASE\spring-cloud-starter-2.0.2.RELEASE.jar;E:\Maven\repository\org\springframework\cloud\spring-cloud-context\2.0.2.RELEASE\spring-cloud-context-2.0.2.RELEASE.jar;E:\Maven\repository\org\springframework\security\spring-security-crypto\5.0.10.RELEASE\spring-security-crypto-5.0.10.RELEASE.jar;E:\Maven\repository\org\springframework\cloud\spring-cloud-commons\2.0.2.RELEASE\spring-cloud-commons-2.0.2.RELEASE.jar;E:\Maven\repository\org\springframework\security\spring-security-rsa\1.0.7.RELEASE\spring-security-rsa-1.0.7.RELEASE.jar;E:\Maven\repository\org\bouncycastle\bcpkix-jdk15on\1.60\bcpkix-jdk15on-1.60.jar;E:\Maven\repository\org\bouncycastle\bcprov-jdk15on\1.60\bcprov-jdk15on-1.60.jar;E:\Maven\repository\org\springframework\cloud\spring-cloud-netflix-core\2.0.2.RELEASE\spring-cloud-netflix-core-2.0.2.RELEASE.jar;E:\Maven\repository\org\springframework\boot\spring-boot-starter-aop\2.0.7.RELEASE\spring-boot-starter-aop-2.0.7.RELEASE.jar;E:\Maven\repository\org\aspectj\aspectjweaver\1.8.13\aspectjweaver-1.8.13.jar;E:\Maven\repository\org\springframework\cloud\spring-cloud-netflix-eureka-client\2.0.2.RELEASE\spring-cloud-netflix-eureka-client-2.0.2.RELEASE.jar;E:\Maven\repository\com\netflix\eureka\eureka-client\1.9.3\eureka-client-1.9.3.jar;E:\Maven\repository\org\codehaus\jettison\jettison\1.3.7\jettison-1.3.7.jar;E:\Maven\repository\stax\stax-api\1.0.1\stax-api-1.0.1.jar;E:\Maven\repository\com\netflix\netflix-commons\netflix-eventbus\0.3.0\netflix-eventbus-0.3.0.jar;E:\Maven\repository\com\netflix\netflix-commons\netflix-infix\0.3.0\netflix-infix-0.3.0.jar;E:\Maven\repository\commons-jxpath\commons-jxpath\1.3\commons-jxpath-1.3.jar;E:\Maven\repository\joda-time\joda-time\2.9.9\joda-time-2.9.9.jar;E:\Maven\repository\org\antlr\antlr-runtime\3.4\antlr-runtime-3.4.jar;E:\Maven\repository\org\antlr\stringtemplate\3.2.1\stringtemplate-3.2.1.jar;E:\Maven\repository\antlr\antlr\2.7.7\antlr-2.7.7.jar;E:\Maven\repository\com\google\code\gson\gson\2.8.5\gson-2.8.5.jar;E:\Maven\repository\org\apache\commons\commons-math\2.2\commons-math-2.2.jar;E:\Maven\repository\com\netflix\archaius\archaius-core\0.7.6\archaius-core-0.7.6.jar;E:\Maven\repository\com\google\guava\guava\16.0\guava-16.0.jar;E:\Maven\repository\javax\ws\rs\jsr311-api\1.1.1\jsr311-api-1.1.1.jar;E:\Maven\repository\com\netflix\servo\servo-core\0.12.21\servo-core-0.12.21.jar;E:\Maven\repository\com\sun\jersey\jersey-core\1.19.1\jersey-core-1.19.1.jar;E:\Maven\repository\com\sun\jersey\jersey-client\1.19.1\jersey-client-1.19.1.jar;E:\Maven\repository\com\sun\jersey\contribs\jersey-apache-client4\1.19.1\jersey-apache-client4-1.19.1.jar;E:\Maven\repository\org\apache\httpcomponents\httpclient\4.5.6\httpclient-4.5.6.jar;E:\Maven\repository\org\apache\httpcomponents\httpcore\4.4.10\httpcore-4.4.10.jar;E:\Maven\repository\commons-codec\commons-codec\1.11\commons-codec-1.11.jar;E:\Maven\repository\com\google\inject\guice\4.1.0\guice-4.1.0.jar;E:\Maven\repository\javax\inject\javax.inject\1\javax.inject-1.jar;E:\Maven\repository\aopalliance\aopalliance\1.0\aopalliance-1.0.jar;E:\Maven\repository\com\github\vlsi\compactmap\compactmap\1.2.1\compactmap-1.2.1.jar;E:\Maven\repository\com\github\andrewoma\dexx\dexx-collections\0.2\dexx-collections-0.2.jar;E:\Maven\repository\com\fasterxml\jackson\core\jackson-annotations\2.9.0\jackson-annotations-2.9.0.jar;E:\Maven\repository\com\fasterxml\jackson\core\jackson-core\2.9.7\jackson-core-2.9.7.jar;E:\Maven\repository\com\fasterxml\jackson\core\jackson-databind\2.9.7\jackson-databind-2.9.7.jar;E:\Maven\repository\com\netflix\eureka\eureka-core\1.9.3\eureka-core-1.9.3.jar;E:\Maven\repository\org\codehaus\woodstox\woodstox-core-asl\4.4.1\woodstox-core-asl-4.4.1.jar;E:\Maven\repository\javax\xml\stream\stax-api\1.0-2\stax-api-1.0-2.jar;E:\Maven\repository\org\codehaus\woodstox\stax2-api\3.1.4\stax2-api-3.1.4.jar;E:\Maven\repository\org\springframework\cloud\spring-cloud-starter-netflix-archaius\2.0.2.RELEASE\spring-cloud-starter-netflix-archaius-2.0.2.RELEASE.jar;E:\Maven\repository\org\springframework\cloud\spring-cloud-netflix-ribbon\2.0.2.RELEASE\spring-cloud-netflix-ribbon-2.0.2.RELEASE.jar;E:\Maven\repository\org\springframework\cloud\spring-cloud-netflix-archaius\2.0.2.RELEASE\spring-cloud-netflix-archaius-2.0.2.RELEASE.jar;E:\Maven\repository\commons-configuration\commons-configuration\1.8\commons-configuration-1.8.jar;E:\Maven\repository\commons-lang\commons-lang\2.6\commons-lang-2.6.jar;E:\Maven\repository\org\springframework\cloud\spring-cloud-starter-netflix-ribbon\2.0.2.RELEASE\spring-cloud-starter-netflix-ribbon-2.0.2.RELEASE.jar;E:\Maven\repository\com\netflix\ribbon\ribbon\2.2.5\ribbon-2.2.5.jar;E:\Maven\repository\com\netflix\ribbon\ribbon-transport\2.2.5\ribbon-transport-2.2.5.jar;E:\Maven\repository\io\reactivex\rxnetty-contexts\0.4.9\rxnetty-contexts-0.4.9.jar;E:\Maven\repository\io\reactivex\rxnetty-servo\0.4.9\rxnetty-servo-0.4.9.jar;E:\Maven\repository\com\netflix\hystrix\hystrix-core\1.5.12\hystrix-core-1.5.12.jar;E:\Maven\repository\org\hdrhistogram\HdrHistogram\2.1.9\HdrHistogram-2.1.9.jar;E:\Maven\repository\io\reactivex\rxnetty\0.4.9\rxnetty-0.4.9.jar;E:\Maven\repository\com\netflix\ribbon\ribbon-core\2.2.5\ribbon-core-2.2.5.jar;E:\Maven\repository\com\netflix\ribbon\ribbon-httpclient\2.2.5\ribbon-httpclient-2.2.5.jar;E:\Maven\repository\com\netflix\netflix-commons\netflix-commons-util\0.3.0\netflix-commons-util-0.3.0.jar;E:\Maven\repository\com\netflix\ribbon\ribbon-loadbalancer\2.2.5\ribbon-loadbalancer-2.2.5.jar;E:\Maven\repository\com\netflix\netflix-commons\netflix-statistics\0.1.1\netflix-statistics-0.1.1.jar;E:\Maven\repository\io\reactivex\rxjava\1.3.8\rxjava-1.3.8.jar;E:\Maven\repository\com\netflix\ribbon\ribbon-eureka\2.2.5\ribbon-eureka-2.2.5.jar;E:\Maven\repository\com\thoughtworks\xstream\xstream\1.4.10\xstream-1.4.10.jar;E:\Maven\repository\xmlpull\xmlpull\1.1.3.1\xmlpull-1.1.3.1.jar;E:\Maven\repository\xpp3\xpp3_min\1.1.4c\xpp3_min-1.1.4c.jar;E:\Maven\repository\org\springframework\boot\spring-boot-starter-web\2.0.7.RELEASE\spring-boot-starter-web-2.0.7.RELEASE.jar;E:\Maven\repository\org\springframework\boot\spring-boot-starter\2.0.7.RELEASE\spring-boot-starter-2.0.7.RELEASE.jar;E:\Maven\repository\org\springframework\boot\spring-boot\2.0.7.RELEASE\spring-boot-2.0.7.RELEASE.jar;E:\Maven\repository\org\springframework\boot\spring-boot-starter-logging\2.0.7.RELEASE\spring-boot-starter-logging-2.0.7.RELEASE.jar;E:\Maven\repository\org\apache\logging\log4j\log4j-to-slf4j\2.10.0\log4j-to-slf4j-2.10.0.jar;E:\Maven\repository\org\apache\logging\log4j\log4j-api\2.10.0\log4j-api-2.10.0.jar;E:\Maven\repository\org\slf4j\jul-to-slf4j\1.7.25\jul-to-slf4j-1.7.25.jar;E:\Maven\repository\javax\annotation\javax.annotation-api\1.3.2\javax.annotation-api-1.3.2.jar;E:\Maven\repository\org\yaml\snakeyaml\1.19\snakeyaml-1.19.jar;E:\Maven\repository\org\springframework\boot\spring-boot-starter-json\2.0.7.RELEASE\spring-boot-starter-json-2.0.7.RELEASE.jar;E:\Maven\repository\com\fasterxml\jackson\datatype\jackson-datatype-jdk8\2.9.7\jackson-datatype-jdk8-2.9.7.jar;E:\Maven\repository\com\fasterxml\jackson\datatype\jackson-datatype-jsr310\2.9.7\jackson-datatype-jsr310-2.9.7.jar;E:\Maven\repository\com\fasterxml\jackson\module\jackson-module-parameter-names\2.9.7\jackson-module-parameter-names-2.9.7.jar;E:\Maven\repository\org\springframework\boot\spring-boot-starter-tomcat\2.0.7.RELEASE\spring-boot-starter-tomcat-2.0.7.RELEASE.jar;E:\Maven\repository\org\apache\tomcat\embed\tomcat-embed-core\8.5.35\tomcat-embed-core-8.5.35.jar;E:\Maven\repository\org\apache\tomcat\embed\tomcat-embed-el\8.5.35\tomcat-embed-el-8.5.35.jar;E:\Maven\repository\org\apache\tomcat\embed\tomcat-embed-websocket\8.5.35\tomcat-embed-websocket-8.5.35.jar;E:\Maven\repository\org\hibernate\validator\hibernate-validator\6.0.13.Final\hibernate-validator-6.0.13.Final.jar;E:\Maven\repository\javax\validation\validation-api\2.0.1.Final\validation-api-2.0.1.Final.jar;E:\Maven\repository\org\jboss\logging\jboss-logging\3.3.2.Final\jboss-logging-3.3.2.Final.jar;E:\Maven\repository\com\fasterxml\classmate\1.3.4\classmate-1.3.4.jar;E:\Maven\repository\org\springframework\spring-web\5.0.11.RELEASE\spring-web-5.0.11.RELEASE.jar;E:\Maven\repository\org\springframework\spring-beans\5.0.11.RELEASE\spring-beans-5.0.11.RELEASE.jar;E:\Maven\repository\org\springframework\spring-webmvc\5.0.11.RELEASE\spring-webmvc-5.0.11.RELEASE.jar;E:\Maven\repository\org\springframework\spring-aop\5.0.11.RELEASE\spring-aop-5.0.11.RELEASE.jar;E:\Maven\repository\org\springframework\spring-expression\5.0.11.RELEASE\spring-expression-5.0.11.RELEASE.jar;E:\Maven\repository\org\springframework\boot\spring-boot-starter-test\2.0.7.RELEASE\spring-boot-starter-test-2.0.7.RELEASE.jar;E:\Maven\repository\org\springframework\boot\spring-boot-test\2.0.7.RELEASE\spring-boot-test-2.0.7.RELEASE.jar;E:\Maven\repository\org\springframework\boot\spring-boot-test-autoconfigure\2.0.7.RELEASE\spring-boot-test-autoconfigure-2.0.7.RELEASE.jar;E:\Maven\repository\com\jayway\jsonpath\json-path\2.4.0\json-path-2.4.0.jar;E:\Maven\repository\net\minidev\json-smart\2.3\json-smart-2.3.jar;E:\Maven\repository\net\minidev\accessors-smart\1.2\accessors-smart-1.2.jar;E:\Maven\repository\org\ow2\asm\asm\5.0.4\asm-5.0.4.jar;E:\Maven\repository\junit\junit\4.12\junit-4.12.jar;E:\Maven\repository\org\assertj\assertj-core\3.9.1\assertj-core-3.9.1.jar;E:\Maven\repository\org\mockito\mockito-core\2.15.0\mockito-core-2.15.0.jar;E:\Maven\repository\net\bytebuddy\byte-buddy\1.7.11\byte-buddy-1.7.11.jar;E:\Maven\repository\net\bytebuddy\byte-buddy-agent\1.7.11\byte-buddy-agent-1.7.11.jar;E:\Maven\repository\org\objenesis\objenesis\2.6\objenesis-2.6.jar;E:\Maven\repository\org\hamcrest\hamcrest-core\1.3\hamcrest-core-1.3.jar;E:\Maven\repository\org\hamcrest\hamcrest-library\1.3\hamcrest-library-1.3.jar;E:\Maven\repository\org\skyscreamer\jsonassert\1.5.0\jsonassert-1.5.0.jar;E:\Maven\repository\com\vaadin\external\google\android-json\0.0.20131108.vaadin1\android-json-0.0.20131108.vaadin1.jar;E:\Maven\repository\org\springframework\spring-core\5.0.11.RELEASE\spring-core-5.0.11.RELEASE.jar;E:\Maven\repository\org\springframework\spring-jcl\5.0.11.RELEASE\spring-jcl-5.0.11.RELEASE.jar;E:\Maven\repository\org\springframework\spring-test\5.0.11.RELEASE\spring-test-5.0.11.RELEASE.jar;E:\Maven\repository\org\xmlunit\xmlunit-core\2.5.1\xmlunit-core-2.5.1.jar;E:\Maven\repository\com\github\tobato\fastdfs-client\1.26.1-RELEASE\fastdfs-client-1.26.1-RELEASE.jar;E:\Maven\repository\org\slf4j\slf4j-api\1.7.25\slf4j-api-1.7.25.jar;E:\Maven\repository\org\slf4j\jcl-over-slf4j\1.7.25\jcl-over-slf4j-1.7.25.jar;E:\Maven\repository\ch\qos\logback\logback-classic\1.2.3\logback-classic-1.2.3.jar;E:\Maven\repository\ch\qos\logback\logback-core\1.2.3\logback-core-1.2.3.jar;E:\Maven\repository\org\apache\commons\commons-lang3\3.7\commons-lang3-3.7.jar;E:\Maven\repository\commons-beanutils\commons-beanutils\1.9.1\commons-beanutils-1.9.1.jar;E:\Maven\repository\commons-collections\commons-collections\3.2.1\commons-collections-3.2.1.jar;E:\Maven\repository\commons-io\commons-io\2.4\commons-io-2.4.jar;E:\Maven\repository\org\apache\commons\commons-pool2\2.5.0\commons-pool2-2.5.0.jar;E:\Maven\repository\org\springframework\boot\spring-boot-autoconfigure\2.0.7.RELEASE\spring-boot-autoconfigure-2.0.7.RELEASE.jar;E:\Maven\repository\org\mockito\mockito-all\1.9.5\mockito-all-1.9.5.jar;E:\Maven\repository\org\springframework\spring-context\5.0.11.RELEASE\spring-context-5.0.11.RELEASE.jar;E:\Maven\repository\net\coobird\thumbnailator\0.4.8\thumbnailator-0.4.8.jar;, java.specification.name=Java Platform API Specification, java.class.version=52.0, sun.management.compiler=HotSpot 64-Bit Tiered Compilers, os.version=6.3, user.home=C:\Users\Yuezhiwei, user.timezone=Asia/Shanghai, java.awt.printerjob=sun.awt.windows.WPrinterJob, file.encoding=GBK, java.specification.version=1.8, java.class.path=F:\nc_parent\nc-upload\target\test-classes;F:\nc_parent\nc-upload\target\classes;E:\Maven\repository\org\springframework\cloud\spring-cloud-starter-netflix-eureka-client\2.0.2.RELEASE\spring-cloud-starter-netflix-eureka-client-2.0.2.RELEASE.jar;E:\Maven\repository\org\springframework\cloud\spring-cloud-starter\2.0.2.RELEASE\spring-cloud-starter-2.0.2.RELEASE.jar;E:\Maven\repository\org\springframework\cloud\spring-cloud-context\2.0.2.RELEASE\spring-cloud-context-2.0.2.RELEASE.jar;E:\Maven\repository\org\springframework\security\spring-security-crypto\5.0.10.RELEASE\spring-security-crypto-5.0.10.RELEASE.jar;E:\Maven\repository\org\springframework\cloud\spring-cloud-commons\2.0.2.RELEASE\spring-cloud-commons-2.0.2.RELEASE.jar;E:\Maven\repository\org\springframework\security\spring-security-rsa\1.0.7.RELEASE\spring-security-rsa-1.0.7.RELEASE.jar;E:\Maven\repository\org\bouncycastle\bcpkix-jdk15on\1.60\bcpkix-jdk15on-1.60.jar;E:\Maven\repository\org\bouncycastle\bcprov-jdk15on\1.60\bcprov-jdk15on-1.60.jar;E:\Maven\repository\org\springframework\cloud\spring-cloud-netflix-core\2.0.2.RELEASE\spring-cloud-netflix-core-2.0.2.RELEASE.jar;E:\Maven\repository\org\springframework\boot\spring-boot-starter-aop\2.0.7.RELEASE\spring-boot-starter-aop-2.0.7.RELEASE.jar;E:\Maven\repository\org\aspectj\aspectjweaver\1.8.13\aspectjweaver-1.8.13.jar;E:\Maven\repository\org\springframework\cloud\spring-cloud-netflix-eureka-client\2.0.2.RELEASE\spring-cloud-netflix-eureka-client-2.0.2.RELEASE.jar;E:\Maven\repository\com\netflix\eureka\eureka-client\1.9.3\eureka-client-1.9.3.jar;E:\Maven\repository\org\codehaus\jettison\jettison\1.3.7\jettison-1.3.7.jar;E:\Maven\repository\stax\stax-api\1.0.1\stax-api-1.0.1.jar;E:\Maven\repository\com\netflix\netflix-commons\netflix-eventbus\0.3.0\netflix-eventbus-0.3.0.jar;E:\Maven\repository\com\netflix\netflix-commons\netflix-infix\0.3.0\netflix-infix-0.3.0.jar;E:\Maven\repository\commons-jxpath\commons-jxpath\1.3\commons-jxpath-1.3.jar;E:\Maven\repository\joda-time\joda-time\2.9.9\joda-time-2.9.9.jar;E:\Maven\repository\org\antlr\antlr-runtime\3.4\antlr-runtime-3.4.jar;E:\Maven\repository\org\antlr\stringtemplate\3.2.1\stringtemplate-3.2.1.jar;E:\Maven\repository\antlr\antlr\2.7.7\antlr-2.7.7.jar;E:\Maven\repository\com\google\code\gson\gson\2.8.5\gson-2.8.5.jar;E:\Maven\repository\org\apache\commons\commons-math\2.2\commons-math-2.2.jar;E:\Maven\repository\com\netflix\archaius\archaius-core\0.7.6\archaius-core-0.7.6.jar;E:\Maven\repository\com\google\guava\guava\16.0\guava-16.0.jar;E:\Maven\repository\javax\ws\rs\jsr311-api\1.1.1\jsr311-api-1.1.1.jar;E:\Maven\repository\com\netflix\servo\servo-core\0.12.21\servo-core-0.12.21.jar;E:\Maven\repository\com\sun\jersey\jersey-core\1.19.1\jersey-core-1.19.1.jar;E:\Maven\repository\com\sun\jersey\jersey-client\1.19.1\jersey-client-1.19.1.jar;E:\Maven\repository\com\sun\jersey\contribs\jersey-apache-client4\1.19.1\jersey-apache-client4-1.19.1.jar;E:\Maven\repository\org\apache\httpcomponents\httpclient\4.5.6\httpclient-4.5.6.jar;E:\Maven\repository\org\apache\httpcomponents\httpcore\4.4.10\httpcore-4.4.10.jar;E:\Maven\repository\commons-codec\commons-codec\1.11\commons-codec-1.11.jar;E:\Maven\repository\com\google\inject\guice\4.1.0\guice-4.1.0.jar;E:\Maven\repository\javax\inject\javax.inject\1\javax.inject-1.jar;E:\Maven\repository\aopalliance\aopalliance\1.0\aopalliance-1.0.jar;E:\Maven\repository\com\github\vlsi\compactmap\compactmap\1.2.1\compactmap-1.2.1.jar;E:\Maven\repository\com\github\andrewoma\dexx\dexx-collections\0.2\dexx-collections-0.2.jar;E:\Maven\repository\com\fasterxml\jackson\core\jackson-annotations\2.9.0\jackson-annotations-2.9.0.jar;E:\Maven\repository\com\fasterxml\jackson\core\jackson-core\2.9.7\jackson-core-2.9.7.jar;E:\Maven\repository\com\fasterxml\jackson\core\jackson-databind\2.9.7\jackson-databind-2.9.7.jar;E:\Maven\repository\com\netflix\eureka\eureka-core\1.9.3\eureka-core-1.9.3.jar;E:\Maven\repository\org\codehaus\woodstox\woodstox-core-asl\4.4.1\woodstox-core-asl-4.4.1.jar;E:\Maven\repository\javax\xml\stream\stax-api\1.0-2\stax-api-1.0-2.jar;E:\Maven\repository\org\codehaus\woodstox\stax2-api\3.1.4\stax2-api-3.1.4.jar;E:\Maven\repository\org\springframework\cloud\spring-cloud-starter-netflix-archaius\2.0.2.RELEASE\spring-cloud-starter-netflix-archaius-2.0.2.RELEASE.jar;E:\Maven\repository\org\springframework\cloud\spring-cloud-netflix-ribbon\2.0.2.RELEASE\spring-cloud-netflix-ribbon-2.0.2.RELEASE.jar;E:\Maven\repository\org\springframework\cloud\spring-cloud-netflix-archaius\2.0.2.RELEASE\spring-cloud-netflix-archaius-2.0.2.RELEASE.jar;E:\Maven\repository\commons-configuration\commons-configuration\1.8\commons-configuration-1.8.jar;E:\Maven\repository\commons-lang\commons-lang\2.6\commons-lang-2.6.jar;E:\Maven\repository\org\springframework\cloud\spring-cloud-starter-netflix-ribbon\2.0.2.RELEASE\spring-cloud-starter-netflix-ribbon-2.0.2.RELEASE.jar;E:\Maven\repository\com\netflix\ribbon\ribbon\2.2.5\ribbon-2.2.5.jar;E:\Maven\repository\com\netflix\ribbon\ribbon-transport\2.2.5\ribbon-transport-2.2.5.jar;E:\Maven\repository\io\reactivex\rxnetty-contexts\0.4.9\rxnetty-contexts-0.4.9.jar;E:\Maven\repository\io\reactivex\rxnetty-servo\0.4.9\rxnetty-servo-0.4.9.jar;E:\Maven\repository\com\netflix\hystrix\hystrix-core\1.5.12\hystrix-core-1.5.12.jar;E:\Maven\repository\org\hdrhistogram\HdrHistogram\2.1.9\HdrHistogram-2.1.9.jar;E:\Maven\repository\io\reactivex\rxnetty\0.4.9\rxnetty-0.4.9.jar;E:\Maven\repository\com\netflix\ribbon\ribbon-core\2.2.5\ribbon-core-2.2.5.jar;E:\Maven\repository\com\netflix\ribbon\ribbon-httpclient\2.2.5\ribbon-httpclient-2.2.5.jar;E:\Maven\repository\com\netflix\netflix-commons\netflix-commons-util\0.3.0\netflix-commons-util-0.3.0.jar;E:\Maven\repository\com\netflix\ribbon\ribbon-loadbalancer\2.2.5\ribbon-loadbalancer-2.2.5.jar;E:\Maven\repository\com\netflix\netflix-commons\netflix-statistics\0.1.1\netflix-statistics-0.1.1.jar;E:\Maven\repository\io\reactivex\rxjava\1.3.8\rxjava-1.3.8.jar;E:\Maven\repository\com\netflix\ribbon\ribbon-eureka\2.2.5\ribbon-eureka-2.2.5.jar;E:\Maven\repository\com\thoughtworks\xstream\xstream\1.4.10\xstream-1.4.10.jar;E:\Maven\repository\xmlpull\xmlpull\1.1.3.1\xmlpull-1.1.3.1.jar;E:\Maven\repository\xpp3\xpp3_min\1.1.4c\xpp3_min-1.1.4c.jar;E:\Maven\repository\org\springframework\boot\spring-boot-starter-web\2.0.7.RELEASE\spring-boot-starter-web-2.0.7.RELEASE.jar;E:\Maven\repository\org\springframework\boot\spring-boot-starter\2.0.7.RELEASE\spring-boot-starter-2.0.7.RELEASE.jar;E:\Maven\repository\org\springframework\boot\spring-boot\2.0.7.RELEASE\spring-boot-2.0.7.RELEASE.jar;E:\Maven\repository\org\springframework\boot\spring-boot-starter-logging\2.0.7.RELEASE\spring-boot-starter-logging-2.0.7.RELEASE.jar;E:\Maven\repository\org\apache\logging\log4j\log4j-to-slf4j\2.10.0\log4j-to-slf4j-2.10.0.jar;E:\Maven\repository\org\apache\logging\log4j\log4j-api\2.10.0\log4j-api-2.10.0.jar;E:\Maven\repository\org\slf4j\jul-to-slf4j\1.7.25\jul-to-slf4j-1.7.25.jar;E:\Maven\repository\javax\annotation\javax.annotation-api\1.3.2\javax.annotation-api-1.3.2.jar;E:\Maven\repository\org\yaml\snakeyaml\1.19\snakeyaml-1.19.jar;E:\Maven\repository\org\springframework\boot\spring-boot-starter-json\2.0.7.RELEASE\spring-boot-starter-json-2.0.7.RELEASE.jar;E:\Maven\repository\com\fasterxml\jackson\datatype\jackson-datatype-jdk8\2.9.7\jackson-datatype-jdk8-2.9.7.jar;E:\Maven\repository\com\fasterxml\jackson\datatype\jackson-datatype-jsr310\2.9.7\jackson-datatype-jsr310-2.9.7.jar;E:\Maven\repository\com\fasterxml\jackson\module\jackson-module-parameter-names\2.9.7\jackson-module-parameter-names-2.9.7.jar;E:\Maven\repository\org\springframework\boot\spring-boot-starter-tomcat\2.0.7.RELEASE\spring-boot-starter-tomcat-2.0.7.RELEASE.jar;E:\Maven\repository\org\apache\tomcat\embed\tomcat-embed-core\8.5.35\tomcat-embed-core-8.5.35.jar;E:\Maven\repository\org\apache\tomcat\embed\tomcat-embed-el\8.5.35\tomcat-embed-el-8.5.35.jar;E:\Maven\repository\org\apache\tomcat\embed\tomcat-embed-websocket\8.5.35\tomcat-embed-websocket-8.5.35.jar;E:\Maven\repository\org\hibernate\validator\hibernate-validator\6.0.13.Final\hibernate-validator-6.0.13.Final.jar;E:\Maven\repository\javax\validation\validation-api\2.0.1.Final\validation-api-2.0.1.Final.jar;E:\Maven\repository\org\jboss\logging\jboss-logging\3.3.2.Final\jboss-logging-3.3.2.Final.jar;E:\Maven\repository\com\fasterxml\classmate\1.3.4\classmate-1.3.4.jar;E:\Maven\repository\org\springframework\spring-web\5.0.11.RELEASE\spring-web-5.0.11.RELEASE.jar;E:\Maven\repository\org\springframework\spring-beans\5.0.11.RELEASE\spring-beans-5.0.11.RELEASE.jar;E:\Maven\repository\org\springframework\spring-webmvc\5.0.11.RELEASE\spring-webmvc-5.0.11.RELEASE.jar;E:\Maven\repository\org\springframework\spring-aop\5.0.11.RELEASE\spring-aop-5.0.11.RELEASE.jar;E:\Maven\repository\org\springframework\spring-expression\5.0.11.RELEASE\spring-expression-5.0.11.RELEASE.jar;E:\Maven\repository\org\springframework\boot\spring-boot-starter-test\2.0.7.RELEASE\spring-boot-starter-test-2.0.7.RELEASE.jar;E:\Maven\repository\org\springframework\boot\spring-boot-test\2.0.7.RELEASE\spring-boot-test-2.0.7.RELEASE.jar;E:\Maven\repository\org\springframework\boot\spring-boot-test-autoconfigure\2.0.7.RELEASE\spring-boot-test-autoconfigure-2.0.7.RELEASE.jar;E:\Maven\repository\com\jayway\jsonpath\json-path\2.4.0\json-path-2.4.0.jar;E:\Maven\repository\net\minidev\json-smart\2.3\json-smart-2.3.jar;E:\Maven\repository\net\minidev\accessors-smart\1.2\accessors-smart-1.2.jar;E:\Maven\repository\org\ow2\asm\asm\5.0.4\asm-5.0.4.jar;E:\Maven\repository\junit\junit\4.12\junit-4.12.jar;E:\Maven\repository\org\assertj\assertj-core\3.9.1\assertj-core-3.9.1.jar;E:\Maven\repository\org\mockito\mockito-core\2.15.0\mockito-core-2.15.0.jar;E:\Maven\repository\net\bytebuddy\byte-buddy\1.7.11\byte-buddy-1.7.11.jar;E:\Maven\repository\net\bytebuddy\byte-buddy-agent\1.7.11\byte-buddy-agent-1.7.11.jar;E:\Maven\repository\org\objenesis\objenesis\2.6\objenesis-2.6.jar;E:\Maven\repository\org\hamcrest\hamcrest-core\1.3\hamcrest-core-1.3.jar;E:\Maven\repository\org\hamcrest\hamcrest-library\1.3\hamcrest-library-1.3.jar;E:\Maven\repository\org\skyscreamer\jsonassert\1.5.0\jsonassert-1.5.0.jar;E:\Maven\repository\com\vaadin\external\google\android-json\0.0.20131108.vaadin1\android-json-0.0.20131108.vaadin1.jar;E:\Maven\repository\org\springframework\spring-core\5.0.11.RELEASE\spring-core-5.0.11.RELEASE.jar;E:\Maven\repository\org\springframework\spring-jcl\5.0.11.RELEASE\spring-jcl-5.0.11.RELEASE.jar;E:\Maven\repository\org\springframework\spring-test\5.0.11.RELEASE\spring-test-5.0.11.RELEASE.jar;E:\Maven\repository\org\xmlunit\xmlunit-core\2.5.1\xmlunit-core-2.5.1.jar;E:\Maven\repository\com\github\tobato\fastdfs-client\1.26.1-RELEASE\fastdfs-client-1.26.1-RELEASE.jar;E:\Maven\repository\org\slf4j\slf4j-api\1.7.25\slf4j-api-1.7.25.jar;E:\Maven\repository\org\slf4j\jcl-over-slf4j\1.7.25\jcl-over-slf4j-1.7.25.jar;E:\Maven\repository\ch\qos\logback\logback-classic\1.2.3\logback-classic-1.2.3.jar;E:\Maven\repository\ch\qos\logback\logback-core\1.2.3\logback-core-1.2.3.jar;E:\Maven\repository\org\apache\commons\commons-lang3\3.7\commons-lang3-3.7.jar;E:\Maven\repository\commons-beanutils\commons-beanutils\1.9.1\commons-beanutils-1.9.1.jar;E:\Maven\repository\commons-collections\commons-collections\3.2.1\commons-collections-3.2.1.jar;E:\Maven\repository\commons-io\commons-io\2.4\commons-io-2.4.jar;E:\Maven\repository\org\apache\commons\commons-pool2\2.5.0\commons-pool2-2.5.0.jar;E:\Maven\repository\org\springframework\boot\spring-boot-autoconfigure\2.0.7.RELEASE\spring-boot-autoconfigure-2.0.7.RELEASE.jar;E:\Maven\repository\org\mockito\mockito-all\1.9.5\mockito-all-1.9.5.jar;E:\Maven\repository\org\springframework\spring-context\5.0.11.RELEASE\spring-context-5.0.11.RELEASE.jar;E:\Maven\repository\net\coobird\thumbnailator\0.4.8\thumbnailator-0.4.8.jar;, user.name=Yuezhiwei, java.vm.specification.version=1.8, sun.java.command=C:\Users\YUEZHI~1\AppData\Local\Temp\surefire3984812184578704841\surefirebooter6127684706204049968.jar C:\Users\Yuezhiwei\AppData\Local\Temp\surefire3984812184578704841 2020-01-15T10-41-57_596-jvmRun1 surefire2739260548131652082tmp surefire_02516694945550526960tmp, java.home=D:\jdk\JDK8_64\jre, sun.arch.data.model=64, user.language=zh, java.specification.vendor=Oracle Corporation, idea.version2019.1.3=true, awt.toolkit=sun.awt.windows.WToolkit, java.vm.info=mixed mode, java.version=1.8.0_40, java.ext.dirs=D:\jdk\JDK8_64\jre\lib\ext;C:\WINDOWS\Sun\Java\lib\ext, sun.boot.class.path=D:\jdk\JDK8_64\jre\lib\resources.jar;D:\jdk\JDK8_64\jre\lib\rt.jar;D:\jdk\JDK8_64\jre\lib\sunrsasign.jar;D:\jdk\JDK8_64\jre\lib\jsse.jar;D:\jdk\JDK8_64\jre\lib\jce.jar;D:\jdk\JDK8_64\jre\lib\charsets.jar;D:\jdk\JDK8_64\jre\lib\jfr.jar;D:\jdk\JDK8_64\jre\classes, java.vendor=Oracle Corporation, localRepository=E:\Maven\repository, file.separator=\, java.vendor.url.bug=http://bugreport.sun.com/bugreport/, sun.io.unicode.encoding=UnicodeLittle, sun.cpu.endian=little, sun.desktop=windows, sun.cpu.isalist=amd64}}, SystemEnvironmentPropertySource@1381965390 {name='systemEnvironment', properties={PATH=C:\WINDOWS\system32;C:\WINDOWS;C:\WINDOWS\System32\Wbem;C:\WINDOWS\System32\WindowsPowerShell\v1.0\;C:\Program Files (x86)\NVIDIA Corporation\PhysX\Common;D:\jdk\JDK8_64\bin;C:\Program Files\Intel\WiFi\bin\;C:\Program Files\Common Files\Intel\WirelessCommon\;C:\Program Files\MySQL\MySQL Utilities 1.6\;C:\WINDOWS\system32;C:\WINDOWS;C:\WINDOWS\System32\Wbem;C:\WINDOWS\System32\WindowsPowerShell\v1.0\;C:\WINDOWS\System32\OpenSSH\;C:\Program Files\Crucial\Crucial Storage Executive;D:\apache\apache-maven-3.6.1\bin;D:\nodejs\;C:\Program Files\MySQL\MySQL Shell 8.0\bin\;C:\Program Files\Intel\WiFi\bin\;C:\Program Files\Common Files\Intel\WirelessCommon\;C:\Users\Yuezhiwei\AppData\Local\Microsoft\WindowsApps;;D:\IntelliJ IDEA 2019.1.3\bin;;C:\Users\Yuezhiwei\AppData\Roaming\npm, USERDOMAIN_ROAMINGPROFILE=X711, LOCALAPPDATA=C:\Users\Yuezhiwei\AppData\Local, PROCESSOR_LEVEL=6, SYSTEMDRIVE=C:, COMMONPROGRAMFILES(X86)=C:\Program Files (x86)\Common Files, USERDOMAIN=X711, FPS_BROWSER_APP_PROFILE_STRING=Internet Explorer, LOGONSERVER=\\X711, JAVA_HOME=D:\jdk\JDK8_64, PROMPT=$P$G, SESSIONNAME=Console, ALLUSERSPROFILE=C:\ProgramData, PROGRAMFILES(X86)=C:\Program Files (x86), PROCESSOR_ARCHITECTURE=AMD64, DRIVERDATA=C:\Windows\System32\Drivers\DriverData, INTELLIJ IDEA=D:\IntelliJ IDEA 2019.1.3\bin;, MAVEN_HOME=D:\apache\apache-maven-3.6.1, PROGRAMFILES=C:\Program Files, APPDATA=C:\Users\Yuezhiwei\AppData\Roaming, PSMODULEPATH=C:\Program Files\WindowsPowerShell\Modules;C:\WINDOWS\system32\WindowsPowerShell\v1.0\Modules, PROGRAMW6432=C:\Program Files, PROGRAMDATA=C:\ProgramData, SYSTEMROOT=C:\WINDOWS, USERNAME=Yuezhiwei, FPS_BROWSER_USER_PROFILE_STRING=Default, ONEDRIVE=C:\Users\Yuezhiwei\OneDrive, PATHEXT=.COM;.EXE;.BAT;.CMD;.VBS;.VBE;.JS;.JSE;.WSF;.WSH;.MSC, OS=Windows_NT, COMMONPROGRAMW6432=C:\Program Files\Common Files, COMPUTERNAME=X711, COMMONPROGRAMFILES=C:\Program Files\Common Files, COMSPEC=C:\WINDOWS\system32\cmd.exe, PROCESSOR_REVISION=9e09, CLASSPATH=.;D:\jdk\JDK8_64\lib\dt.jar;D:\jdk\JDK8_64\lib\tools.jar;, WINDIR=C:\WINDOWS, =F:=F:\nc_parent\nc-upload, HOMEPATH=\Users\Yuezhiwei, TEMP=C:\Users\YUEZHI~1\AppData\Local\Temp, HOMEDRIVE=C:, PROCESSOR_IDENTIFIER=Intel64 Family 6 Model 158 Stepping 9, GenuineIntel, USERPROFILE=C:\Users\Yuezhiwei, TMP=C:\Users\YUEZHI~1\AppData\Local\Temp, PUBLIC=C:\Users\Public, NUMBER_OF_PROCESSORS=8, =::=::\}}]
10:42:01.289 [main] DEBUG org.springframework.core.io.support.PathMatchingResourcePatternResolver - Resolved classpath location [com/nc/upload/test/] to resources [URL [file:/F:/nc_parent/nc-upload/target/test-classes/com/nc/upload/test/]]
10:42:01.290 [main] DEBUG org.springframework.core.io.support.PathMatchingResourcePatternResolver - Looking for matching resources in directory tree [F:\nc_parent\nc-upload\target\test-classes\com\nc\upload\test]
10:42:01.290 [main] DEBUG org.springframework.core.io.support.PathMatchingResourcePatternResolver - Searching directory [F:\nc_parent\nc-upload\target\test-classes\com\nc\upload\test] for files matching pattern [F:/nc_parent/nc-upload/target/test-classes/com/nc/upload/test/*.class]
10:42:01.292 [main] DEBUG org.springframework.core.io.support.PathMatchingResourcePatternResolver - Resolved location pattern [classpath*:com/nc/upload/test/*.class] to resources [file [F:\nc_parent\nc-upload\target\test-classes\com\nc\upload\test\FastDFSTest.class]]
10:42:01.354 [main] DEBUG org.springframework.core.io.support.PathMatchingResourcePatternResolver - Resolved classpath location [com/nc/upload/] to resources [URL [file:/F:/nc_parent/nc-upload/target/test-classes/com/nc/upload/], URL [file:/F:/nc_parent/nc-upload/target/classes/com/nc/upload/]]
10:42:01.354 [main] DEBUG org.springframework.core.io.support.PathMatchingResourcePatternResolver - Looking for matching resources in directory tree [F:\nc_parent\nc-upload\target\test-classes\com\nc\upload]
10:42:01.354 [main] DEBUG org.springframework.core.io.support.PathMatchingResourcePatternResolver - Searching directory [F:\nc_parent\nc-upload\target\test-classes\com\nc\upload] for files matching pattern [F:/nc_parent/nc-upload/target/test-classes/com/nc/upload/*.class]
10:42:01.354 [main] DEBUG org.springframework.core.io.support.PathMatchingResourcePatternResolver - Looking for matching resources in directory tree [F:\nc_parent\nc-upload\target\classes\com\nc\upload]
10:42:01.354 [main] DEBUG org.springframework.core.io.support.PathMatchingResourcePatternResolver - Searching directory [F:\nc_parent\nc-upload\target\classes\com\nc\upload] for files matching pattern [F:/nc_parent/nc-upload/target/classes/com/nc/upload/*.class]
10:42:01.355 [main] DEBUG org.springframework.core.io.support.PathMatchingResourcePatternResolver - Resolved location pattern [classpath*:com/nc/upload/*.class] to resources [file [F:\nc_parent\nc-upload\target\classes\com\nc\upload\NcUploadApplication.class]]
10:42:01.381 [main] DEBUG org.springframework.context.annotation.ClassPathScanningCandidateComponentProvider - Identified candidate component class: file [F:\nc_parent\nc-upload\target\classes\com\nc\upload\NcUploadApplication.class]
10:42:01.382 [main] INFO org.springframework.boot.test.context.SpringBootTestContextBootstrapper - Found @SpringBootConfiguration com.nc.upload.NcUploadApplication for test class com.nc.upload.test.FastDFSTest
10:42:01.518 [main] DEBUG org.springframework.boot.test.context.SpringBootTestContextBootstrapper - @TestExecutionListeners is not present for class [com.nc.upload.test.FastDFSTest]: using defaults.
10:42:01.518 [main] INFO org.springframework.boot.test.context.SpringBootTestContextBootstrapper - Loaded default TestExecutionListener class names from location [META-INF/spring.factories]: [org.springframework.boot.test.mock.mockito.MockitoTestExecutionListener, org.springframework.boot.test.mock.mockito.ResetMocksTestExecutionListener, org.springframework.boot.test.autoconfigure.restdocs.RestDocsTestExecutionListener, org.springframework.boot.test.autoconfigure.web.client.MockRestServiceServerResetTestExecutionListener, org.springframework.boot.test.autoconfigure.web.servlet.MockMvcPrintOnlyOnFailureTestExecutionListener, org.springframework.boot.test.autoconfigure.web.servlet.WebDriverTestExecutionListener, org.springframework.test.context.web.ServletTestExecutionListener, org.springframework.test.context.support.DirtiesContextBeforeModesTestExecutionListener, org.springframework.test.context.support.DependencyInjectionTestExecutionListener, org.springframework.test.context.support.DirtiesContextTestExecutionListener, org.springframework.test.context.transaction.TransactionalTestExecutionListener, org.springframework.test.context.jdbc.SqlScriptsTestExecutionListener]
10:42:01.530 [main] DEBUG org.springframework.boot.test.context.SpringBootTestContextBootstrapper - Skipping candidate TestExecutionListener [org.springframework.test.context.transaction.TransactionalTestExecutionListener] due to a missing dependency. Specify custom listener classes or make the default listener classes and their required dependencies available. Offending class: [org/springframework/transaction/interceptor/TransactionAttributeSource]
10:42:01.530 [main] DEBUG org.springframework.boot.test.context.SpringBootTestContextBootstrapper - Skipping candidate TestExecutionListener [org.springframework.test.context.jdbc.SqlScriptsTestExecutionListener] due to a missing dependency. Specify custom listener classes or make the default listener classes and their required dependencies available. Offending class: [org/springframework/transaction/interceptor/TransactionAttribute]
10:42:01.531 [main] INFO org.springframework.boot.test.context.SpringBootTestContextBootstrapper - Using TestExecutionListeners: [org.springframework.test.context.web.ServletTestExecutionListener@503d687a, org.springframework.test.context.support.DirtiesContextBeforeModesTestExecutionListener@6a370f4, org.springframework.boot.test.mock.mockito.MockitoTestExecutionListener@2abf4075, org.springframework.boot.test.autoconfigure.SpringBootDependencyInjectionTestExecutionListener@770d3326, org.springframework.test.context.support.DirtiesContextTestExecutionListener@4cc8eb05, org.springframework.boot.test.mock.mockito.ResetMocksTestExecutionListener@51f116b8, org.springframework.boot.test.autoconfigure.restdocs.RestDocsTestExecutionListener@19d481b, org.springframework.boot.test.autoconfigure.web.client.MockRestServiceServerResetTestExecutionListener@1f97cf0d, org.springframework.boot.test.autoconfigure.web.servlet.MockMvcPrintOnlyOnFailureTestExecutionListener@140c9f39, org.springframework.boot.test.autoconfigure.web.servlet.WebDriverTestExecutionListener@4d910fd6]
10:42:01.532 [main] DEBUG org.springframework.test.annotation.ProfileValueUtils - Retrieved @ProfileValueSourceConfiguration [null] for test class [com.nc.upload.test.FastDFSTest]
10:42:01.532 [main] DEBUG org.springframework.test.annotation.ProfileValueUtils - Retrieved ProfileValueSource type [class org.springframework.test.annotation.SystemProfileValueSource] for class [com.nc.upload.test.FastDFSTest]
10:42:01.533 [main] DEBUG org.springframework.test.annotation.ProfileValueUtils - Retrieved @ProfileValueSourceConfiguration [null] for test class [com.nc.upload.test.FastDFSTest]
10:42:01.533 [main] DEBUG org.springframework.test.annotation.ProfileValueUtils - Retrieved ProfileValueSource type [class org.springframework.test.annotation.SystemProfileValueSource] for class [com.nc.upload.test.FastDFSTest]
10:42:01.534 [main] DEBUG org.springframework.test.annotation.ProfileValueUtils - Retrieved @ProfileValueSourceConfiguration [null] for test class [com.nc.upload.test.FastDFSTest]
10:42:01.534 [main] DEBUG org.springframework.test.annotation.ProfileValueUtils - Retrieved ProfileValueSource type [class org.springframework.test.annotation.SystemProfileValueSource] for class [com.nc.upload.test.FastDFSTest]
10:42:01.537 [main] DEBUG org.springframework.test.context.support.AbstractDirtiesContextTestExecutionListener - Before test class: context [DefaultTestContext@4e7912d8 testClass = FastDFSTest, testInstance = [null], testMethod = [null], testException = [null], mergedContextConfiguration = [WebMergedContextConfiguration@53976f5c testClass = FastDFSTest, locations = '{}', classes = '{class com.nc.upload.NcUploadApplication}', contextInitializerClasses = '[]', activeProfiles = '{}', propertySourceLocations = '{}', propertySourceProperties = '{org.springframework.boot.test.context.SpringBootTestContextBootstrapper=true}', contextCustomizers = set[org.springframework.boot.test.context.filter.ExcludeFilterContextCustomizer@3444d69d, org.springframework.boot.test.json.DuplicateJsonObjectContextCustomizerFactory$DuplicateJsonObjectContextCustomizer@37574691, org.springframework.boot.test.mock.mockito.MockitoContextCustomizer@0, org.springframework.boot.test.web.client.TestRestTemplateContextCustomizer@3c0a50da, org.springframework.boot.test.autoconfigure.properties.PropertyMappingContextCustomizer@0, org.springframework.boot.test.autoconfigure.web.servlet.WebDriverContextCustomizerFactory$Customizer@f0f2775], resourceBasePath = 'src/main/webapp', contextLoader = 'org.springframework.boot.test.context.SpringBootContextLoader', parent = [null]], attributes = map['org.springframework.test.context.web.ServletTestExecutionListener.activateListener' -> true]], class annotated with @DirtiesContext [false] with mode [null].
10:42:01.537 [main] DEBUG org.springframework.test.annotation.ProfileValueUtils - Retrieved @ProfileValueSourceConfiguration [null] for test class [com.nc.upload.test.FastDFSTest]
10:42:01.537 [main] DEBUG org.springframework.test.annotation.ProfileValueUtils - Retrieved ProfileValueSource type [class org.springframework.test.annotation.SystemProfileValueSource] for class [com.nc.upload.test.FastDFSTest]
10:42:01.557 [main] DEBUG org.springframework.core.env.StandardEnvironment - Adding PropertySource 'systemProperties' with lowest search precedence
10:42:01.557 [main] DEBUG org.springframework.core.env.StandardEnvironment - Adding PropertySource 'systemEnvironment' with lowest search precedence
10:42:01.557 [main] DEBUG org.springframework.core.env.StandardEnvironment - Initialized StandardEnvironment with PropertySources [MapPropertySource@1325144078 {name='systemProperties', properties={java.runtime.name=Java(TM) SE Runtime Environment, sun.boot.library.path=D:\jdk\JDK8_64\jre\bin, java.vm.version=25.40-b25, java.vm.vendor=Oracle Corporation, java.vendor.url=http://java.oracle.com/, path.separator=;, java.vm.name=Java HotSpot(TM) 64-Bit Server VM, file.encoding.pkg=sun.io, user.country=CN, user.script=, sun.java.launcher=SUN_STANDARD, sun.os.patch.level=, java.vm.specification.name=Java Virtual Machine Specification, user.dir=F:\nc_parent\nc-upload, java.runtime.version=1.8.0_40-b25, basedir=F:\nc_parent\nc-upload, java.awt.graphicsenv=sun.awt.Win32GraphicsEnvironment, java.endorsed.dirs=D:\jdk\JDK8_64\jre\lib\endorsed, os.arch=amd64, surefire.real.class.path=C:\Users\YUEZHI~1\AppData\Local\Temp\surefire3984812184578704841\surefirebooter6127684706204049968.jar, java.io.tmpdir=C:\Users\YUEZHI~1\AppData\Local\Temp\, line.separator=
, java.vm.specification.vendor=Oracle Corporation, user.variant=, os.name=Windows 8.1, sun.jnu.encoding=GBK, java.library.path=D:\jdk\JDK8_64\jre\bin;C:\WINDOWS\Sun\Java\bin;C:\WINDOWS\system32;C:\WINDOWS;C:\WINDOWS\system32;C:\WINDOWS;C:\WINDOWS\System32\Wbem;C:\WINDOWS\System32\WindowsPowerShell\v1.0\;C:\Program Files (x86)\NVIDIA Corporation\PhysX\Common;D:\jdk\JDK8_64\bin;C:\Program Files\Intel\WiFi\bin\;C:\Program Files\Common Files\Intel\WirelessCommon\;C:\Program Files\MySQL\MySQL Utilities 1.6\;C:\WINDOWS\system32;C:\WINDOWS;C:\WINDOWS\System32\Wbem;C:\WINDOWS\System32\WindowsPowerShell\v1.0\;C:\WINDOWS\System32\OpenSSH\;C:\Program Files\Crucial\Crucial Storage Executive;D:\apache\apache-maven-3.6.1\bin;D:\nodejs\;C:\Program Files\MySQL\MySQL Shell 8.0\bin\;C:\Program Files\Intel\WiFi\bin\;C:\Program Files\Common Files\Intel\WirelessCommon\;C:\Users\Yuezhiwei\AppData\Local\Microsoft\WindowsApps;;D:\IntelliJ IDEA 2019.1.3\bin;;C:\Users\Yuezhiwei\AppData\Roaming\npm;., surefire.test.class.path=F:\nc_parent\nc-upload\target\test-classes;F:\nc_parent\nc-upload\target\classes;E:\Maven\repository\org\springframework\cloud\spring-cloud-starter-netflix-eureka-client\2.0.2.RELEASE\spring-cloud-starter-netflix-eureka-client-2.0.2.RELEASE.jar;E:\Maven\repository\org\springframework\cloud\spring-cloud-starter\2.0.2.RELEASE\spring-cloud-starter-2.0.2.RELEASE.jar;E:\Maven\repository\org\springframework\cloud\spring-cloud-context\2.0.2.RELEASE\spring-cloud-context-2.0.2.RELEASE.jar;E:\Maven\repository\org\springframework\security\spring-security-crypto\5.0.10.RELEASE\spring-security-crypto-5.0.10.RELEASE.jar;E:\Maven\repository\org\springframework\cloud\spring-cloud-commons\2.0.2.RELEASE\spring-cloud-commons-2.0.2.RELEASE.jar;E:\Maven\repository\org\springframework\security\spring-security-rsa\1.0.7.RELEASE\spring-security-rsa-1.0.7.RELEASE.jar;E:\Maven\repository\org\bouncycastle\bcpkix-jdk15on\1.60\bcpkix-jdk15on-1.60.jar;E:\Maven\repository\org\bouncycastle\bcprov-jdk15on\1.60\bcprov-jdk15on-1.60.jar;E:\Maven\repository\org\springframework\cloud\spring-cloud-netflix-core\2.0.2.RELEASE\spring-cloud-netflix-core-2.0.2.RELEASE.jar;E:\Maven\repository\org\springframework\boot\spring-boot-starter-aop\2.0.7.RELEASE\spring-boot-starter-aop-2.0.7.RELEASE.jar;E:\Maven\repository\org\aspectj\aspectjweaver\1.8.13\aspectjweaver-1.8.13.jar;E:\Maven\repository\org\springframework\cloud\spring-cloud-netflix-eureka-client\2.0.2.RELEASE\spring-cloud-netflix-eureka-client-2.0.2.RELEASE.jar;E:\Maven\repository\com\netflix\eureka\eureka-client\1.9.3\eureka-client-1.9.3.jar;E:\Maven\repository\org\codehaus\jettison\jettison\1.3.7\jettison-1.3.7.jar;E:\Maven\repository\stax\stax-api\1.0.1\stax-api-1.0.1.jar;E:\Maven\repository\com\netflix\netflix-commons\netflix-eventbus\0.3.0\netflix-eventbus-0.3.0.jar;E:\Maven\repository\com\netflix\netflix-commons\netflix-infix\0.3.0\netflix-infix-0.3.0.jar;E:\Maven\repository\commons-jxpath\commons-jxpath\1.3\commons-jxpath-1.3.jar;E:\Maven\repository\joda-time\joda-time\2.9.9\joda-time-2.9.9.jar;E:\Maven\repository\org\antlr\antlr-runtime\3.4\antlr-runtime-3.4.jar;E:\Maven\repository\org\antlr\stringtemplate\3.2.1\stringtemplate-3.2.1.jar;E:\Maven\repository\antlr\antlr\2.7.7\antlr-2.7.7.jar;E:\Maven\repository\com\google\code\gson\gson\2.8.5\gson-2.8.5.jar;E:\Maven\repository\org\apache\commons\commons-math\2.2\commons-math-2.2.jar;E:\Maven\repository\com\netflix\archaius\archaius-core\0.7.6\archaius-core-0.7.6.jar;E:\Maven\repository\com\google\guava\guava\16.0\guava-16.0.jar;E:\Maven\repository\javax\ws\rs\jsr311-api\1.1.1\jsr311-api-1.1.1.jar;E:\Maven\repository\com\netflix\servo\servo-core\0.12.21\servo-core-0.12.21.jar;E:\Maven\repository\com\sun\jersey\jersey-core\1.19.1\jersey-core-1.19.1.jar;E:\Maven\repository\com\sun\jersey\jersey-client\1.19.1\jersey-client-1.19.1.jar;E:\Maven\repository\com\sun\jersey\contribs\jersey-apache-client4\1.19.1\jersey-apache-client4-1.19.1.jar;E:\Maven\repository\org\apache\httpcomponents\httpclient\4.5.6\httpclient-4.5.6.jar;E:\Maven\repository\org\apache\httpcomponents\httpcore\4.4.10\httpcore-4.4.10.jar;E:\Maven\repository\commons-codec\commons-codec\1.11\commons-codec-1.11.jar;E:\Maven\repository\com\google\inject\guice\4.1.0\guice-4.1.0.jar;E:\Maven\repository\javax\inject\javax.inject\1\javax.inject-1.jar;E:\Maven\repository\aopalliance\aopalliance\1.0\aopalliance-1.0.jar;E:\Maven\repository\com\github\vlsi\compactmap\compactmap\1.2.1\compactmap-1.2.1.jar;E:\Maven\repository\com\github\andrewoma\dexx\dexx-collections\0.2\dexx-collections-0.2.jar;E:\Maven\repository\com\fasterxml\jackson\core\jackson-annotations\2.9.0\jackson-annotations-2.9.0.jar;E:\Maven\repository\com\fasterxml\jackson\core\jackson-core\2.9.7\jackson-core-2.9.7.jar;E:\Maven\repository\com\fasterxml\jackson\core\jackson-databind\2.9.7\jackson-databind-2.9.7.jar;E:\Maven\repository\com\netflix\eureka\eureka-core\1.9.3\eureka-core-1.9.3.jar;E:\Maven\repository\org\codehaus\woodstox\woodstox-core-asl\4.4.1\woodstox-core-asl-4.4.1.jar;E:\Maven\repository\javax\xml\stream\stax-api\1.0-2\stax-api-1.0-2.jar;E:\Maven\repository\org\codehaus\woodstox\stax2-api\3.1.4\stax2-api-3.1.4.jar;E:\Maven\repository\org\springframework\cloud\spring-cloud-starter-netflix-archaius\2.0.2.RELEASE\spring-cloud-starter-netflix-archaius-2.0.2.RELEASE.jar;E:\Maven\repository\org\springframework\cloud\spring-cloud-netflix-ribbon\2.0.2.RELEASE\spring-cloud-netflix-ribbon-2.0.2.RELEASE.jar;E:\Maven\repository\org\springframework\cloud\spring-cloud-netflix-archaius\2.0.2.RELEASE\spring-cloud-netflix-archaius-2.0.2.RELEASE.jar;E:\Maven\repository\commons-configuration\commons-configuration\1.8\commons-configuration-1.8.jar;E:\Maven\repository\commons-lang\commons-lang\2.6\commons-lang-2.6.jar;E:\Maven\repository\org\springframework\cloud\spring-cloud-starter-netflix-ribbon\2.0.2.RELEASE\spring-cloud-starter-netflix-ribbon-2.0.2.RELEASE.jar;E:\Maven\repository\com\netflix\ribbon\ribbon\2.2.5\ribbon-2.2.5.jar;E:\Maven\repository\com\netflix\ribbon\ribbon-transport\2.2.5\ribbon-transport-2.2.5.jar;E:\Maven\repository\io\reactivex\rxnetty-contexts\0.4.9\rxnetty-contexts-0.4.9.jar;E:\Maven\repository\io\reactivex\rxnetty-servo\0.4.9\rxnetty-servo-0.4.9.jar;E:\Maven\repository\com\netflix\hystrix\hystrix-core\1.5.12\hystrix-core-1.5.12.jar;E:\Maven\repository\org\hdrhistogram\HdrHistogram\2.1.9\HdrHistogram-2.1.9.jar;E:\Maven\repository\io\reactivex\rxnetty\0.4.9\rxnetty-0.4.9.jar;E:\Maven\repository\com\netflix\ribbon\ribbon-core\2.2.5\ribbon-core-2.2.5.jar;E:\Maven\repository\com\netflix\ribbon\ribbon-httpclient\2.2.5\ribbon-httpclient-2.2.5.jar;E:\Maven\repository\com\netflix\netflix-commons\netflix-commons-util\0.3.0\netflix-commons-util-0.3.0.jar;E:\Maven\repository\com\netflix\ribbon\ribbon-loadbalancer\2.2.5\ribbon-loadbalancer-2.2.5.jar;E:\Maven\repository\com\netflix\netflix-commons\netflix-statistics\0.1.1\netflix-statistics-0.1.1.jar;E:\Maven\repository\io\reactivex\rxjava\1.3.8\rxjava-1.3.8.jar;E:\Maven\repository\com\netflix\ribbon\ribbon-eureka\2.2.5\ribbon-eureka-2.2.5.jar;E:\Maven\repository\com\thoughtworks\xstream\xstream\1.4.10\xstream-1.4.10.jar;E:\Maven\repository\xmlpull\xmlpull\1.1.3.1\xmlpull-1.1.3.1.jar;E:\Maven\repository\xpp3\xpp3_min\1.1.4c\xpp3_min-1.1.4c.jar;E:\Maven\repository\org\springframework\boot\spring-boot-starter-web\2.0.7.RELEASE\spring-boot-starter-web-2.0.7.RELEASE.jar;E:\Maven\repository\org\springframework\boot\spring-boot-starter\2.0.7.RELEASE\spring-boot-starter-2.0.7.RELEASE.jar;E:\Maven\repository\org\springframework\boot\spring-boot\2.0.7.RELEASE\spring-boot-2.0.7.RELEASE.jar;E:\Maven\repository\org\springframework\boot\spring-boot-starter-logging\2.0.7.RELEASE\spring-boot-starter-logging-2.0.7.RELEASE.jar;E:\Maven\repository\org\apache\logging\log4j\log4j-to-slf4j\2.10.0\log4j-to-slf4j-2.10.0.jar;E:\Maven\repository\org\apache\logging\log4j\log4j-api\2.10.0\log4j-api-2.10.0.jar;E:\Maven\repository\org\slf4j\jul-to-slf4j\1.7.25\jul-to-slf4j-1.7.25.jar;E:\Maven\repository\javax\annotation\javax.annotation-api\1.3.2\javax.annotation-api-1.3.2.jar;E:\Maven\repository\org\yaml\snakeyaml\1.19\snakeyaml-1.19.jar;E:\Maven\repository\org\springframework\boot\spring-boot-starter-json\2.0.7.RELEASE\spring-boot-starter-json-2.0.7.RELEASE.jar;E:\Maven\repository\com\fasterxml\jackson\datatype\jackson-datatype-jdk8\2.9.7\jackson-datatype-jdk8-2.9.7.jar;E:\Maven\repository\com\fasterxml\jackson\datatype\jackson-datatype-jsr310\2.9.7\jackson-datatype-jsr310-2.9.7.jar;E:\Maven\repository\com\fasterxml\jackson\module\jackson-module-parameter-names\2.9.7\jackson-module-parameter-names-2.9.7.jar;E:\Maven\repository\org\springframework\boot\spring-boot-starter-tomcat\2.0.7.RELEASE\spring-boot-starter-tomcat-2.0.7.RELEASE.jar;E:\Maven\repository\org\apache\tomcat\embed\tomcat-embed-core\8.5.35\tomcat-embed-core-8.5.35.jar;E:\Maven\repository\org\apache\tomcat\embed\tomcat-embed-el\8.5.35\tomcat-embed-el-8.5.35.jar;E:\Maven\repository\org\apache\tomcat\embed\tomcat-embed-websocket\8.5.35\tomcat-embed-websocket-8.5.35.jar;E:\Maven\repository\org\hibernate\validator\hibernate-validator\6.0.13.Final\hibernate-validator-6.0.13.Final.jar;E:\Maven\repository\javax\validation\validation-api\2.0.1.Final\validation-api-2.0.1.Final.jar;E:\Maven\repository\org\jboss\logging\jboss-logging\3.3.2.Final\jboss-logging-3.3.2.Final.jar;E:\Maven\repository\com\fasterxml\classmate\1.3.4\classmate-1.3.4.jar;E:\Maven\repository\org\springframework\spring-web\5.0.11.RELEASE\spring-web-5.0.11.RELEASE.jar;E:\Maven\repository\org\springframework\spring-beans\5.0.11.RELEASE\spring-beans-5.0.11.RELEASE.jar;E:\Maven\repository\org\springframework\spring-webmvc\5.0.11.RELEASE\spring-webmvc-5.0.11.RELEASE.jar;E:\Maven\repository\org\springframework\spring-aop\5.0.11.RELEASE\spring-aop-5.0.11.RELEASE.jar;E:\Maven\repository\org\springframework\spring-expression\5.0.11.RELEASE\spring-expression-5.0.11.RELEASE.jar;E:\Maven\repository\org\springframework\boot\spring-boot-starter-test\2.0.7.RELEASE\spring-boot-starter-test-2.0.7.RELEASE.jar;E:\Maven\repository\org\springframework\boot\spring-boot-test\2.0.7.RELEASE\spring-boot-test-2.0.7.RELEASE.jar;E:\Maven\repository\org\springframework\boot\spring-boot-test-autoconfigure\2.0.7.RELEASE\spring-boot-test-autoconfigure-2.0.7.RELEASE.jar;E:\Maven\repository\com\jayway\jsonpath\json-path\2.4.0\json-path-2.4.0.jar;E:\Maven\repository\net\minidev\json-smart\2.3\json-smart-2.3.jar;E:\Maven\repository\net\minidev\accessors-smart\1.2\accessors-smart-1.2.jar;E:\Maven\repository\org\ow2\asm\asm\5.0.4\asm-5.0.4.jar;E:\Maven\repository\junit\junit\4.12\junit-4.12.jar;E:\Maven\repository\org\assertj\assertj-core\3.9.1\assertj-core-3.9.1.jar;E:\Maven\repository\org\mockito\mockito-core\2.15.0\mockito-core-2.15.0.jar;E:\Maven\repository\net\bytebuddy\byte-buddy\1.7.11\byte-buddy-1.7.11.jar;E:\Maven\repository\net\bytebuddy\byte-buddy-agent\1.7.11\byte-buddy-agent-1.7.11.jar;E:\Maven\repository\org\objenesis\objenesis\2.6\objenesis-2.6.jar;E:\Maven\repository\org\hamcrest\hamcrest-core\1.3\hamcrest-core-1.3.jar;E:\Maven\repository\org\hamcrest\hamcrest-library\1.3\hamcrest-library-1.3.jar;E:\Maven\repository\org\skyscreamer\jsonassert\1.5.0\jsonassert-1.5.0.jar;E:\Maven\repository\com\vaadin\external\google\android-json\0.0.20131108.vaadin1\android-json-0.0.20131108.vaadin1.jar;E:\Maven\repository\org\springframework\spring-core\5.0.11.RELEASE\spring-core-5.0.11.RELEASE.jar;E:\Maven\repository\org\springframework\spring-jcl\5.0.11.RELEASE\spring-jcl-5.0.11.RELEASE.jar;E:\Maven\repository\org\springframework\spring-test\5.0.11.RELEASE\spring-test-5.0.11.RELEASE.jar;E:\Maven\repository\org\xmlunit\xmlunit-core\2.5.1\xmlunit-core-2.5.1.jar;E:\Maven\repository\com\github\tobato\fastdfs-client\1.26.1-RELEASE\fastdfs-client-1.26.1-RELEASE.jar;E:\Maven\repository\org\slf4j\slf4j-api\1.7.25\slf4j-api-1.7.25.jar;E:\Maven\repository\org\slf4j\jcl-over-slf4j\1.7.25\jcl-over-slf4j-1.7.25.jar;E:\Maven\repository\ch\qos\logback\logback-classic\1.2.3\logback-classic-1.2.3.jar;E:\Maven\repository\ch\qos\logback\logback-core\1.2.3\logback-core-1.2.3.jar;E:\Maven\repository\org\apache\commons\commons-lang3\3.7\commons-lang3-3.7.jar;E:\Maven\repository\commons-beanutils\commons-beanutils\1.9.1\commons-beanutils-1.9.1.jar;E:\Maven\repository\commons-collections\commons-collections\3.2.1\commons-collections-3.2.1.jar;E:\Maven\repository\commons-io\commons-io\2.4\commons-io-2.4.jar;E:\Maven\repository\org\apache\commons\commons-pool2\2.5.0\commons-pool2-2.5.0.jar;E:\Maven\repository\org\springframework\boot\spring-boot-autoconfigure\2.0.7.RELEASE\spring-boot-autoconfigure-2.0.7.RELEASE.jar;E:\Maven\repository\org\mockito\mockito-all\1.9.5\mockito-all-1.9.5.jar;E:\Maven\repository\org\springframework\spring-context\5.0.11.RELEASE\spring-context-5.0.11.RELEASE.jar;E:\Maven\repository\net\coobird\thumbnailator\0.4.8\thumbnailator-0.4.8.jar;, java.specification.name=Java Platform API Specification, java.class.version=52.0, sun.management.compiler=HotSpot 64-Bit Tiered Compilers, os.version=6.3, user.home=C:\Users\Yuezhiwei, user.timezone=Asia/Shanghai, java.awt.printerjob=sun.awt.windows.WPrinterJob, file.encoding=GBK, java.specification.version=1.8, java.class.path=F:\nc_parent\nc-upload\target\test-classes;F:\nc_parent\nc-upload\target\classes;E:\Maven\repository\org\springframework\cloud\spring-cloud-starter-netflix-eureka-client\2.0.2.RELEASE\spring-cloud-starter-netflix-eureka-client-2.0.2.RELEASE.jar;E:\Maven\repository\org\springframework\cloud\spring-cloud-starter\2.0.2.RELEASE\spring-cloud-starter-2.0.2.RELEASE.jar;E:\Maven\repository\org\springframework\cloud\spring-cloud-context\2.0.2.RELEASE\spring-cloud-context-2.0.2.RELEASE.jar;E:\Maven\repository\org\springframework\security\spring-security-crypto\5.0.10.RELEASE\spring-security-crypto-5.0.10.RELEASE.jar;E:\Maven\repository\org\springframework\cloud\spring-cloud-commons\2.0.2.RELEASE\spring-cloud-commons-2.0.2.RELEASE.jar;E:\Maven\repository\org\springframework\security\spring-security-rsa\1.0.7.RELEASE\spring-security-rsa-1.0.7.RELEASE.jar;E:\Maven\repository\org\bouncycastle\bcpkix-jdk15on\1.60\bcpkix-jdk15on-1.60.jar;E:\Maven\repository\org\bouncycastle\bcprov-jdk15on\1.60\bcprov-jdk15on-1.60.jar;E:\Maven\repository\org\springframework\cloud\spring-cloud-netflix-core\2.0.2.RELEASE\spring-cloud-netflix-core-2.0.2.RELEASE.jar;E:\Maven\repository\org\springframework\boot\spring-boot-starter-aop\2.0.7.RELEASE\spring-boot-starter-aop-2.0.7.RELEASE.jar;E:\Maven\repository\org\aspectj\aspectjweaver\1.8.13\aspectjweaver-1.8.13.jar;E:\Maven\repository\org\springframework\cloud\spring-cloud-netflix-eureka-client\2.0.2.RELEASE\spring-cloud-netflix-eureka-client-2.0.2.RELEASE.jar;E:\Maven\repository\com\netflix\eureka\eureka-client\1.9.3\eureka-client-1.9.3.jar;E:\Maven\repository\org\codehaus\jettison\jettison\1.3.7\jettison-1.3.7.jar;E:\Maven\repository\stax\stax-api\1.0.1\stax-api-1.0.1.jar;E:\Maven\repository\com\netflix\netflix-commons\netflix-eventbus\0.3.0\netflix-eventbus-0.3.0.jar;E:\Maven\repository\com\netflix\netflix-commons\netflix-infix\0.3.0\netflix-infix-0.3.0.jar;E:\Maven\repository\commons-jxpath\commons-jxpath\1.3\commons-jxpath-1.3.jar;E:\Maven\repository\joda-time\joda-time\2.9.9\joda-time-2.9.9.jar;E:\Maven\repository\org\antlr\antlr-runtime\3.4\antlr-runtime-3.4.jar;E:\Maven\repository\org\antlr\stringtemplate\3.2.1\stringtemplate-3.2.1.jar;E:\Maven\repository\antlr\antlr\2.7.7\antlr-2.7.7.jar;E:\Maven\repository\com\google\code\gson\gson\2.8.5\gson-2.8.5.jar;E:\Maven\repository\org\apache\commons\commons-math\2.2\commons-math-2.2.jar;E:\Maven\repository\com\netflix\archaius\archaius-core\0.7.6\archaius-core-0.7.6.jar;E:\Maven\repository\com\google\guava\guava\16.0\guava-16.0.jar;E:\Maven\repository\javax\ws\rs\jsr311-api\1.1.1\jsr311-api-1.1.1.jar;E:\Maven\repository\com\netflix\servo\servo-core\0.12.21\servo-core-0.12.21.jar;E:\Maven\repository\com\sun\jersey\jersey-core\1.19.1\jersey-core-1.19.1.jar;E:\Maven\repository\com\sun\jersey\jersey-client\1.19.1\jersey-client-1.19.1.jar;E:\Maven\repository\com\sun\jersey\contribs\jersey-apache-client4\1.19.1\jersey-apache-client4-1.19.1.jar;E:\Maven\repository\org\apache\httpcomponents\httpclient\4.5.6\httpclient-4.5.6.jar;E:\Maven\repository\org\apache\httpcomponents\httpcore\4.4.10\httpcore-4.4.10.jar;E:\Maven\repository\commons-codec\commons-codec\1.11\commons-codec-1.11.jar;E:\Maven\repository\com\google\inject\guice\4.1.0\guice-4.1.0.jar;E:\Maven\repository\javax\inject\javax.inject\1\javax.inject-1.jar;E:\Maven\repository\aopalliance\aopalliance\1.0\aopalliance-1.0.jar;E:\Maven\repository\com\github\vlsi\compactmap\compactmap\1.2.1\compactmap-1.2.1.jar;E:\Maven\repository\com\github\andrewoma\dexx\dexx-collections\0.2\dexx-collections-0.2.jar;E:\Maven\repository\com\fasterxml\jackson\core\jackson-annotations\2.9.0\jackson-annotations-2.9.0.jar;E:\Maven\repository\com\fasterxml\jackson\core\jackson-core\2.9.7\jackson-core-2.9.7.jar;E:\Maven\repository\com\fasterxml\jackson\core\jackson-databind\2.9.7\jackson-databind-2.9.7.jar;E:\Maven\repository\com\netflix\eureka\eureka-core\1.9.3\eureka-core-1.9.3.jar;E:\Maven\repository\org\codehaus\woodstox\woodstox-core-asl\4.4.1\woodstox-core-asl-4.4.1.jar;E:\Maven\repository\javax\xml\stream\stax-api\1.0-2\stax-api-1.0-2.jar;E:\Maven\repository\org\codehaus\woodstox\stax2-api\3.1.4\stax2-api-3.1.4.jar;E:\Maven\repository\org\springframework\cloud\spring-cloud-starter-netflix-archaius\2.0.2.RELEASE\spring-cloud-starter-netflix-archaius-2.0.2.RELEASE.jar;E:\Maven\repository\org\springframework\cloud\spring-cloud-netflix-ribbon\2.0.2.RELEASE\spring-cloud-netflix-ribbon-2.0.2.RELEASE.jar;E:\Maven\repository\org\springframework\cloud\spring-cloud-netflix-archaius\2.0.2.RELEASE\spring-cloud-netflix-archaius-2.0.2.RELEASE.jar;E:\Maven\repository\commons-configuration\commons-configuration\1.8\commons-configuration-1.8.jar;E:\Maven\repository\commons-lang\commons-lang\2.6\commons-lang-2.6.jar;E:\Maven\repository\org\springframework\cloud\spring-cloud-starter-netflix-ribbon\2.0.2.RELEASE\spring-cloud-starter-netflix-ribbon-2.0.2.RELEASE.jar;E:\Maven\repository\com\netflix\ribbon\ribbon\2.2.5\ribbon-2.2.5.jar;E:\Maven\repository\com\netflix\ribbon\ribbon-transport\2.2.5\ribbon-transport-2.2.5.jar;E:\Maven\repository\io\reactivex\rxnetty-contexts\0.4.9\rxnetty-contexts-0.4.9.jar;E:\Maven\repository\io\reactivex\rxnetty-servo\0.4.9\rxnetty-servo-0.4.9.jar;E:\Maven\repository\com\netflix\hystrix\hystrix-core\1.5.12\hystrix-core-1.5.12.jar;E:\Maven\repository\org\hdrhistogram\HdrHistogram\2.1.9\HdrHistogram-2.1.9.jar;E:\Maven\repository\io\reactivex\rxnetty\0.4.9\rxnetty-0.4.9.jar;E:\Maven\repository\com\netflix\ribbon\ribbon-core\2.2.5\ribbon-core-2.2.5.jar;E:\Maven\repository\com\netflix\ribbon\ribbon-httpclient\2.2.5\ribbon-httpclient-2.2.5.jar;E:\Maven\repository\com\netflix\netflix-commons\netflix-commons-util\0.3.0\netflix-commons-util-0.3.0.jar;E:\Maven\repository\com\netflix\ribbon\ribbon-loadbalancer\2.2.5\ribbon-loadbalancer-2.2.5.jar;E:\Maven\repository\com\netflix\netflix-commons\netflix-statistics\0.1.1\netflix-statistics-0.1.1.jar;E:\Maven\repository\io\reactivex\rxjava\1.3.8\rxjava-1.3.8.jar;E:\Maven\repository\com\netflix\ribbon\ribbon-eureka\2.2.5\ribbon-eureka-2.2.5.jar;E:\Maven\repository\com\thoughtworks\xstream\xstream\1.4.10\xstream-1.4.10.jar;E:\Maven\repository\xmlpull\xmlpull\1.1.3.1\xmlpull-1.1.3.1.jar;E:\Maven\repository\xpp3\xpp3_min\1.1.4c\xpp3_min-1.1.4c.jar;E:\Maven\repository\org\springframework\boot\spring-boot-starter-web\2.0.7.RELEASE\spring-boot-starter-web-2.0.7.RELEASE.jar;E:\Maven\repository\org\springframework\boot\spring-boot-starter\2.0.7.RELEASE\spring-boot-starter-2.0.7.RELEASE.jar;E:\Maven\repository\org\springframework\boot\spring-boot\2.0.7.RELEASE\spring-boot-2.0.7.RELEASE.jar;E:\Maven\repository\org\springframework\boot\spring-boot-starter-logging\2.0.7.RELEASE\spring-boot-starter-logging-2.0.7.RELEASE.jar;E:\Maven\repository\org\apache\logging\log4j\log4j-to-slf4j\2.10.0\log4j-to-slf4j-2.10.0.jar;E:\Maven\repository\org\apache\logging\log4j\log4j-api\2.10.0\log4j-api-2.10.0.jar;E:\Maven\repository\org\slf4j\jul-to-slf4j\1.7.25\jul-to-slf4j-1.7.25.jar;E:\Maven\repository\javax\annotation\javax.annotation-api\1.3.2\javax.annotation-api-1.3.2.jar;E:\Maven\repository\org\yaml\snakeyaml\1.19\snakeyaml-1.19.jar;E:\Maven\repository\org\springframework\boot\spring-boot-starter-json\2.0.7.RELEASE\spring-boot-starter-json-2.0.7.RELEASE.jar;E:\Maven\repository\com\fasterxml\jackson\datatype\jackson-datatype-jdk8\2.9.7\jackson-datatype-jdk8-2.9.7.jar;E:\Maven\repository\com\fasterxml\jackson\datatype\jackson-datatype-jsr310\2.9.7\jackson-datatype-jsr310-2.9.7.jar;E:\Maven\repository\com\fasterxml\jackson\module\jackson-module-parameter-names\2.9.7\jackson-module-parameter-names-2.9.7.jar;E:\Maven\repository\org\springframework\boot\spring-boot-starter-tomcat\2.0.7.RELEASE\spring-boot-starter-tomcat-2.0.7.RELEASE.jar;E:\Maven\repository\org\apache\tomcat\embed\tomcat-embed-core\8.5.35\tomcat-embed-core-8.5.35.jar;E:\Maven\repository\org\apache\tomcat\embed\tomcat-embed-el\8.5.35\tomcat-embed-el-8.5.35.jar;E:\Maven\repository\org\apache\tomcat\embed\tomcat-embed-websocket\8.5.35\tomcat-embed-websocket-8.5.35.jar;E:\Maven\repository\org\hibernate\validator\hibernate-validator\6.0.13.Final\hibernate-validator-6.0.13.Final.jar;E:\Maven\repository\javax\validation\validation-api\2.0.1.Final\validation-api-2.0.1.Final.jar;E:\Maven\repository\org\jboss\logging\jboss-logging\3.3.2.Final\jboss-logging-3.3.2.Final.jar;E:\Maven\repository\com\fasterxml\classmate\1.3.4\classmate-1.3.4.jar;E:\Maven\repository\org\springframework\spring-web\5.0.11.RELEASE\spring-web-5.0.11.RELEASE.jar;E:\Maven\repository\org\springframework\spring-beans\5.0.11.RELEASE\spring-beans-5.0.11.RELEASE.jar;E:\Maven\repository\org\springframework\spring-webmvc\5.0.11.RELEASE\spring-webmvc-5.0.11.RELEASE.jar;E:\Maven\repository\org\springframework\spring-aop\5.0.11.RELEASE\spring-aop-5.0.11.RELEASE.jar;E:\Maven\repository\org\springframework\spring-expression\5.0.11.RELEASE\spring-expression-5.0.11.RELEASE.jar;E:\Maven\repository\org\springframework\boot\spring-boot-starter-test\2.0.7.RELEASE\spring-boot-starter-test-2.0.7.RELEASE.jar;E:\Maven\repository\org\springframework\boot\spring-boot-test\2.0.7.RELEASE\spring-boot-test-2.0.7.RELEASE.jar;E:\Maven\repository\org\springframework\boot\spring-boot-test-autoconfigure\2.0.7.RELEASE\spring-boot-test-autoconfigure-2.0.7.RELEASE.jar;E:\Maven\repository\com\jayway\jsonpath\json-path\2.4.0\json-path-2.4.0.jar;E:\Maven\repository\net\minidev\json-smart\2.3\json-smart-2.3.jar;E:\Maven\repository\net\minidev\accessors-smart\1.2\accessors-smart-1.2.jar;E:\Maven\repository\org\ow2\asm\asm\5.0.4\asm-5.0.4.jar;E:\Maven\repository\junit\junit\4.12\junit-4.12.jar;E:\Maven\repository\org\assertj\assertj-core\3.9.1\assertj-core-3.9.1.jar;E:\Maven\repository\org\mockito\mockito-core\2.15.0\mockito-core-2.15.0.jar;E:\Maven\repository\net\bytebuddy\byte-buddy\1.7.11\byte-buddy-1.7.11.jar;E:\Maven\repository\net\bytebuddy\byte-buddy-agent\1.7.11\byte-buddy-agent-1.7.11.jar;E:\Maven\repository\org\objenesis\objenesis\2.6\objenesis-2.6.jar;E:\Maven\repository\org\hamcrest\hamcrest-core\1.3\hamcrest-core-1.3.jar;E:\Maven\repository\org\hamcrest\hamcrest-library\1.3\hamcrest-library-1.3.jar;E:\Maven\repository\org\skyscreamer\jsonassert\1.5.0\jsonassert-1.5.0.jar;E:\Maven\repository\com\vaadin\external\google\android-json\0.0.20131108.vaadin1\android-json-0.0.20131108.vaadin1.jar;E:\Maven\repository\org\springframework\spring-core\5.0.11.RELEASE\spring-core-5.0.11.RELEASE.jar;E:\Maven\repository\org\springframework\spring-jcl\5.0.11.RELEASE\spring-jcl-5.0.11.RELEASE.jar;E:\Maven\repository\org\springframework\spring-test\5.0.11.RELEASE\spring-test-5.0.11.RELEASE.jar;E:\Maven\repository\org\xmlunit\xmlunit-core\2.5.1\xmlunit-core-2.5.1.jar;E:\Maven\repository\com\github\tobato\fastdfs-client\1.26.1-RELEASE\fastdfs-client-1.26.1-RELEASE.jar;E:\Maven\repository\org\slf4j\slf4j-api\1.7.25\slf4j-api-1.7.25.jar;E:\Maven\repository\org\slf4j\jcl-over-slf4j\1.7.25\jcl-over-slf4j-1.7.25.jar;E:\Maven\repository\ch\qos\logback\logback-classic\1.2.3\logback-classic-1.2.3.jar;E:\Maven\repository\ch\qos\logback\logback-core\1.2.3\logback-core-1.2.3.jar;E:\Maven\repository\org\apache\commons\commons-lang3\3.7\commons-lang3-3.7.jar;E:\Maven\repository\commons-beanutils\commons-beanutils\1.9.1\commons-beanutils-1.9.1.jar;E:\Maven\repository\commons-collections\commons-collections\3.2.1\commons-collections-3.2.1.jar;E:\Maven\repository\commons-io\commons-io\2.4\commons-io-2.4.jar;E:\Maven\repository\org\apache\commons\commons-pool2\2.5.0\commons-pool2-2.5.0.jar;E:\Maven\repository\org\springframework\boot\spring-boot-autoconfigure\2.0.7.RELEASE\spring-boot-autoconfigure-2.0.7.RELEASE.jar;E:\Maven\repository\org\mockito\mockito-all\1.9.5\mockito-all-1.9.5.jar;E:\Maven\repository\org\springframework\spring-context\5.0.11.RELEASE\spring-context-5.0.11.RELEASE.jar;E:\Maven\repository\net\coobird\thumbnailator\0.4.8\thumbnailator-0.4.8.jar;, user.name=Yuezhiwei, java.vm.specification.version=1.8, sun.java.command=C:\Users\YUEZHI~1\AppData\Local\Temp\surefire3984812184578704841\surefirebooter6127684706204049968.jar C:\Users\Yuezhiwei\AppData\Local\Temp\surefire3984812184578704841 2020-01-15T10-41-57_596-jvmRun1 surefire2739260548131652082tmp surefire_02516694945550526960tmp, java.home=D:\jdk\JDK8_64\jre, sun.arch.data.model=64, user.language=zh, java.specification.vendor=Oracle Corporation, idea.version2019.1.3=true, awt.toolkit=sun.awt.windows.WToolkit, java.vm.info=mixed mode, java.version=1.8.0_40, java.ext.dirs=D:\jdk\JDK8_64\jre\lib\ext;C:\WINDOWS\Sun\Java\lib\ext, sun.boot.class.path=D:\jdk\JDK8_64\jre\lib\resources.jar;D:\jdk\JDK8_64\jre\lib\rt.jar;D:\jdk\JDK8_64\jre\lib\sunrsasign.jar;D:\jdk\JDK8_64\jre\lib\jsse.jar;D:\jdk\JDK8_64\jre\lib\jce.jar;D:\jdk\JDK8_64\jre\lib\charsets.jar;D:\jdk\JDK8_64\jre\lib\jfr.jar;D:\jdk\JDK8_64\jre\classes, java.vendor=Oracle Corporation, localRepository=E:\Maven\repository, file.separator=\, java.vendor.url.bug=http://bugreport.sun.com/bugreport/, sun.io.unicode.encoding=UnicodeLittle, sun.cpu.endian=little, sun.desktop=windows, sun.cpu.isalist=amd64}}, SystemEnvironmentPropertySource@198499365 {name='systemEnvironment', properties={PATH=C:\WINDOWS\system32;C:\WINDOWS;C:\WINDOWS\System32\Wbem;C:\WINDOWS\System32\WindowsPowerShell\v1.0\;C:\Program Files (x86)\NVIDIA Corporation\PhysX\Common;D:\jdk\JDK8_64\bin;C:\Program Files\Intel\WiFi\bin\;C:\Program Files\Common Files\Intel\WirelessCommon\;C:\Program Files\MySQL\MySQL Utilities 1.6\;C:\WINDOWS\system32;C:\WINDOWS;C:\WINDOWS\System32\Wbem;C:\WINDOWS\System32\WindowsPowerShell\v1.0\;C:\WINDOWS\System32\OpenSSH\;C:\Program Files\Crucial\Crucial Storage Executive;D:\apache\apache-maven-3.6.1\bin;D:\nodejs\;C:\Program Files\MySQL\MySQL Shell 8.0\bin\;C:\Program Files\Intel\WiFi\bin\;C:\Program Files\Common Files\Intel\WirelessCommon\;C:\Users\Yuezhiwei\AppData\Local\Microsoft\WindowsApps;;D:\IntelliJ IDEA 2019.1.3\bin;;C:\Users\Yuezhiwei\AppData\Roaming\npm, USERDOMAIN_ROAMINGPROFILE=X711, LOCALAPPDATA=C:\Users\Yuezhiwei\AppData\Local, PROCESSOR_LEVEL=6, SYSTEMDRIVE=C:, COMMONPROGRAMFILES(X86)=C:\Program Files (x86)\Common Files, USERDOMAIN=X711, FPS_BROWSER_APP_PROFILE_STRING=Internet Explorer, LOGONSERVER=\\X711, JAVA_HOME=D:\jdk\JDK8_64, PROMPT=$P$G, SESSIONNAME=Console, ALLUSERSPROFILE=C:\ProgramData, PROGRAMFILES(X86)=C:\Program Files (x86), PROCESSOR_ARCHITECTURE=AMD64, DRIVERDATA=C:\Windows\System32\Drivers\DriverData, INTELLIJ IDEA=D:\IntelliJ IDEA 2019.1.3\bin;, MAVEN_HOME=D:\apache\apache-maven-3.6.1, PROGRAMFILES=C:\Program Files, APPDATA=C:\Users\Yuezhiwei\AppData\Roaming, PSMODULEPATH=C:\Program Files\WindowsPowerShell\Modules;C:\WINDOWS\system32\WindowsPowerShell\v1.0\Modules, PROGRAMW6432=C:\Program Files, PROGRAMDATA=C:\ProgramData, SYSTEMROOT=C:\WINDOWS, USERNAME=Yuezhiwei, FPS_BROWSER_USER_PROFILE_STRING=Default, ONEDRIVE=C:\Users\Yuezhiwei\OneDrive, PATHEXT=.COM;.EXE;.BAT;.CMD;.VBS;.VBE;.JS;.JSE;.WSF;.WSH;.MSC, OS=Windows_NT, COMMONPROGRAMW6432=C:\Program Files\Common Files, COMPUTERNAME=X711, COMMONPROGRAMFILES=C:\Program Files\Common Files, COMSPEC=C:\WINDOWS\system32\cmd.exe, PROCESSOR_REVISION=9e09, CLASSPATH=.;D:\jdk\JDK8_64\lib\dt.jar;D:\jdk\JDK8_64\lib\tools.jar;, WINDIR=C:\WINDOWS, =F:=F:\nc_parent\nc-upload, HOMEPATH=\Users\Yuezhiwei, TEMP=C:\Users\YUEZHI~1\AppData\Local\Temp, HOMEDRIVE=C:, PROCESSOR_IDENTIFIER=Intel64 Family 6 Model 158 Stepping 9, GenuineIntel, USERPROFILE=C:\Users\Yuezhiwei, TMP=C:\Users\YUEZHI~1\AppData\Local\Temp, PUBLIC=C:\Users\Public, NUMBER_OF_PROCESSORS=8, =::=::\}}]
10:42:01.559 [main] DEBUG org.springframework.test.context.support.TestPropertySourceUtils - Adding inlined properties to environment: {spring.jmx.enabled=false, org.springframework.boot.test.context.SpringBootTestContextBootstrapper=true, server.port=-1}
10:42:01.560 [main] DEBUG org.springframework.core.env.StandardEnvironment - Adding PropertySource 'Inlined Test Properties' with highest search precedence
2020-01-15 10:42:03.307  INFO 1240 --- [           main] s.c.a.AnnotationConfigApplicationContext : Refreshing org.springframework.context.annotation.AnnotationConfigApplicationContext@6f1c29b7: startup date [Wed Jan 15 10:42:03 CST 2020]; root of context hierarchy
2020-01-15 10:42:03.456  INFO 1240 --- [           main] f.a.AutowiredAnnotationBeanPostProcessor : JSR-330 'javax.inject.Inject' annotation found and supported for autowiring
2020-01-15 10:42:03.482  INFO 1240 --- [           main] trationDelegate$BeanPostProcessorChecker : Bean 'configurationPropertiesRebinderAutoConfiguration' of type [org.springframework.cloud.autoconfigure.ConfigurationPropertiesRebinderAutoConfiguration$$EnhancerBySpringCGLIB$$95266d12] is not eligible for getting processed by all BeanPostProcessors (for example: not eligible for auto-proxying)

  .   ____          _            __ _ _
 /\\ / ___'_ __ _ _(_)_ __  __ _ \ \ \ \
( ( )\___ | '_ | '_| | '_ \/ _` | \ \ \ \
 \\/  ___)| |_)| | | | | || (_| |  ) ) ) )
  '  |____| .__|_| |_|_| |_\__, | / / / /
 =========|_|==============|___/=/_/_/_/
 :: Spring Boot ::        (v2.0.7.RELEASE)

2020-01-15 10:42:05.056  INFO 1240 --- [           main] com.nc.upload.test.FastDFSTest           : No active profile set, falling back to default profiles: default
2020-01-15 10:42:05.060  INFO 1240 --- [           main] o.s.w.c.s.GenericWebApplicationContext   : Refreshing org.springframework.web.context.support.GenericWebApplicationContext@47404bea: startup date [Wed Jan 15 10:42:05 CST 2020]; parent: org.springframework.context.annotation.AnnotationConfigApplicationContext@6f1c29b7
2020-01-15 10:42:05.598  INFO 1240 --- [           main] o.s.cloud.context.scope.GenericScope     : BeanFactory id=935f114e-ddc5-343e-9c74-dd273034d680
2020-01-15 10:42:05.652  INFO 1240 --- [           main] f.a.AutowiredAnnotationBeanPostProcessor : JSR-330 'javax.inject.Inject' annotation found and supported for autowiring
2020-01-15 10:42:05.720  INFO 1240 --- [           main] trationDelegate$BeanPostProcessorChecker : Bean 'org.springframework.cloud.autoconfigure.ConfigurationPropertiesRebinderAutoConfiguration' of type [org.springframework.cloud.autoconfigure.ConfigurationPropertiesRebinderAutoConfiguration$$EnhancerBySpringCGLIB$$95266d12] is not eligible for getting processed by all BeanPostProcessors (for example: not eligible for auto-proxying)
2020-01-15 10:42:06.024  WARN 1240 --- [           main] c.n.c.sources.URLConfigurationSource     : No URLs will be polled as dynamic configuration sources.
2020-01-15 10:42:06.024  INFO 1240 --- [           main] c.n.c.sources.URLConfigurationSource     : To enable URLs as dynamic configuration sources, define System property archaius.configurationSource.additionalUrls or make config.properties available on classpath.
2020-01-15 10:42:06.029  WARN 1240 --- [           main] c.n.c.sources.URLConfigurationSource     : No URLs will be polled as dynamic configuration sources.
2020-01-15 10:42:06.030  INFO 1240 --- [           main] c.n.c.sources.URLConfigurationSource     : To enable URLs as dynamic configuration sources, define System property archaius.configurationSource.additionalUrls or make config.properties available on classpath.
2020-01-15 10:42:06.094  INFO 1240 --- [           main] o.s.w.s.handler.SimpleUrlHandlerMapping  : Mapped URL path [/**/favicon.ico] onto handler of type [class org.springframework.web.servlet.resource.ResourceHttpRequestHandler]
2020-01-15 10:42:06.307  INFO 1240 --- [           main] s.w.s.m.m.a.RequestMappingHandlerAdapter : Looking for @ControllerAdvice: org.springframework.web.context.support.GenericWebApplicationContext@47404bea: startup date [Wed Jan 15 10:42:05 CST 2020]; parent: org.springframework.context.annotation.AnnotationConfigApplicationContext@6f1c29b7
2020-01-15 10:42:06.366  INFO 1240 --- [           main] s.w.s.m.m.a.RequestMappingHandlerMapping : Mapped "{[/upload/image]}" onto public org.springframework.http.ResponseEntity<java.lang.String> com.nc.upload.controller.UploadController.uploadImage(org.springframework.web.multipart.MultipartFile)
2020-01-15 10:42:06.368  INFO 1240 --- [           main] s.w.s.m.m.a.RequestMappingHandlerMapping : Mapped "{[/error]}" onto public org.springframework.http.ResponseEntity<java.util.Map<java.lang.String, java.lang.Object>> org.springframework.boot.autoconfigure.web.servlet.error.BasicErrorController.error(javax.servlet.http.HttpServletRequest)
2020-01-15 10:42:06.368  INFO 1240 --- [           main] s.w.s.m.m.a.RequestMappingHandlerMapping : Mapped "{[/error],produces=[text/html]}" onto public org.springframework.web.servlet.ModelAndView org.springframework.boot.autoconfigure.web.servlet.error.BasicErrorController.errorHtml(javax.servlet.http.HttpServletRequest,javax.servlet.http.HttpServletResponse)
2020-01-15 10:42:06.389  INFO 1240 --- [           main] o.s.w.s.handler.SimpleUrlHandlerMapping  : Mapped URL path [/webjars/**] onto handler of type [class org.springframework.web.servlet.resource.ResourceHttpRequestHandler]
2020-01-15 10:42:06.390  INFO 1240 --- [           main] o.s.w.s.handler.SimpleUrlHandlerMapping  : Mapped URL path [/**] onto handler of type [class org.springframework.web.servlet.resource.ResourceHttpRequestHandler]
2020-01-15 10:42:08.128  INFO 1240 --- [           main] o.s.cloud.commons.util.InetUtils         : Cannot determine local hostname
2020-01-15 10:42:09.615  INFO 1240 --- [           main] o.s.cloud.commons.util.InetUtils         : Cannot determine local hostname
2020-01-15 10:42:09.713  INFO 1240 --- [           main] o.s.j.e.a.AnnotationMBeanExporter        : Registering beans for JMX exposure on startup
2020-01-15 10:42:09.714  INFO 1240 --- [           main] o.s.j.e.a.AnnotationMBeanExporter        : Bean with name 'fdfsConnectionPool' has been autodetected for JMX exposure
2020-01-15 10:42:09.718  INFO 1240 --- [           main] o.s.j.e.a.AnnotationMBeanExporter        : Bean with name 'refreshScope' has been autodetected for JMX exposure
2020-01-15 10:42:09.719  INFO 1240 --- [           main] o.s.j.e.a.AnnotationMBeanExporter        : Bean with name 'configurationPropertiesRebinder' has been autodetected for JMX exposure
2020-01-15 10:42:09.720  INFO 1240 --- [           main] o.s.j.e.a.AnnotationMBeanExporter        : Bean with name 'environmentManager' has been autodetected for JMX exposure
2020-01-15 10:42:09.722  INFO 1240 --- [           main] o.s.j.e.a.AnnotationMBeanExporter        : Located managed bean 'environmentManager': registering with JMX server as MBean [org.springframework.cloud.context.environment:name=environmentManager,type=EnvironmentManager]
2020-01-15 10:42:09.733  INFO 1240 --- [           main] o.s.j.e.a.AnnotationMBeanExporter        : Located MBean 'fdfsConnectionPool': registering with JMX server as MBean [com.github.tobato.fastdfs.conn:name=fdfsConnectionPool,type=FdfsConnectionPool]
2020-01-15 10:42:09.734  INFO 1240 --- [           main] o.s.j.e.a.AnnotationMBeanExporter        : Located managed bean 'refreshScope': registering with JMX server as MBean [org.springframework.cloud.context.scope.refresh:name=refreshScope,type=RefreshScope]
2020-01-15 10:42:09.742  INFO 1240 --- [           main] o.s.j.e.a.AnnotationMBeanExporter        : Located managed bean 'configurationPropertiesRebinder': registering with JMX server as MBean [org.springframework.cloud.context.properties:name=configurationPropertiesRebinder,type=ConfigurationPropertiesRebinder]
2020-01-15 10:42:09.747  INFO 1240 --- [           main] o.s.c.support.DefaultLifecycleProcessor  : Starting beans in phase 0
2020-01-15 10:42:09.761  INFO 1240 --- [           main] com.nc.upload.test.FastDFSTest           : Started FastDFSTest in 8.192 seconds (JVM running for 8.938)
]]></system-out>
  </testcase>
  <testcase name="testUpload" classname="com.nc.upload.test.FastDFSTest" time="0.013">
    <error message="Unable to borrow buffer from pool" type="java.lang.RuntimeException">java.lang.RuntimeException: Unable to borrow buffer from pool
	at com.nc.upload.test.FastDFSTest.testUpload(FastDFSTest.java:31)
Caused by: com.github.tobato.fastdfs.exception.FdfsUnavailableException: 无法获取服务端连接资源：找不到可用的tracker /192.168.211.138:22122,
	at com.nc.upload.test.FastDFSTest.testUpload(FastDFSTest.java:31)
</error>
    <system-out><![CDATA[2020-01-15 10:42:10.490 ERROR 1240 --- [           main] c.g.t.fastdfs.conn.ConnectionManager     : Unable to borrow buffer from pool

com.github.tobato.fastdfs.exception.FdfsUnavailableException: 无法获取服务端连接资源：找不到可用的tracker /192.168.211.138:22122,
	at com.github.tobato.fastdfs.domain.TrackerLocator.getTrackerAddress(TrackerLocator.java:103) ~[fastdfs-client-1.26.1-RELEASE.jar:1.26.1-RELEASE]
	at com.github.tobato.fastdfs.conn.TrackerConnectionManager.executeFdfsTrackerCmd(TrackerConnectionManager.java:61) ~[fastdfs-client-1.26.1-RELEASE.jar:1.26.1-RELEASE]
	at com.github.tobato.fastdfs.service.DefaultTrackerClient.getStoreStorage(DefaultTrackerClient.java:39) [fastdfs-client-1.26.1-RELEASE.jar:1.26.1-RELEASE]
	at com.github.tobato.fastdfs.service.DefaultFastFileStorageClient.uploadFile(DefaultFastFileStorageClient.java:53) [fastdfs-client-1.26.1-RELEASE.jar:1.26.1-RELEASE]
	at com.nc.upload.test.FastDFSTest.testUpload(FastDFSTest.java:31) [test-classes/:na]
	at sun.reflect.NativeMethodAccessorImpl.invoke0(Native Method) ~[na:1.8.0_40]
	at sun.reflect.NativeMethodAccessorImpl.invoke(NativeMethodAccessorImpl.java:62) ~[na:1.8.0_40]
	at sun.reflect.DelegatingMethodAccessorImpl.invoke(DelegatingMethodAccessorImpl.java:43) ~[na:1.8.0_40]
	at java.lang.reflect.Method.invoke(Method.java:497) ~[na:1.8.0_40]
	at org.junit.runners.model.FrameworkMethod$1.runReflectiveCall(FrameworkMethod.java:50) [junit-4.12.jar:4.12]
	at org.junit.internal.runners.model.ReflectiveCallable.run(ReflectiveCallable.java:12) [junit-4.12.jar:4.12]
	at org.junit.runners.model.FrameworkMethod.invokeExplosively(FrameworkMethod.java:47) [junit-4.12.jar:4.12]
	at org.junit.internal.runners.statements.InvokeMethod.evaluate(InvokeMethod.java:17) [junit-4.12.jar:4.12]
	at org.springframework.test.context.junit4.statements.RunBeforeTestExecutionCallbacks.evaluate(RunBeforeTestExecutionCallbacks.java:73) [spring-test-5.0.11.RELEASE.jar:5.0.11.RELEASE]
	at org.springframework.test.context.junit4.statements.RunAfterTestExecutionCallbacks.evaluate(RunAfterTestExecutionCallbacks.java:83) [spring-test-5.0.11.RELEASE.jar:5.0.11.RELEASE]
	at org.springframework.test.context.junit4.statements.RunBeforeTestMethodCallbacks.evaluate(RunBeforeTestMethodCallbacks.java:75) [spring-test-5.0.11.RELEASE.jar:5.0.11.RELEASE]
	at org.springframework.test.context.junit4.statements.RunAfterTestMethodCallbacks.evaluate(RunAfterTestMethodCallbacks.java:86) [spring-test-5.0.11.RELEASE.jar:5.0.11.RELEASE]
	at org.springframework.test.context.junit4.statements.SpringRepeat.evaluate(SpringRepeat.java:84) [spring-test-5.0.11.RELEASE.jar:5.0.11.RELEASE]
	at org.junit.runners.ParentRunner.runLeaf(ParentRunner.java:325) [junit-4.12.jar:4.12]
	at org.springframework.test.context.junit4.SpringJUnit4ClassRunner.runChild(SpringJUnit4ClassRunner.java:251) [spring-test-5.0.11.RELEASE.jar:5.0.11.RELEASE]
	at org.springframework.test.context.junit4.SpringJUnit4ClassRunner.runChild(SpringJUnit4ClassRunner.java:97) [spring-test-5.0.11.RELEASE.jar:5.0.11.RELEASE]
	at org.junit.runners.ParentRunner$3.run(ParentRunner.java:290) [junit-4.12.jar:4.12]
	at org.junit.runners.ParentRunner$1.schedule(ParentRunner.java:71) [junit-4.12.jar:4.12]
	at org.junit.runners.ParentRunner.runChildren(ParentRunner.java:288) [junit-4.12.jar:4.12]
	at org.junit.runners.ParentRunner.access$000(ParentRunner.java:58) [junit-4.12.jar:4.12]
	at org.junit.runners.ParentRunner$2.evaluate(ParentRunner.java:268) [junit-4.12.jar:4.12]
	at org.springframework.test.context.junit4.statements.RunBeforeTestClassCallbacks.evaluate(RunBeforeTestClassCallbacks.java:61) [spring-test-5.0.11.RELEASE.jar:5.0.11.RELEASE]
	at org.springframework.test.context.junit4.statements.RunAfterTestClassCallbacks.evaluate(RunAfterTestClassCallbacks.java:70) [spring-test-5.0.11.RELEASE.jar:5.0.11.RELEASE]
	at org.junit.runners.ParentRunner.run(ParentRunner.java:363) [junit-4.12.jar:4.12]
	at org.springframework.test.context.junit4.SpringJUnit4ClassRunner.run(SpringJUnit4ClassRunner.java:190) [spring-test-5.0.11.RELEASE.jar:5.0.11.RELEASE]
	at org.apache.maven.surefire.junit4.JUnit4Provider.execute(JUnit4Provider.java:365) [surefire-junit4-2.21.0.jar:2.21.0]
	at org.apache.maven.surefire.junit4.JUnit4Provider.executeWithRerun(JUnit4Provider.java:273) [surefire-junit4-2.21.0.jar:2.21.0]
	at org.apache.maven.surefire.junit4.JUnit4Provider.executeTestSet(JUnit4Provider.java:238) [surefire-junit4-2.21.0.jar:2.21.0]
	at org.apache.maven.surefire.junit4.JUnit4Provider.invoke(JUnit4Provider.java:159) [surefire-junit4-2.21.0.jar:2.21.0]
	at org.apache.maven.surefire.booter.ForkedBooter.invokeProviderInSameClassLoader(ForkedBooter.java:379) [surefire-booter-2.21.0.jar:2.21.0]
	at org.apache.maven.surefire.booter.ForkedBooter.runSuitesInProcess(ForkedBooter.java:340) [surefire-booter-2.21.0.jar:2.21.0]
	at org.apache.maven.surefire.booter.ForkedBooter.execute(ForkedBooter.java:125) [surefire-booter-2.21.0.jar:2.21.0]
	at org.apache.maven.surefire.booter.ForkedBooter.main(ForkedBooter.java:413) [surefire-booter-2.21.0.jar:2.21.0]

]]></system-out>
  </testcase>
</testsuite>